2026-05-08 23:31:57.143 [main] INFO  org.perswsj.TliasWebMangementApplication-Starting TliasWebMangementApplication using Java 21.0.7 with PID 40592 (D:\coding\JavaWeb\back_end\web-ai-project02\tlias-web-mangement\target\classes started by 32188 in D:\coding\JavaWeb\back_end\web-ai-project02)
2026-05-08 23:31:57.148 [main] INFO  org.perswsj.TliasWebMangementApplication-No active profile set, falling back to 1 default profile: "default"
2026-05-08 23:31:58.520 [main] INFO  org.springframework.boot.tomcat.TomcatWebServer-Tomcat initialized with port 8080 (http)
2026-05-08 23:31:58.533 [main] INFO  org.apache.coyote.http11.Http11NioProtocol-Initializing ProtocolHandler ["http-nio-8080"]
2026-05-08 23:31:58.536 [main] INFO  org.apache.catalina.core.StandardService-Starting service [Tomcat]
2026-05-08 23:31:58.537 [main] INFO  org.apache.catalina.core.StandardEngine-Starting Servlet engine: [Apache Tomcat/11.0.18]
2026-05-08 23:31:58.617 [main] INFO  o.s.b.w.c.servlet.WebApplicationContextInitializer-Root WebApplicationContext: initialization completed in 1417 ms
2026-05-08 23:31:59.411 [main] INFO  org.apache.coyote.http11.Http11NioProtocol-Starting ProtocolHandler ["http-nio-8080"]
2026-05-08 23:31:59.431 [main] INFO  org.springframework.boot.tomcat.TomcatWebServer-Tomcat started on port 8080 (http) with context path '/'
2026-05-08 23:31:59.436 [main] INFO  org.perswsj.TliasWebMangementApplication-Started TliasWebMangementApplication in 2.765 seconds (process running for 3.522)
2026-05-08 23:32:01.095 [SpringApplicationShutdownHook] INFO  org.springframework.boot.tomcat.GracefulShutdown-Commencing graceful shutdown. Waiting for active requests to complete
2026-05-08 23:32:01.102 [tomcat-shutdown] INFO  org.springframework.boot.tomcat.GracefulShutdown-Graceful shutdown complete
2026-05-08 23:34:46.029 [main] INFO  org.perswsj.TliasWebMangementApplication-Starting TliasWebMangementApplication using Java 21.0.7 with PID 47064 (D:\coding\JavaWeb\back_end\web-ai-project02\tlias-web-mangement\target\classes started by 32188 in D:\coding\JavaWeb\back_end\web-ai-project02)
2026-05-08 23:34:46.032 [main] INFO  org.perswsj.TliasWebMangementApplication-No active profile set, falling back to 1 default profile: "default"
2026-05-08 23:34:47.247 [main] INFO  org.springframework.boot.tomcat.TomcatWebServer-Tomcat initialized with port 8080 (http)
2026-05-08 23:34:47.262 [main] INFO  org.apache.coyote.http11.Http11NioProtocol-Initializing ProtocolHandler ["http-nio-8080"]
2026-05-08 23:34:47.264 [main] INFO  org.apache.catalina.core.StandardService-Starting service [Tomcat]
2026-05-08 23:34:47.264 [main] INFO  org.apache.catalina.core.StandardEngine-Starting Servlet engine: [Apache Tomcat/11.0.18]
2026-05-08 23:34:47.339 [main] INFO  o.s.b.w.c.servlet.WebApplicationContextInitializer-Root WebApplicationContext: initialization completed in 1262 ms
2026-05-08 23:34:48.099 [main] INFO  org.apache.coyote.http11.Http11NioProtocol-Starting ProtocolHandler ["http-nio-8080"]
2026-05-08 23:34:48.117 [main] INFO  org.springframework.boot.tomcat.TomcatWebServer-Tomcat started on port 8080 (http) with context path '/'
2026-05-08 23:34:48.122 [main] INFO  org.perswsj.TliasWebMangementApplication-Started TliasWebMangementApplication in 2.498 seconds (process running for 3.146)
2026-05-08 23:35:05.757 [SpringApplicationShutdownHook] INFO  org.springframework.boot.tomcat.GracefulShutdown-Commencing graceful shutdown. Waiting for active requests to complete
2026-05-08 23:35:05.763 [tomcat-shutdown] INFO  org.springframework.boot.tomcat.GracefulShutdown-Graceful shutdown complete
2026-05-08 23:35:24.821 [main] INFO  org.perswsj.TliasWebMangementApplication-Starting TliasWebMangementApplication using Java 21.0.7 with PID 40356 (D:\coding\JavaWeb\back_end\web-ai-project02\tlias-web-mangement\target\classes started by 32188 in D:\coding\JavaWeb\back_end\web-ai-project02)
2026-05-08 23:35:24.823 [main] INFO  org.perswsj.TliasWebMangementApplication-No active profile set, falling back to 1 default profile: "default"
2026-05-08 23:35:26.045 [main] INFO  org.springframework.boot.tomcat.TomcatWebServer-Tomcat initialized with port 8080 (http)
2026-05-08 23:35:26.058 [main] INFO  org.apache.coyote.http11.Http11NioProtocol-Initializing ProtocolHandler ["http-nio-8080"]
2026-05-08 23:35:26.061 [main] INFO  org.apache.catalina.core.StandardService-Starting service [Tomcat]
2026-05-08 23:35:26.062 [main] INFO  org.apache.catalina.core.StandardEngine-Starting Servlet engine: [Apache Tomcat/11.0.18]
2026-05-08 23:35:26.141 [main] INFO  o.s.b.w.c.servlet.WebApplicationContextInitializer-Root WebApplicationContext: initialization completed in 1272 ms
2026-05-08 23:35:26.923 [main] INFO  org.apache.coyote.http11.Http11NioProtocol-Starting ProtocolHandler ["http-nio-8080"]
2026-05-08 23:35:26.943 [main] INFO  org.springframework.boot.tomcat.TomcatWebServer-Tomcat started on port 8080 (http) with context path '/'
2026-05-08 23:35:26.947 [main] INFO  org.perswsj.TliasWebMangementApplication-Started TliasWebMangementApplication in 2.542 seconds (process running for 3.212)
2026-05-08 23:35:33.385 [SpringApplicationShutdownHook] INFO  org.springframework.boot.tomcat.GracefulShutdown-Commencing graceful shutdown. Waiting for active requests to complete
2026-05-08 23:35:33.392 [tomcat-shutdown] INFO  org.springframework.boot.tomcat.GracefulShutdown-Graceful shutdown complete
