2026-04-24 00:02:27.442 [http-nio-8080-exec-5] INFO  org.perswsj.controller.ClazzController-查询所有班级数据
2026-04-24 00:02:27.459 [http-nio-8080-exec-5] INFO  org.perswsj.service.impl.ClazzServiceImpl-查询所有班级数据，查询结果：[ClazzDto(id=1, name=JavaEE就业163期, room=212, beginDate=2024-04-30, endDate=2024-06-29, masterId=10, subject=1, createTime=2024-06-01T17:08:23, updateTime=2024-06-01T17:39:58), ClazzDto(id=2, name=前端就业90期, room=210, beginDate=2024-07-10, endDate=2024-01-20, masterId=3, subject=2, createTime=2024-06-01T17:45:12, updateTime=2024-06-01T17:45:12), ClazzDto(id=3, name=JavaEE就业165期, room=108, beginDate=2024-06-15, endDate=2024-12-25, masterId=6, subject=1, createTime=2024-06-01T17:45:40, updateTime=2024-06-01T17:45:40), ClazzDto(id=4, name=JavaEE就业166期, room=101, beginDate=2023-06-01, endDate=2024-01-25, masterId=7, subject=1, createTime=2024-06-01T17:46:10, updateTime=2026-04-22T17:06), ClazzDto(id=6, name=JavaEE就业167期, room=325, beginDate=2026-03-20, endDate=2026-08-10, masterId=36, subject=1, createTime=2025-11-15T11:35:46, updateTime=2025-11-15T14:31:24), ClazzDto(id=9, name=JavaAI就业1期, room=200, beginDate=2026-05-01, endDate=2026-08-01, masterId=6, subject=1, createTime=2026-04-21T23:02:48, updateTime=2026-04-21T23:02:48), ClazzDto(id=10, name=python就业1期, room=109, beginDate=2026-04-21, endDate=2026-06-21, masterId=10, subject=4, createTime=2026-04-21T23:04:56, updateTime=2026-04-21T23:04:56)]
2026-04-24 00:04:18.339 [SpringApplicationShutdownHook] INFO  org.springframework.boot.tomcat.GracefulShutdown-Commencing graceful shutdown. Waiting for active requests to complete
2026-04-24 00:04:18.343 [tomcat-shutdown] INFO  org.springframework.boot.tomcat.GracefulShutdown-Graceful shutdown complete
2026-04-24 00:04:18.345 [SpringApplicationShutdownHook] INFO  com.zaxxer.hikari.HikariDataSource-HikariPool-1 - Shutdown initiated...
2026-04-24 00:04:18.350 [SpringApplicationShutdownHook] INFO  com.zaxxer.hikari.HikariDataSource-HikariPool-1 - Shutdown completed.
2026-04-24 00:43:31.971 [main] INFO  org.perswsj.TliasWebMangementApplication-Starting TliasWebMangementApplication using Java 21.0.7 with PID 26264 (D:\coding\JavaWeb\back_end\web-ai-project02\tlias-web-mangement\target\classes started by 32188 in D:\coding\JavaWeb\back_end\web-ai-project02)
2026-04-24 00:43:31.973 [main] INFO  org.perswsj.TliasWebMangementApplication-No active profile set, falling back to 1 default profile: "default"
2026-04-24 00:43:32.886 [main] INFO  org.springframework.boot.tomcat.TomcatWebServer-Tomcat initialized with port 8080 (http)
2026-04-24 00:43:32.900 [main] INFO  org.apache.coyote.http11.Http11NioProtocol-Initializing ProtocolHandler ["http-nio-8080"]
2026-04-24 00:43:32.902 [main] INFO  org.apache.catalina.core.StandardService-Starting service [Tomcat]
2026-04-24 00:43:32.903 [main] INFO  org.apache.catalina.core.StandardEngine-Starting Servlet engine: [Apache Tomcat/11.0.18]
2026-04-24 00:43:32.973 [main] INFO  o.s.b.w.c.servlet.WebApplicationContextInitializer-Root WebApplicationContext: initialization completed in 961 ms
2026-04-24 00:43:33.551 [main] INFO  org.apache.coyote.http11.Http11NioProtocol-Starting ProtocolHandler ["http-nio-8080"]
2026-04-24 00:43:33.569 [main] INFO  org.springframework.boot.tomcat.TomcatWebServer-Tomcat started on port 8080 (http) with context path '/'
2026-04-24 00:43:33.573 [main] INFO  org.perswsj.TliasWebMangementApplication-Started TliasWebMangementApplication in 1.992 seconds (process running for 2.685)
2026-04-24 00:43:46.108 [http-nio-8080-exec-1] INFO  o.a.c.core.ContainerBase.[Tomcat].[localhost].[/]-Initializing Spring DispatcherServlet 'dispatcherServlet'
2026-04-24 00:43:46.109 [http-nio-8080-exec-1] INFO  org.springframework.web.servlet.DispatcherServlet-Initializing Servlet 'dispatcherServlet'
2026-04-24 00:43:46.110 [http-nio-8080-exec-1] INFO  org.springframework.web.servlet.DispatcherServlet-Completed initialization in 1 ms
2026-04-24 00:43:46.180 [http-nio-8080-exec-1] INFO  org.perswsj.controller.StudentController-查询学生分页数据，查询参数：StudentQueryParam(name=张三, degree=1, clazzId=3, page=1, pageSize=10)
2026-04-24 00:43:46.340 [http-nio-8080-exec-1] INFO  com.zaxxer.hikari.HikariDataSource-HikariPool-1 - Starting...
2026-04-24 00:43:46.949 [http-nio-8080-exec-1] INFO  com.zaxxer.hikari.pool.HikariPool-HikariPool-1 - Added connection com.mysql.cj.jdbc.ConnectionImpl@3a61f3c6
2026-04-24 00:43:46.952 [http-nio-8080-exec-1] INFO  com.zaxxer.hikari.HikariDataSource-HikariPool-1 - Start completed.
2026-04-24 00:45:12.549 [http-nio-8080-exec-5] INFO  org.perswsj.controller.StudentController-查询学生分页数据，查询参数：StudentQueryParam(name=段誉, degree=1, clazzId=2, page=1, pageSize=10)
2026-04-24 00:45:24.906 [http-nio-8080-exec-7] ERROR org.perswsj.exception.GlobalExceptionHeader-程序出错
org.springframework.web.bind.MethodArgumentNotValidException: Validation failed for argument [0] in public org.perswsj.model.Result org.perswsj.controller.StudentController.getStudentPage(org.perswsj.model.StudentQueryParam): [Field error in object 'studentQueryParam' on field 'degree': rejected value []; codes [typeMismatch.studentQueryParam.degree,typeMismatch.degree,typeMismatch.int,typeMismatch]; arguments [org.springframework.context.support.DefaultMessageSourceResolvable: codes [studentQueryParam.degree,degree]; arguments []; default message [degree]]; default message [Failed to convert property value of type 'java.lang.String' to required type 'int' for property 'degree'; For input string: ""]] 
	at org.springframework.web.method.annotation.ModelAttributeMethodProcessor.resolveArgument(ModelAttributeMethodProcessor.java:157)
	at org.springframework.web.method.support.HandlerMethodArgumentResolverComposite.resolveArgument(HandlerMethodArgumentResolverComposite.java:122)
	at org.springframework.web.method.support.InvocableHandlerMethod.getMethodArgumentValues(InvocableHandlerMethod.java:224)
	at org.springframework.web.method.support.InvocableHandlerMethod.invokeForRequest(InvocableHandlerMethod.java:174)
	at org.springframework.web.servlet.mvc.method.annotation.ServletInvocableHandlerMethod.invokeAndHandle(ServletInvocableHandlerMethod.java:117)
	at org.springframework.web.servlet.mvc.method.annotation.RequestMappingHandlerAdapter.invokeHandlerMethod(RequestMappingHandlerAdapter.java:934)
	at org.springframework.web.servlet.mvc.method.annotation.RequestMappingHandlerAdapter.handleInternal(RequestMappingHandlerAdapter.java:853)
	at org.springframework.web.servlet.mvc.method.AbstractHandlerMethodAdapter.handle(AbstractHandlerMethodAdapter.java:86)
	at org.springframework.web.servlet.DispatcherServlet.doDispatch(DispatcherServlet.java:963)
	at org.springframework.web.servlet.DispatcherServlet.doService(DispatcherServlet.java:866)
	at org.springframework.web.servlet.FrameworkServlet.processRequest(FrameworkServlet.java:1000)
	at org.springframework.web.servlet.FrameworkServlet.doGet(FrameworkServlet.java:892)
	at jakarta.servlet.http.HttpServlet.service(HttpServlet.java:622)
	at org.springframework.web.servlet.FrameworkServlet.service(FrameworkServlet.java:874)
	at jakarta.servlet.http.HttpServlet.service(HttpServlet.java:710)
	at org.apache.catalina.core.ApplicationFilterChain.doFilter(ApplicationFilterChain.java:128)
	at org.apache.tomcat.websocket.server.WsFilter.doFilter(WsFilter.java:53)
	at org.apache.catalina.core.ApplicationFilterChain.doFilter(ApplicationFilterChain.java:107)
	at org.springframework.web.filter.RequestContextFilter.doFilterInternal(RequestContextFilter.java:100)
	at org.springframework.web.filter.OncePerRequestFilter.doFilter(OncePerRequestFilter.java:116)
	at org.apache.catalina.core.ApplicationFilterChain.doFilter(ApplicationFilterChain.java:107)
	at org.springframework.web.filter.FormContentFilter.doFilterInternal(FormContentFilter.java:93)
	at org.springframework.web.filter.OncePerRequestFilter.doFilter(OncePerRequestFilter.java:116)
	at org.apache.catalina.core.ApplicationFilterChain.doFilter(ApplicationFilterChain.java:107)
	at org.springframework.web.filter.CharacterEncodingFilter.doFilterInternal(CharacterEncodingFilter.java:199)
	at org.springframework.web.filter.OncePerRequestFilter.doFilter(OncePerRequestFilter.java:116)
	at org.apache.catalina.core.ApplicationFilterChain.doFilter(ApplicationFilterChain.java:107)
	at org.apache.catalina.core.StandardWrapperValve.invoke(StandardWrapperValve.java:165)
	at org.apache.catalina.core.StandardContextValve.invoke(StandardContextValve.java:77)
	at org.apache.catalina.authenticator.AuthenticatorBase.invoke(AuthenticatorBase.java:492)
	at org.apache.catalina.core.StandardHostValve.invoke(StandardHostValve.java:113)
	at org.apache.catalina.valves.ErrorReportValve.invoke(ErrorReportValve.java:83)
	at org.apache.catalina.core.StandardEngineValve.invoke(StandardEngineValve.java:72)
	at org.apache.catalina.connector.CoyoteAdapter.service(CoyoteAdapter.java:341)
	at org.apache.coyote.http11.Http11Processor.service(Http11Processor.java:397)
	at org.apache.coyote.AbstractProcessorLight.process(AbstractProcessorLight.java:63)
	at org.apache.coyote.AbstractProtocol$ConnectionHandler.process(AbstractProtocol.java:903)
	at org.apache.tomcat.util.net.NioEndpoint$SocketProcessor.doRun(NioEndpoint.java:1779)
	at org.apache.tomcat.util.net.SocketProcessorBase.run(SocketProcessorBase.java:52)
	at org.apache.tomcat.util.threads.ThreadPoolExecutor.runWorker(ThreadPoolExecutor.java:946)
	at org.apache.tomcat.util.threads.ThreadPoolExecutor$Worker.run(ThreadPoolExecutor.java:480)
	at org.apache.tomcat.util.threads.TaskThread$WrappingRunnable.run(TaskThread.java:57)
	at java.base/java.lang.Thread.run(Thread.java:1583)
2026-04-24 00:47:56.041 [SpringApplicationShutdownHook] INFO  org.springframework.boot.tomcat.GracefulShutdown-Commencing graceful shutdown. Waiting for active requests to complete
2026-04-24 00:47:56.045 [tomcat-shutdown] INFO  org.springframework.boot.tomcat.GracefulShutdown-Graceful shutdown complete
2026-04-24 00:47:56.048 [SpringApplicationShutdownHook] INFO  com.zaxxer.hikari.HikariDataSource-HikariPool-1 - Shutdown initiated...
2026-04-24 00:47:56.053 [SpringApplicationShutdownHook] INFO  com.zaxxer.hikari.HikariDataSource-HikariPool-1 - Shutdown completed.
2026-04-24 00:47:59.624 [main] INFO  org.perswsj.TliasWebMangementApplication-Starting TliasWebMangementApplication using Java 21.0.7 with PID 34144 (D:\coding\JavaWeb\back_end\web-ai-project02\tlias-web-mangement\target\classes started by 32188 in D:\coding\JavaWeb\back_end\web-ai-project02)
2026-04-24 00:47:59.626 [main] INFO  org.perswsj.TliasWebMangementApplication-No active profile set, falling back to 1 default profile: "default"
2026-04-24 00:48:00.412 [main] INFO  org.springframework.boot.tomcat.TomcatWebServer-Tomcat initialized with port 8080 (http)
2026-04-24 00:48:00.426 [main] INFO  org.apache.coyote.http11.Http11NioProtocol-Initializing ProtocolHandler ["http-nio-8080"]
2026-04-24 00:48:00.428 [main] INFO  org.apache.catalina.core.StandardService-Starting service [Tomcat]
2026-04-24 00:48:00.428 [main] INFO  org.apache.catalina.core.StandardEngine-Starting Servlet engine: [Apache Tomcat/11.0.18]
2026-04-24 00:48:00.489 [main] INFO  o.s.b.w.c.servlet.WebApplicationContextInitializer-Root WebApplicationContext: initialization completed in 825 ms
2026-04-24 00:48:01.023 [main] INFO  org.apache.coyote.http11.Http11NioProtocol-Starting ProtocolHandler ["http-nio-8080"]
2026-04-24 00:48:01.042 [main] INFO  org.springframework.boot.tomcat.TomcatWebServer-Tomcat started on port 8080 (http) with context path '/'
2026-04-24 00:48:01.048 [main] INFO  org.perswsj.TliasWebMangementApplication-Started TliasWebMangementApplication in 1.781 seconds (process running for 2.395)
2026-04-24 00:48:05.327 [http-nio-8080-exec-1] INFO  o.a.c.core.ContainerBase.[Tomcat].[localhost].[/]-Initializing Spring DispatcherServlet 'dispatcherServlet'
2026-04-24 00:48:05.327 [http-nio-8080-exec-1] INFO  org.springframework.web.servlet.DispatcherServlet-Initializing Servlet 'dispatcherServlet'
2026-04-24 00:48:05.328 [http-nio-8080-exec-1] INFO  org.springframework.web.servlet.DispatcherServlet-Completed initialization in 1 ms
2026-04-24 00:48:05.388 [http-nio-8080-exec-1] INFO  org.perswsj.controller.StudentController-查询学生分页数据，查询参数：StudentQueryParam(name=, degree=null, clazzId=, page=1, pageSize=10)
2026-04-24 00:48:05.529 [http-nio-8080-exec-1] INFO  com.zaxxer.hikari.HikariDataSource-HikariPool-1 - Starting...
2026-04-24 00:48:06.008 [http-nio-8080-exec-1] INFO  com.zaxxer.hikari.pool.HikariPool-HikariPool-1 - Added connection com.mysql.cj.jdbc.ConnectionImpl@67529867
2026-04-24 00:48:06.011 [http-nio-8080-exec-1] INFO  com.zaxxer.hikari.HikariDataSource-HikariPool-1 - Start completed.
2026-04-24 00:48:16.748 [http-nio-8080-exec-3] INFO  org.perswsj.controller.StudentController-查询学生分页数据，查询参数：StudentQueryParam(name=, degree=null, clazzId=, page=1, pageSize=10)
2026-04-24 00:48:16.749 [http-nio-8080-exec-4] INFO  org.perswsj.controller.ClazzController-查询所有班级数据
2026-04-24 00:48:16.761 [http-nio-8080-exec-4] INFO  org.perswsj.service.impl.ClazzServiceImpl-查询所有班级数据，查询结果：[ClazzDto(id=1, name=JavaEE就业163期, room=212, beginDate=2024-04-30, endDate=2024-06-29, masterId=10, subject=1, createTime=2024-06-01T17:08:23, updateTime=2024-06-01T17:39:58), ClazzDto(id=2, name=前端就业90期, room=210, beginDate=2024-07-10, endDate=2024-01-20, masterId=3, subject=2, createTime=2024-06-01T17:45:12, updateTime=2024-06-01T17:45:12), ClazzDto(id=3, name=JavaEE就业165期, room=108, beginDate=2024-06-15, endDate=2024-12-25, masterId=6, subject=1, createTime=2024-06-01T17:45:40, updateTime=2024-06-01T17:45:40), ClazzDto(id=4, name=JavaEE就业166期, room=101, beginDate=2023-06-01, endDate=2024-01-25, masterId=7, subject=1, createTime=2024-06-01T17:46:10, updateTime=2026-04-22T17:06), ClazzDto(id=6, name=JavaEE就业167期, room=325, beginDate=2026-03-20, endDate=2026-08-10, masterId=36, subject=1, createTime=2025-11-15T11:35:46, updateTime=2025-11-15T14:31:24), ClazzDto(id=9, name=JavaAI就业1期, room=200, beginDate=2026-05-01, endDate=2026-08-01, masterId=6, subject=1, createTime=2026-04-21T23:02:48, updateTime=2026-04-21T23:02:48), ClazzDto(id=10, name=python就业1期, room=109, beginDate=2026-04-21, endDate=2026-06-21, masterId=10, subject=4, createTime=2026-04-21T23:04:56, updateTime=2026-04-21T23:04:56)]
2026-04-24 00:48:22.443 [http-nio-8080-exec-10] INFO  org.perswsj.controller.StudentController-查询学生分页数据，查询参数：StudentQueryParam(name=, degree=null, clazzId=, page=2, pageSize=10)
2026-04-24 00:48:23.808 [http-nio-8080-exec-6] INFO  org.perswsj.controller.StudentController-查询学生分页数据，查询参数：StudentQueryParam(name=, degree=null, clazzId=, page=1, pageSize=10)
2026-04-24 00:48:25.375 [http-nio-8080-exec-7] INFO  org.perswsj.controller.StudentController-查询学生分页数据，查询参数：StudentQueryParam(name=, degree=null, clazzId=, page=1, pageSize=20)
2026-04-24 00:48:27.572 [http-nio-8080-exec-8] INFO  org.perswsj.controller.StudentController-查询学生分页数据，查询参数：StudentQueryParam(name=, degree=null, clazzId=, page=1, pageSize=100)
2026-04-24 00:48:29.273 [http-nio-8080-exec-9] INFO  org.perswsj.controller.StudentController-查询学生分页数据，查询参数：StudentQueryParam(name=, degree=null, clazzId=, page=1, pageSize=5)
2026-04-24 00:48:32.153 [http-nio-8080-exec-5] INFO  org.perswsj.controller.StudentController-查询学生分页数据，查询参数：StudentQueryParam(name=, degree=null, clazzId=, page=1, pageSize=10)
2026-04-24 00:51:03.511 [SpringApplicationShutdownHook] INFO  org.springframework.boot.tomcat.GracefulShutdown-Commencing graceful shutdown. Waiting for active requests to complete
2026-04-24 00:51:03.518 [tomcat-shutdown] INFO  org.springframework.boot.tomcat.GracefulShutdown-Graceful shutdown complete
2026-04-24 00:51:03.520 [SpringApplicationShutdownHook] INFO  com.zaxxer.hikari.HikariDataSource-HikariPool-1 - Shutdown initiated...
2026-04-24 00:51:03.526 [SpringApplicationShutdownHook] INFO  com.zaxxer.hikari.HikariDataSource-HikariPool-1 - Shutdown completed.
