2026-04-17 00:50:06.343 [main] INFO  org.perswsj.TliasWebMangementApplication-Starting TliasWebMangementApplication using Java 21.0.7 with PID 35228 (D:\coding\JavaWeb\back_end\web-ai-project02\tlias-web-mangement\target\classes started by 32188 in D:\coding\JavaWeb\back_end\web-ai-project02)
2026-04-17 00:50:06.346 [main] INFO  org.perswsj.TliasWebMangementApplication-No active profile set, falling back to 1 default profile: "default"
2026-04-17 00:50:07.155 [main] INFO  org.springframework.boot.tomcat.TomcatWebServer-Tomcat initialized with port 8080 (http)
2026-04-17 00:50:07.167 [main] INFO  org.apache.coyote.http11.Http11NioProtocol-Initializing ProtocolHandler ["http-nio-8080"]
2026-04-17 00:50:07.170 [main] INFO  org.apache.catalina.core.StandardService-Starting service [Tomcat]
2026-04-17 00:50:07.170 [main] INFO  org.apache.catalina.core.StandardEngine-Starting Servlet engine: [Apache Tomcat/11.0.18]
2026-04-17 00:50:07.234 [main] INFO  o.s.b.w.c.servlet.WebApplicationContextInitializer-Root WebApplicationContext: initialization completed in 848 ms
2026-04-17 00:50:07.784 [main] INFO  org.apache.coyote.http11.Http11NioProtocol-Starting ProtocolHandler ["http-nio-8080"]
2026-04-17 00:50:07.806 [main] INFO  org.springframework.boot.tomcat.TomcatWebServer-Tomcat started on port 8080 (http) with context path '/'
2026-04-17 00:50:07.809 [main] INFO  org.perswsj.TliasWebMangementApplication-Started TliasWebMangementApplication in 1.851 seconds (process running for 2.852)
2026-04-17 00:50:14.853 [http-nio-8080-exec-1] INFO  o.a.c.core.ContainerBase.[Tomcat].[localhost].[/]-Initializing Spring DispatcherServlet 'dispatcherServlet'
2026-04-17 00:50:14.854 [http-nio-8080-exec-1] INFO  org.springframework.web.servlet.DispatcherServlet-Initializing Servlet 'dispatcherServlet'
2026-04-17 00:50:14.855 [http-nio-8080-exec-1] INFO  org.springframework.web.servlet.DispatcherServlet-Completed initialization in 1 ms
2026-04-17 00:50:14.901 [http-nio-8080-exec-1] INFO  org.perswsj.controller.DeptController-查询部门全部数据
2026-04-17 00:50:14.925 [http-nio-8080-exec-2] INFO  org.perswsj.controller.EmpController-分页查询员工列表数据，参数：EmpQueryParam(page=1, pageSize=10, name=, gender=null, begin=null, end=null)
2026-04-17 00:50:14.931 [http-nio-8080-exec-1] INFO  com.zaxxer.hikari.HikariDataSource-HikariPool-1 - Starting...
2026-04-17 00:50:15.542 [http-nio-8080-exec-1] INFO  com.zaxxer.hikari.pool.HikariPool-HikariPool-1 - Added connection com.mysql.cj.jdbc.ConnectionImpl@48f09211
2026-04-17 00:50:15.545 [http-nio-8080-exec-1] INFO  com.zaxxer.hikari.HikariDataSource-HikariPool-1 - Start completed.
2026-04-17 00:50:18.293 [http-nio-8080-exec-5] INFO  org.perswsj.controller.EmpController-查询员工详情，参数：52
2026-04-17 00:51:04.096 [http-nio-8080-exec-4] INFO  org.perswsj.controller.UpdateController-upload url:https://wsj-java-ai.oss-cn-shanghai.aliyuncs.com/2026/04/ecdf065e-7e25-4a42-aef3-20757943769c.png
2026-04-17 00:51:07.646 [http-nio-8080-exec-6] INFO  org.perswsj.controller.EmpController-更新员工数据，参数：Emp(id=52, username=xiaowanxiong, password=123456, name=小浣熊, gender=1, phone=18899977728, job=3, salary=10000, image=https://wsj-java-ai.oss-cn-shanghai.aliyuncs.com/2026/04/ecdf065e-7e25-4a42-aef3-20757943769c.png, entryDate=2026-04-16, deptId=3, createTime=2026-04-15T22:12:54, updateTime=2026-04-15T22:12:54, deptName=null, exprList=[EmpExpr(id=14, empId=52, begin=2025-12-01, end=2026-04-16, company=第一银河宇宙公司, job=咨询师), EmpExpr(id=null, empId=null, begin=2026-04-09, end=2026-04-16, company=第二星际宇宙公司, job=前台)])
2026-04-17 00:51:07.658 [http-nio-8080-exec-6] DEBUG o.s.jdbc.support.JdbcTransactionManager-Creating new transaction with name [org.perswsj.service.impl.EmpServiceImpl.update]: PROPAGATION_REQUIRED,ISOLATION_DEFAULT,-java.lang.Exception
2026-04-17 00:51:07.660 [http-nio-8080-exec-6] DEBUG o.s.jdbc.support.JdbcTransactionManager-Acquired Connection [HikariProxyConnection@1033735357 wrapping com.mysql.cj.jdbc.ConnectionImpl@48f09211] for JDBC transaction
2026-04-17 00:51:07.663 [http-nio-8080-exec-6] DEBUG o.s.jdbc.support.JdbcTransactionManager-Switching JDBC Connection [HikariProxyConnection@1033735357 wrapping com.mysql.cj.jdbc.ConnectionImpl@48f09211] to manual commit
2026-04-17 00:51:07.697 [http-nio-8080-exec-6] DEBUG o.s.jdbc.support.JdbcTransactionManager-Initiating transaction commit
2026-04-17 00:51:07.699 [http-nio-8080-exec-6] DEBUG o.s.jdbc.support.JdbcTransactionManager-Committing JDBC transaction on Connection [HikariProxyConnection@1033735357 wrapping com.mysql.cj.jdbc.ConnectionImpl@48f09211]
2026-04-17 00:51:07.705 [http-nio-8080-exec-6] DEBUG o.s.jdbc.support.JdbcTransactionManager-Releasing JDBC Connection [HikariProxyConnection@1033735357 wrapping com.mysql.cj.jdbc.ConnectionImpl@48f09211] after transaction
2026-04-17 00:51:07.718 [http-nio-8080-exec-3] INFO  org.perswsj.controller.EmpController-分页查询员工列表数据，参数：EmpQueryParam(page=1, pageSize=10, name=, gender=null, begin=null, end=null)
2026-04-17 00:51:09.641 [http-nio-8080-exec-7] INFO  org.perswsj.controller.EmpController-查询员工详情，参数：52
2026-04-17 00:51:12.336 [http-nio-8080-exec-8] INFO  org.perswsj.controller.EmpController-查询员工详情，参数：28
2026-04-17 00:51:18.797 [http-nio-8080-exec-9] INFO  org.perswsj.controller.UpdateController-upload url:https://wsj-java-ai.oss-cn-shanghai.aliyuncs.com/2026/04/fdadcddf-2c3b-457b-a75e-b3a94250ca6e.jpg
2026-04-17 00:51:19.874 [http-nio-8080-exec-10] INFO  org.perswsj.controller.EmpController-更新员工数据，参数：Emp(id=28, username=lizhong, password=123456, name=李忠, gender=1, phone=13309090028, job=5, salary=5000, image=https://wsj-java-ai.oss-cn-shanghai.aliyuncs.com/2026/04/fdadcddf-2c3b-457b-a75e-b3a94250ca6e.jpg, entryDate=2007-01-01, deptId=3, createTime=2023-10-20T16:35:33, updateTime=2023-11-17T16:34:22, deptName=null, exprList=[])
2026-04-17 00:51:19.875 [http-nio-8080-exec-10] DEBUG o.s.jdbc.support.JdbcTransactionManager-Creating new transaction with name [org.perswsj.service.impl.EmpServiceImpl.update]: PROPAGATION_REQUIRED,ISOLATION_DEFAULT,-java.lang.Exception
2026-04-17 00:51:19.875 [http-nio-8080-exec-10] DEBUG o.s.jdbc.support.JdbcTransactionManager-Acquired Connection [HikariProxyConnection@1122182365 wrapping com.mysql.cj.jdbc.ConnectionImpl@48f09211] for JDBC transaction
2026-04-17 00:51:19.875 [http-nio-8080-exec-10] DEBUG o.s.jdbc.support.JdbcTransactionManager-Switching JDBC Connection [HikariProxyConnection@1122182365 wrapping com.mysql.cj.jdbc.ConnectionImpl@48f09211] to manual commit
2026-04-17 00:51:19.883 [http-nio-8080-exec-10] DEBUG o.s.jdbc.support.JdbcTransactionManager-Initiating transaction commit
2026-04-17 00:51:19.884 [http-nio-8080-exec-10] DEBUG o.s.jdbc.support.JdbcTransactionManager-Committing JDBC transaction on Connection [HikariProxyConnection@1122182365 wrapping com.mysql.cj.jdbc.ConnectionImpl@48f09211]
2026-04-17 00:51:19.888 [http-nio-8080-exec-10] DEBUG o.s.jdbc.support.JdbcTransactionManager-Releasing JDBC Connection [HikariProxyConnection@1122182365 wrapping com.mysql.cj.jdbc.ConnectionImpl@48f09211] after transaction
2026-04-17 00:51:19.898 [http-nio-8080-exec-1] INFO  org.perswsj.controller.EmpController-分页查询员工列表数据，参数：EmpQueryParam(page=1, pageSize=10, name=, gender=null, begin=null, end=null)
2026-04-17 00:54:39.910 [SpringApplicationShutdownHook] INFO  org.springframework.boot.tomcat.GracefulShutdown-Commencing graceful shutdown. Waiting for active requests to complete
2026-04-17 00:54:39.914 [tomcat-shutdown] INFO  org.springframework.boot.tomcat.GracefulShutdown-Graceful shutdown complete
2026-04-17 00:54:39.917 [SpringApplicationShutdownHook] INFO  com.zaxxer.hikari.HikariDataSource-HikariPool-1 - Shutdown initiated...
2026-04-17 00:54:39.923 [SpringApplicationShutdownHook] INFO  com.zaxxer.hikari.HikariDataSource-HikariPool-1 - Shutdown completed.
