2026-05-13 16:47:24.963 [main] INFO  org.perswsj.TliasWebMangementApplication-Starting TliasWebMangementApplication using Java 21.0.7 with PID 28000 (D:\coding\JavaWeb\back_end\java-ai-web-03\tlias-web-mangement\target\classes started by 32188 in D:\coding\JavaWeb\back_end\java-ai-web-03)
2026-05-13 16:47:24.965 [main] INFO  org.perswsj.TliasWebMangementApplication-No active profile set, falling back to 1 default profile: "default"
2026-05-13 16:47:25.912 [main] INFO  org.springframework.boot.tomcat.TomcatWebServer-Tomcat initialized with port 8080 (http)
2026-05-13 16:47:25.924 [main] INFO  org.apache.coyote.http11.Http11NioProtocol-Initializing ProtocolHandler ["http-nio-8080"]
2026-05-13 16:47:25.926 [main] INFO  org.apache.catalina.core.StandardService-Starting service [Tomcat]
2026-05-13 16:47:25.927 [main] INFO  org.apache.catalina.core.StandardEngine-Starting Servlet engine: [Apache Tomcat/11.0.18]
2026-05-13 16:47:25.986 [main] INFO  o.s.b.w.c.servlet.WebApplicationContextInitializer-Root WebApplicationContext: initialization completed in 981 ms
2026-05-13 16:47:26.570 [main] INFO  org.apache.coyote.http11.Http11NioProtocol-Starting ProtocolHandler ["http-nio-8080"]
2026-05-13 16:47:26.588 [main] INFO  org.springframework.boot.tomcat.TomcatWebServer-Tomcat started on port 8080 (http) with context path '/'
2026-05-13 16:47:26.593 [main] INFO  org.perswsj.TliasWebMangementApplication-Started TliasWebMangementApplication in 1.963 seconds (process running for 2.868)
2026-05-13 16:47:32.059 [SpringApplicationShutdownHook] INFO  org.springframework.boot.tomcat.GracefulShutdown-Commencing graceful shutdown. Waiting for active requests to complete
2026-05-13 16:47:32.067 [tomcat-shutdown] INFO  org.springframework.boot.tomcat.GracefulShutdown-Graceful shutdown complete
2026-05-13 17:29:48.953 [main] INFO  org.perswsj.TliasWebMangementApplication-Starting TliasWebMangementApplication v0.0.1-SNAPSHOT using Java 21.0.7 with PID 30732 (D:\coding\JavaWeb\back_end\java-ai-web-03\tlias-web-mangement\target\tlias-web-mangement-0.0.1-SNAPSHOT.jar started by 32188 in D:\coding\JavaWeb\back_end\java-ai-web-03)
2026-05-13 17:29:48.957 [main] INFO  org.perswsj.TliasWebMangementApplication-No active profile set, falling back to 1 default profile: "default"
2026-05-13 17:29:50.062 [main] INFO  org.springframework.boot.tomcat.TomcatWebServer-Tomcat initialized with port 8080 (http)
2026-05-13 17:29:50.073 [main] INFO  org.apache.coyote.http11.Http11NioProtocol-Initializing ProtocolHandler ["http-nio-8080"]
2026-05-13 17:29:50.076 [main] INFO  org.apache.catalina.core.StandardService-Starting service [Tomcat]
2026-05-13 17:29:50.076 [main] INFO  org.apache.catalina.core.StandardEngine-Starting Servlet engine: [Apache Tomcat/11.0.18]
2026-05-13 17:29:50.106 [main] INFO  o.s.b.w.c.servlet.WebApplicationContextInitializer-Root WebApplicationContext: initialization completed in 1096 ms
2026-05-13 17:29:51.044 [main] INFO  org.apache.coyote.http11.Http11NioProtocol-Starting ProtocolHandler ["http-nio-8080"]
2026-05-13 17:29:51.067 [main] INFO  org.springframework.boot.tomcat.TomcatWebServer-Tomcat started on port 8080 (http) with context path '/'
2026-05-13 17:29:51.077 [main] INFO  org.perswsj.TliasWebMangementApplication-Started TliasWebMangementApplication in 2.497 seconds (process running for 3.194)
2026-05-13 17:30:02.664 [SpringApplicationShutdownHook] INFO  org.springframework.boot.tomcat.GracefulShutdown-Commencing graceful shutdown. Waiting for active requests to complete
2026-05-13 17:30:02.677 [tomcat-shutdown] INFO  org.springframework.boot.tomcat.GracefulShutdown-Graceful shutdown complete
2026-05-13 21:24:00.413 [main] INFO  org.perswsj.TliasWebMangementApplication-Starting TliasWebMangementApplication using Java 21.0.7 with PID 18208 (D:\coding\JavaWeb\back_end\tlias-parent\tlias-web-mangement\target\classes started by 32188 in D:\coding\JavaWeb\back_end\tlias-parent)
2026-05-13 21:24:00.415 [main] INFO  org.perswsj.TliasWebMangementApplication-No active profile set, falling back to 1 default profile: "default"
2026-05-13 21:24:01.516 [main] INFO  org.springframework.boot.tomcat.TomcatWebServer-Tomcat initialized with port 8080 (http)
2026-05-13 21:24:01.534 [main] INFO  org.apache.coyote.http11.Http11NioProtocol-Initializing ProtocolHandler ["http-nio-8080"]
2026-05-13 21:24:01.537 [main] INFO  org.apache.catalina.core.StandardService-Starting service [Tomcat]
2026-05-13 21:24:01.537 [main] INFO  org.apache.catalina.core.StandardEngine-Starting Servlet engine: [Apache Tomcat/11.0.18]
2026-05-13 21:24:01.604 [main] INFO  o.s.b.w.c.servlet.WebApplicationContextInitializer-Root WebApplicationContext: initialization completed in 1150 ms
2026-05-13 21:24:02.278 [main] INFO  org.apache.coyote.http11.Http11NioProtocol-Starting ProtocolHandler ["http-nio-8080"]
2026-05-13 21:24:02.301 [main] INFO  org.springframework.boot.tomcat.TomcatWebServer-Tomcat started on port 8080 (http) with context path '/'
2026-05-13 21:24:02.306 [main] INFO  org.perswsj.TliasWebMangementApplication-Started TliasWebMangementApplication in 2.28 seconds (process running for 3.278)
2026-05-13 21:24:11.998 [SpringApplicationShutdownHook] INFO  org.springframework.boot.tomcat.GracefulShutdown-Commencing graceful shutdown. Waiting for active requests to complete
2026-05-13 21:24:12.007 [tomcat-shutdown] INFO  org.springframework.boot.tomcat.GracefulShutdown-Graceful shutdown complete
2026-05-13 21:33:21.442 [main] INFO  org.perswsj.TliasWebMangementApplication-Starting TliasWebMangementApplication using Java 21.0.7 with PID 34176 (D:\coding\JavaWeb\back_end\tlias-parent\tlias-web-mangement\target\classes started by 32188 in D:\coding\JavaWeb\back_end\tlias-parent)
2026-05-13 21:33:21.445 [main] INFO  org.perswsj.TliasWebMangementApplication-No active profile set, falling back to 1 default profile: "default"
2026-05-13 21:33:22.435 [main] INFO  org.springframework.boot.tomcat.TomcatWebServer-Tomcat initialized with port 8080 (http)
2026-05-13 21:33:22.447 [main] INFO  org.apache.coyote.http11.Http11NioProtocol-Initializing ProtocolHandler ["http-nio-8080"]
2026-05-13 21:33:22.450 [main] INFO  org.apache.catalina.core.StandardService-Starting service [Tomcat]
2026-05-13 21:33:22.450 [main] INFO  org.apache.catalina.core.StandardEngine-Starting Servlet engine: [Apache Tomcat/11.0.18]
2026-05-13 21:33:22.520 [main] INFO  o.s.b.w.c.servlet.WebApplicationContextInitializer-Root WebApplicationContext: initialization completed in 1039 ms
2026-05-13 21:33:23.209 [main] INFO  org.apache.coyote.http11.Http11NioProtocol-Starting ProtocolHandler ["http-nio-8080"]
2026-05-13 21:33:23.233 [main] INFO  org.springframework.boot.tomcat.TomcatWebServer-Tomcat started on port 8080 (http) with context path '/'
2026-05-13 21:33:23.236 [main] INFO  org.perswsj.TliasWebMangementApplication-Started TliasWebMangementApplication in 2.171 seconds (process running for 2.782)
2026-05-13 21:34:13.782 [http-nio-8080-exec-1] INFO  o.a.c.core.ContainerBase.[Tomcat].[localhost].[/]-Initializing Spring DispatcherServlet 'dispatcherServlet'
2026-05-13 21:34:13.782 [http-nio-8080-exec-1] INFO  org.springframework.web.servlet.DispatcherServlet-Initializing Servlet 'dispatcherServlet'
2026-05-13 21:34:13.784 [http-nio-8080-exec-1] INFO  org.springframework.web.servlet.DispatcherServlet-Completed initialization in 1 ms
2026-05-13 21:34:14.809 [http-nio-8080-exec-1] INFO  org.perswsj.Interceptor.LoginInterCeptor-令牌非法，返回 401 状态码
2026-05-13 21:34:24.259 [http-nio-8080-exec-2] INFO  org.perswsj.controller.LoginController-登录: LoginInfo(id=null, username=songjiang, name=null, password=123456, token=null)
2026-05-13 21:34:24.290 [http-nio-8080-exec-2] INFO  com.zaxxer.hikari.HikariDataSource-HikariPool-1 - Starting...
2026-05-13 21:34:24.941 [http-nio-8080-exec-2] INFO  com.zaxxer.hikari.pool.HikariPool-HikariPool-1 - Added connection com.mysql.cj.jdbc.ConnectionImpl@7f49b348
2026-05-13 21:34:24.944 [http-nio-8080-exec-2] INFO  com.zaxxer.hikari.HikariDataSource-HikariPool-1 - Start completed.
2026-05-13 21:34:27.669 [http-nio-8080-exec-3] INFO  org.perswsj.Interceptor.LoginInterCeptor-令牌合法，放行
2026-05-13 21:34:27.669 [http-nio-8080-exec-4] INFO  org.perswsj.Interceptor.LoginInterCeptor-令牌合法，放行
2026-05-13 21:34:27.674 [http-nio-8080-exec-4] INFO  org.perswsj.controller.EmpController-查询全部员工数据
2026-05-13 21:34:27.688 [http-nio-8080-exec-3] INFO  org.perswsj.controller.ClazzController-查询班级分页数据: ClazzQueryParam(page=1, pageSize=10, name=, begin=null, end=null)
2026-05-13 21:34:27.860 [http-nio-8080-exec-3] INFO  org.perswsj.service.impl.ClazzServiceImpl-查询班级分页数据，查询参数：ClazzQueryParam(page=1, pageSize=10, name=, begin=null, end=null)
2026-05-13 21:34:28.653 [http-nio-8080-exec-6] INFO  org.perswsj.Interceptor.LoginInterCeptor-令牌合法，放行
2026-05-13 21:34:28.653 [http-nio-8080-exec-7] INFO  org.perswsj.Interceptor.LoginInterCeptor-令牌合法，放行
2026-05-13 21:34:28.653 [http-nio-8080-exec-7] INFO  org.perswsj.controller.ClazzController-查询所有班级数据
2026-05-13 21:34:28.658 [http-nio-8080-exec-6] INFO  org.perswsj.controller.StudentController-查询学生分页数据，查询参数：StudentQueryParam(name=, degree=null, clazzId=, page=1, pageSize=10)
2026-05-13 21:34:28.666 [http-nio-8080-exec-7] INFO  org.perswsj.service.impl.ClazzServiceImpl-查询所有班级数据，查询结果：[ClazzDto(id=1, name=JavaEE就业163期, room=212, beginDate=2024-04-30, endDate=2024-06-29, masterId=10, subject=1, createTime=2024-06-01T17:08:23, updateTime=2024-06-01T17:39:58), ClazzDto(id=2, name=前端就业90期, room=210, beginDate=2024-07-10, endDate=2024-01-20, masterId=3, subject=2, createTime=2024-06-01T17:45:12, updateTime=2024-06-01T17:45:12), ClazzDto(id=3, name=JavaEE就业165期, room=108, beginDate=2024-06-15, endDate=2024-12-25, masterId=6, subject=1, createTime=2024-06-01T17:45:40, updateTime=2024-06-01T17:45:40), ClazzDto(id=4, name=JavaEE就业166期, room=101, beginDate=2023-06-01, endDate=2024-01-25, masterId=7, subject=1, createTime=2024-06-01T17:46:10, updateTime=2026-04-22T17:06), ClazzDto(id=6, name=JavaEE就业167期, room=325, beginDate=2026-03-20, endDate=2026-08-10, masterId=36, subject=1, createTime=2025-11-15T11:35:46, updateTime=2025-11-15T14:31:24), ClazzDto(id=9, name=JavaAI就业1期, room=200, beginDate=2026-05-01, endDate=2026-08-01, masterId=6, subject=1, createTime=2026-04-21T23:02:48, updateTime=2026-04-21T23:02:48), ClazzDto(id=10, name=python就业1期, room=109, beginDate=2026-04-21, endDate=2026-06-21, masterId=10, subject=4, createTime=2026-04-21T23:04:56, updateTime=2026-04-21T23:04:56)]
2026-05-13 21:34:31.551 [http-nio-8080-exec-5] INFO  org.perswsj.Interceptor.LoginInterCeptor-令牌合法，放行
2026-05-13 21:34:31.552 [http-nio-8080-exec-5] INFO  org.perswsj.controller.DeptController-查询部门全部数据
2026-05-13 21:34:32.188 [http-nio-8080-exec-9] INFO  org.perswsj.Interceptor.LoginInterCeptor-令牌合法，放行
2026-05-13 21:34:32.188 [http-nio-8080-exec-8] INFO  org.perswsj.Interceptor.LoginInterCeptor-令牌合法，放行
2026-05-13 21:34:32.189 [http-nio-8080-exec-9] INFO  org.perswsj.controller.DeptController-查询部门全部数据
2026-05-13 21:34:32.194 [http-nio-8080-exec-8] INFO  org.perswsj.controller.EmpController-分页查询员工列表数据，参数：EmpQueryParam(page=1, pageSize=10, name=, gender=null, begin=null, end=null)
2026-05-13 21:34:32.225 [http-nio-8080-exec-8] INFO  org.perswsj.service.impl.EmpServiceImpl-查询员工分页数据，分页参数：Page{count=true, pageNum=1, pageSize=10, startRow=0, endRow=10, total=31, pages=4, reasonable=false, pageSizeZero=false}[Emp(id=53, username=asdfaf, password=123456, name=safda, gender=1, phone=18890377721, job=null, salary=null, image=, entryDate=null, deptId=null, createTime=2026-05-03T01:42:11, updateTime=2026-05-03T01:42:11, deptName=null, exprList=null), Emp(id=27, username=lijun, password=123456, name=李俊, gender=1, phone=13309090027, job=2, salary=6600, image=https://wsj2-java.oss-cn-beijing.aliyuncs.com/2026/04/3618bca6-11b4-41a7-b0fb-ef606b2eb1cb.JPG, entryDate=2004-01-01, deptId=1, createTime=2023-10-20T16:35:33, updateTime=2026-04-28T20:13:39, deptName=学工部, exprList=null), Emp(id=52, username=xiaowanxiong, password=123456, name=小浣熊, gender=1, phone=18899977728, job=3, salary=10000, image=https://wsj2-java.oss-cn-beijing.aliyuncs.com/2026/04/3c651568-9e82-4a3e-90ee-5558886b3773.jpg, entryDate=2026-04-16, deptId=3, createTime=2026-04-15T22:12:54, updateTime=2026-04-21T17:12:48, deptName=咨询部, exprList=null), Emp(id=6, username=yinglang, password=123456, name=银狼, gender=2, phone=18830277728, job=1, salary=10000, image=https://wsj2-java.oss-cn-beijing.aliyuncs.com/2026/04/65798ea9-fbb8-4ad3-b782-72bf230e207f.jpg, entryDate=2026-04-16, deptId=1, createTime=2026-04-15T22:20:54, updateTime=2026-04-21T17:11:58, deptName=学工部, exprList=null), Emp(id=10, username=xinzhe, password=123456, name=行者, gender=1, phone=18890277728, job=1, salary=6000, image=https://wsj2-java.oss-cn-beijing.aliyuncs.com/2026/04/f2aa784a-a8f6-40f5-b745-ecd4f64f05bb.jpg, entryDate=2024-04-16, deptId=1, createTime=2024-04-16T16:35:33, updateTime=2026-04-21T17:10:33, deptName=学工部, exprList=null), Emp(id=17, username=liying, password=12345678, name=李应, gender=1, phone=13309090017, job=1, salary=5800, image=https://web-framework.oss-cn-hangzhou.aliyuncs.com/2023/1.jpg, entryDate=2015-03-21, deptId=1, createTime=2023-10-20T16:35:33, updateTime=2026-04-21T01:10:10, deptName=学工部, exprList=null), Emp(id=28, username=lizhong, password=123456, name=李忠, gender=1, phone=13309090028, job=5, salary=5000, image=https://wsj-java-ai.oss-cn-shanghai.aliyuncs.com/2026/04/fdadcddf-2c3b-457b-a75e-b3a94250ca6e.jpg, entryDate=2007-01-01, deptId=3, createTime=2023-10-20T16:35:33, updateTime=2026-04-17T00:51:20, deptName=咨询部, exprList=null), Emp(id=1, username=shinaian, password=123456, name=施耐庵, gender=1, phone=13309090001, job=4, salary=15000, image=https://web-framework.oss-cn-hangzhou.aliyuncs.com/2023/1.jpg, entryDate=2000-01-01, deptId=2, createTime=2023-10-20T16:35:33, updateTime=2023-11-16T16:11:26, deptName=教研部, exprList=null), Emp(id=36, username=linghuchong, password=123456, name=令狐冲, gender=1, phone=18809091212, job=2, salary=6800, image=https://web-framework.oss-cn-hangzhou.aliyuncs.com/2023/1.jpg, entryDate=2023-10-19, deptId=2, createTime=2023-10-20T20:44:54, updateTime=2023-11-09T09:41:04, deptName=教研部, exprList=null), Emp(id=26, username=yanshun, password=123456, name=燕顺, gender=1, phone=13309090026, job=5, salary=5400, image=https://web-framework.oss-cn-hangzhou.aliyuncs.com/2023/1.jpg, entryDate=2011-01-01, deptId=3, createTime=2023-10-20T16:35:33, updateTime=2023-11-08T22:12:46, deptName=咨询部, exprList=null)]，查询参数：{}
2026-05-13 21:34:35.194 [http-nio-8080-exec-1] INFO  org.perswsj.Interceptor.LoginInterCeptor-令牌合法，放行
2026-05-13 21:34:35.194 [http-nio-8080-exec-10] INFO  org.perswsj.Interceptor.LoginInterCeptor-令牌合法，放行
2026-05-13 21:34:35.195 [http-nio-8080-exec-1] INFO  org.perswsj.controller.ReportController-查询员工性别数据
2026-05-13 21:34:35.195 [http-nio-8080-exec-10] INFO  org.perswsj.controller.ReportController-查询员工职位人数数据
2026-05-13 21:34:36.732 [http-nio-8080-exec-2] INFO  org.perswsj.Interceptor.LoginInterCeptor-令牌合法，放行
2026-05-13 21:34:36.732 [http-nio-8080-exec-2] INFO  org.perswsj.controller.ReportController-查询班级人数数据
2026-05-13 21:34:36.736 [http-nio-8080-exec-4] INFO  org.perswsj.Interceptor.LoginInterCeptor-令牌合法，放行
2026-05-13 21:34:36.737 [http-nio-8080-exec-4] INFO  org.perswsj.controller.ReportController-查询学生学历数据
2026-05-13 21:34:37.909 [http-nio-8080-exec-3] INFO  org.perswsj.Interceptor.LoginInterCeptor-令牌合法，放行
2026-05-13 21:34:37.918 [http-nio-8080-exec-3] ERROR org.perswsj.exception.GlobalExceptionHeader-程序出错
org.springframework.web.servlet.resource.NoResourceFoundException: No static resource log/page for request '/log/page'.
	at org.springframework.web.servlet.resource.ResourceHttpRequestHandler.handleRequest(ResourceHttpRequestHandler.java:527)
	at org.springframework.web.servlet.mvc.HttpRequestHandlerAdapter.handle(HttpRequestHandlerAdapter.java:50)
	at org.springframework.web.servlet.DispatcherServlet.doDispatch(DispatcherServlet.java:963)
	at org.springframework.web.servlet.DispatcherServlet.doService(DispatcherServlet.java:866)
	at org.springframework.web.servlet.FrameworkServlet.processRequest(FrameworkServlet.java:1000)
	at org.springframework.web.servlet.FrameworkServlet.doGet(FrameworkServlet.java:892)
	at jakarta.servlet.http.HttpServlet.service(HttpServlet.java:622)
	at org.springframework.web.servlet.FrameworkServlet.service(FrameworkServlet.java:874)
	at jakarta.servlet.http.HttpServlet.service(HttpServlet.java:710)
	at org.apache.catalina.core.ApplicationFilterChain.doFilter(ApplicationFilterChain.java:128)
	at org.apache.tomcat.websocket.server.WsFilter.doFilter(WsFilter.java:53)
	at org.apache.catalina.core.ApplicationFilterChain.doFilter(ApplicationFilterChain.java:107)
	at org.springframework.web.filter.RequestContextFilter.doFilterInternal(RequestContextFilter.java:100)
	at org.springframework.web.filter.OncePerRequestFilter.doFilter(OncePerRequestFilter.java:116)
	at org.apache.catalina.core.ApplicationFilterChain.doFilter(ApplicationFilterChain.java:107)
	at org.springframework.web.filter.FormContentFilter.doFilterInternal(FormContentFilter.java:93)
	at org.springframework.web.filter.OncePerRequestFilter.doFilter(OncePerRequestFilter.java:116)
	at org.apache.catalina.core.ApplicationFilterChain.doFilter(ApplicationFilterChain.java:107)
	at org.springframework.web.filter.CharacterEncodingFilter.doFilterInternal(CharacterEncodingFilter.java:199)
	at org.springframework.web.filter.OncePerRequestFilter.doFilter(OncePerRequestFilter.java:116)
	at org.apache.catalina.core.ApplicationFilterChain.doFilter(ApplicationFilterChain.java:107)
	at org.apache.catalina.core.StandardWrapperValve.invoke(StandardWrapperValve.java:165)
	at org.apache.catalina.core.StandardContextValve.invoke(StandardContextValve.java:77)
	at org.apache.catalina.authenticator.AuthenticatorBase.invoke(AuthenticatorBase.java:492)
	at org.apache.catalina.core.StandardHostValve.invoke(StandardHostValve.java:113)
	at org.apache.catalina.valves.ErrorReportValve.invoke(ErrorReportValve.java:83)
	at org.apache.catalina.core.StandardEngineValve.invoke(StandardEngineValve.java:72)
	at org.apache.catalina.connector.CoyoteAdapter.service(CoyoteAdapter.java:341)
	at org.apache.coyote.http11.Http11Processor.service(Http11Processor.java:397)
	at org.apache.coyote.AbstractProcessorLight.process(AbstractProcessorLight.java:63)
	at org.apache.coyote.AbstractProtocol$ConnectionHandler.process(AbstractProtocol.java:903)
	at org.apache.tomcat.util.net.NioEndpoint$SocketProcessor.doRun(NioEndpoint.java:1779)
	at org.apache.tomcat.util.net.SocketProcessorBase.run(SocketProcessorBase.java:52)
	at org.apache.tomcat.util.threads.ThreadPoolExecutor.runWorker(ThreadPoolExecutor.java:946)
	at org.apache.tomcat.util.threads.ThreadPoolExecutor$Worker.run(ThreadPoolExecutor.java:480)
	at org.apache.tomcat.util.threads.TaskThread$WrappingRunnable.run(TaskThread.java:57)
	at java.base/java.lang.Thread.run(Thread.java:1583)
2026-05-13 21:34:40.489 [http-nio-8080-exec-7] INFO  org.perswsj.Interceptor.LoginInterCeptor-令牌合法，放行
2026-05-13 21:34:40.489 [http-nio-8080-exec-6] INFO  org.perswsj.Interceptor.LoginInterCeptor-令牌合法，放行
2026-05-13 21:34:40.489 [http-nio-8080-exec-7] INFO  org.perswsj.controller.ReportController-查询班级人数数据
2026-05-13 21:34:40.489 [http-nio-8080-exec-6] INFO  org.perswsj.controller.ReportController-查询学生学历数据
2026-05-13 21:34:41.989 [http-nio-8080-exec-9] INFO  org.perswsj.Interceptor.LoginInterCeptor-令牌合法，放行
2026-05-13 21:34:41.989 [http-nio-8080-exec-5] INFO  org.perswsj.Interceptor.LoginInterCeptor-令牌合法，放行
2026-05-13 21:34:41.990 [http-nio-8080-exec-5] INFO  org.perswsj.controller.ReportController-查询员工职位人数数据
2026-05-13 21:34:41.990 [http-nio-8080-exec-9] INFO  org.perswsj.controller.ReportController-查询员工性别数据
2026-05-13 21:34:51.363 [http-nio-8080-exec-8] INFO  org.perswsj.Interceptor.LoginInterCeptor-令牌合法，放行
2026-05-13 21:34:51.363 [http-nio-8080-exec-10] INFO  org.perswsj.Interceptor.LoginInterCeptor-令牌合法，放行
2026-05-13 21:34:51.363 [http-nio-8080-exec-8] INFO  org.perswsj.controller.DeptController-查询部门全部数据
2026-05-13 21:34:51.364 [http-nio-8080-exec-10] INFO  org.perswsj.controller.EmpController-分页查询员工列表数据，参数：EmpQueryParam(page=1, pageSize=10, name=, gender=null, begin=null, end=null)
2026-05-13 21:34:51.380 [http-nio-8080-exec-10] INFO  org.perswsj.service.impl.EmpServiceImpl-查询员工分页数据，分页参数：Page{count=true, pageNum=1, pageSize=10, startRow=0, endRow=10, total=31, pages=4, reasonable=false, pageSizeZero=false}[Emp(id=53, username=asdfaf, password=123456, name=safda, gender=1, phone=18890377721, job=null, salary=null, image=, entryDate=null, deptId=null, createTime=2026-05-03T01:42:11, updateTime=2026-05-03T01:42:11, deptName=null, exprList=null), Emp(id=27, username=lijun, password=123456, name=李俊, gender=1, phone=13309090027, job=2, salary=6600, image=https://wsj2-java.oss-cn-beijing.aliyuncs.com/2026/04/3618bca6-11b4-41a7-b0fb-ef606b2eb1cb.JPG, entryDate=2004-01-01, deptId=1, createTime=2023-10-20T16:35:33, updateTime=2026-04-28T20:13:39, deptName=学工部, exprList=null), Emp(id=52, username=xiaowanxiong, password=123456, name=小浣熊, gender=1, phone=18899977728, job=3, salary=10000, image=https://wsj2-java.oss-cn-beijing.aliyuncs.com/2026/04/3c651568-9e82-4a3e-90ee-5558886b3773.jpg, entryDate=2026-04-16, deptId=3, createTime=2026-04-15T22:12:54, updateTime=2026-04-21T17:12:48, deptName=咨询部, exprList=null), Emp(id=6, username=yinglang, password=123456, name=银狼, gender=2, phone=18830277728, job=1, salary=10000, image=https://wsj2-java.oss-cn-beijing.aliyuncs.com/2026/04/65798ea9-fbb8-4ad3-b782-72bf230e207f.jpg, entryDate=2026-04-16, deptId=1, createTime=2026-04-15T22:20:54, updateTime=2026-04-21T17:11:58, deptName=学工部, exprList=null), Emp(id=10, username=xinzhe, password=123456, name=行者, gender=1, phone=18890277728, job=1, salary=6000, image=https://wsj2-java.oss-cn-beijing.aliyuncs.com/2026/04/f2aa784a-a8f6-40f5-b745-ecd4f64f05bb.jpg, entryDate=2024-04-16, deptId=1, createTime=2024-04-16T16:35:33, updateTime=2026-04-21T17:10:33, deptName=学工部, exprList=null), Emp(id=17, username=liying, password=12345678, name=李应, gender=1, phone=13309090017, job=1, salary=5800, image=https://web-framework.oss-cn-hangzhou.aliyuncs.com/2023/1.jpg, entryDate=2015-03-21, deptId=1, createTime=2023-10-20T16:35:33, updateTime=2026-04-21T01:10:10, deptName=学工部, exprList=null), Emp(id=28, username=lizhong, password=123456, name=李忠, gender=1, phone=13309090028, job=5, salary=5000, image=https://wsj-java-ai.oss-cn-shanghai.aliyuncs.com/2026/04/fdadcddf-2c3b-457b-a75e-b3a94250ca6e.jpg, entryDate=2007-01-01, deptId=3, createTime=2023-10-20T16:35:33, updateTime=2026-04-17T00:51:20, deptName=咨询部, exprList=null), Emp(id=1, username=shinaian, password=123456, name=施耐庵, gender=1, phone=13309090001, job=4, salary=15000, image=https://web-framework.oss-cn-hangzhou.aliyuncs.com/2023/1.jpg, entryDate=2000-01-01, deptId=2, createTime=2023-10-20T16:35:33, updateTime=2023-11-16T16:11:26, deptName=教研部, exprList=null), Emp(id=36, username=linghuchong, password=123456, name=令狐冲, gender=1, phone=18809091212, job=2, salary=6800, image=https://web-framework.oss-cn-hangzhou.aliyuncs.com/2023/1.jpg, entryDate=2023-10-19, deptId=2, createTime=2023-10-20T20:44:54, updateTime=2023-11-09T09:41:04, deptName=教研部, exprList=null), Emp(id=26, username=yanshun, password=123456, name=燕顺, gender=1, phone=13309090026, job=5, salary=5400, image=https://web-framework.oss-cn-hangzhou.aliyuncs.com/2023/1.jpg, entryDate=2011-01-01, deptId=3, createTime=2023-10-20T16:35:33, updateTime=2023-11-08T22:12:46, deptName=咨询部, exprList=null)]，查询参数：{}
2026-05-13 21:34:58.193 [http-nio-8080-exec-1] INFO  org.perswsj.Interceptor.LoginInterCeptor-令牌合法，放行
2026-05-13 21:34:58.195 [http-nio-8080-exec-1] INFO  org.perswsj.controller.EmpController-分页查询员工列表数据，参数：EmpQueryParam(page=2, pageSize=10, name=, gender=null, begin=null, end=null)
2026-05-13 21:34:58.212 [http-nio-8080-exec-1] INFO  org.perswsj.service.impl.EmpServiceImpl-查询员工分页数据，分页参数：Page{count=true, pageNum=2, pageSize=10, startRow=10, endRow=20, total=31, pages=4, reasonable=false, pageSizeZero=false}[Emp(id=25, username=tongmeng, password=123456, name=童猛, gender=1, phone=13309090025, job=5, salary=4800, image=https://web-framework.oss-cn-hangzhou.aliyuncs.com/2023/1.jpg, entryDate=2002-01-01, deptId=3, createTime=2023-10-20T16:35:33, updateTime=2023-10-20T16:36:23, deptName=咨询部, exprList=null), Emp(id=24, username=tongwei, password=123456, name=童威, gender=1, phone=13309090024, job=5, salary=5000, image=https://web-framework.oss-cn-hangzhou.aliyuncs.com/2023/1.jpg, entryDate=2006-01-01, deptId=3, createTime=2023-10-20T16:35:33, updateTime=2023-10-20T16:36:21, deptName=咨询部, exprList=null), Emp(id=23, username=ruanji, password=123456, name=阮籍, gender=1, phone=13309090023, job=5, salary=5800, image=https://web-framework.oss-cn-hangzhou.aliyuncs.com/2023/1.jpg, entryDate=2012-01-01, deptId=3, createTime=2023-10-20T16:35:33, updateTime=2023-10-20T16:36:19, deptName=咨询部, exprList=null), Emp(id=22, username=ruanxiaoqi, password=123456, name=阮小七, gender=1, phone=13309090022, job=5, salary=5500, image=https://web-framework.oss-cn-hangzhou.aliyuncs.com/2023/1.jpg, entryDate=2016-01-01, deptId=3, createTime=2023-10-20T16:35:33, updateTime=2023-10-20T16:36:17, deptName=咨询部, exprList=null), Emp(id=21, username=ruanxiaowu, password=123456, name=阮小五, gender=1, phone=13309090021, job=5, salary=5200, image=https://web-framework.oss-cn-hangzhou.aliyuncs.com/2023/1.jpg, entryDate=2015-01-01, deptId=3, createTime=2023-10-20T16:35:33, updateTime=2023-10-20T16:36:15, deptName=咨询部, exprList=null), Emp(id=20, username=ruanxiaoer, password=123456, name=阮小二, gender=1, phone=13309090020, job=2, salary=10800, image=https://web-framework.oss-cn-hangzhou.aliyuncs.com/2023/1.jpg, entryDate=2018-01-01, deptId=2, createTime=2023-10-20T16:35:33, updateTime=2023-10-20T16:36:13, deptName=教研部, exprList=null), Emp(id=19, username=gudasao, password=123456, name=顾大嫂, gender=2, phone=13309090019, job=2, salary=10500, image=https://web-framework.oss-cn-hangzhou.aliyuncs.com/2023/1.jpg, entryDate=2008-01-01, deptId=2, createTime=2023-10-20T16:35:33, updateTime=2023-10-20T16:36:11, deptName=教研部, exprList=null), Emp(id=18, username=shiqian, password=123456, name=时迁, gender=1, phone=13309090018, job=2, salary=10200, image=https://web-framework.oss-cn-hangzhou.aliyuncs.com/2023/1.jpg, entryDate=2015-01-01, deptId=2, createTime=2023-10-20T16:35:33, updateTime=2023-10-20T16:36:09, deptName=教研部, exprList=null), Emp(id=16, username=luzhishen, password=123456, name=鲁智深, gender=1, phone=13309090016, job=2, salary=9600, image=https://web-framework.oss-cn-hangzhou.aliyuncs.com/2023/1.jpg, entryDate=2010-01-01, deptId=2, createTime=2023-10-20T16:35:33, updateTime=2023-10-20T16:36:05, deptName=教研部, exprList=null), Emp(id=15, username=sunerniang, password=123456, name=孙二娘, gender=2, phone=13309090015, job=2, salary=10900, image=https://web-framework.oss-cn-hangzhou.aliyuncs.com/2023/1.jpg, entryDate=2011-05-01, deptId=2, createTime=2023-10-20T16:35:33, updateTime=2023-10-20T16:36:03, deptName=教研部, exprList=null)]，查询参数：{}
2026-05-13 21:35:00.011 [http-nio-8080-exec-4] INFO  org.perswsj.Interceptor.LoginInterCeptor-令牌合法，放行
2026-05-13 21:35:00.013 [http-nio-8080-exec-4] INFO  org.perswsj.controller.EmpController-分页查询员工列表数据，参数：EmpQueryParam(page=3, pageSize=10, name=, gender=null, begin=null, end=null)
2026-05-13 21:35:00.032 [http-nio-8080-exec-4] INFO  org.perswsj.service.impl.EmpServiceImpl-查询员工分页数据，分页参数：Page{count=true, pageNum=3, pageSize=10, startRow=20, endRow=30, total=31, pages=4, reasonable=false, pageSizeZero=false}[Emp(id=14, username=shijin, password=123456, name=史进, gender=1, phone=13309090014, job=2, salary=10600, image=https://web-framework.oss-cn-hangzhou.aliyuncs.com/2023/1.jpg, entryDate=2002-08-01, deptId=2, createTime=2023-10-20T16:35:33, updateTime=2023-10-20T16:36:01, deptName=教研部, exprList=null), Emp(id=13, username=yangzhi, password=123456, name=杨志, gender=1, phone=13309090013, job=1, salary=5300, image=https://web-framework.oss-cn-hangzhou.aliyuncs.com/2023/1.jpg, entryDate=2012-11-01, deptId=1, createTime=2023-10-20T16:35:33, updateTime=2023-10-20T16:35:59, deptName=学工部, exprList=null), Emp(id=12, username=xiaoliguang, password=123456, name=小李广, gender=1, phone=13309090012, job=2, salary=10000, image=https://web-framework.oss-cn-hangzhou.aliyuncs.com/2023/1.jpg, entryDate=2008-08-18, deptId=2, createTime=2023-10-20T16:35:33, updateTime=2023-10-20T16:35:57, deptName=教研部, exprList=null), Emp(id=11, username=huyanzhuo, password=123456, name=呼延灼, gender=1, phone=13309090011, job=2, salary=9700, image=https://web-framework.oss-cn-hangzhou.aliyuncs.com/2023/1.jpg, entryDate=2007-02-01, deptId=2, createTime=2023-10-20T16:35:33, updateTime=2023-10-20T16:35:55, deptName=教研部, exprList=null), Emp(id=9, username=wusong, password=123456, name=武松, gender=1, phone=13309090009, job=1, salary=4900, image=https://web-framework.oss-cn-hangzhou.aliyuncs.com/2023/1.jpg, entryDate=2011-03-11, deptId=1, createTime=2023-10-20T16:35:33, updateTime=2023-10-20T16:35:51, deptName=学工部, exprList=null), Emp(id=8, username=likui, password=123456, name=李逵, gender=1, phone=13309090008, job=1, salary=4800, image=https://web-framework.oss-cn-hangzhou.aliyuncs.com/2023/1.jpg, entryDate=2014-11-09, deptId=1, createTime=2023-10-20T16:35:33, updateTime=2023-10-20T16:35:49, deptName=学工部, exprList=null), Emp(id=7, username=chaijin, password=123456, name=柴进, gender=1, phone=13309090007, job=1, salary=4700, image=https://web-framework.oss-cn-hangzhou.aliyuncs.com/2023/1.jpg, entryDate=2005-08-01, deptId=1, createTime=2023-10-20T16:35:33, updateTime=2023-10-20T16:35:47, deptName=学工部, exprList=null), Emp(id=5, username=gongsunsheng, password=123456, name=公孙胜, gender=1, phone=13309090005, job=2, salary=9500, image=https://web-framework.oss-cn-hangzhou.aliyuncs.com/2023/1.jpg, entryDate=2012-12-05, deptId=2, createTime=2023-10-20T16:35:33, updateTime=2023-10-20T16:35:43, deptName=教研部, exprList=null), Emp(id=4, username=wuyong, password=123456, name=吴用, gender=1, phone=13309090004, job=2, salary=9200, image=https://web-framework.oss-cn-hangzhou.aliyuncs.com/2023/1.jpg, entryDate=2007-01-01, deptId=2, createTime=2023-10-20T16:35:33, updateTime=2023-10-20T16:35:41, deptName=教研部, exprList=null), Emp(id=3, username=lujunyi, password=123456, name=卢俊义, gender=1, phone=13309090003, job=2, salary=8900, image=https://web-framework.oss-cn-hangzhou.aliyuncs.com/2023/1.jpg, entryDate=2008-05-01, deptId=2, createTime=2023-10-20T16:35:33, updateTime=2023-10-20T16:35:39, deptName=教研部, exprList=null)]，查询参数：{}
2026-05-13 21:35:00.552 [http-nio-8080-exec-2] INFO  org.perswsj.Interceptor.LoginInterCeptor-令牌合法，放行
2026-05-13 21:35:00.556 [http-nio-8080-exec-2] INFO  org.perswsj.controller.EmpController-分页查询员工列表数据，参数：EmpQueryParam(page=4, pageSize=10, name=, gender=null, begin=null, end=null)
2026-05-13 21:35:00.570 [http-nio-8080-exec-2] INFO  org.perswsj.service.impl.EmpServiceImpl-查询员工分页数据，分页参数：Page{count=true, pageNum=4, pageSize=10, startRow=30, endRow=40, total=31, pages=4, reasonable=false, pageSizeZero=false}[Emp(id=2, username=songjiang, password=123456, name=宋江, gender=1, phone=13309090002, job=2, salary=8600, image=https://web-framework.oss-cn-hangzhou.aliyuncs.com/2023/1.jpg, entryDate=2015-01-01, deptId=2, createTime=2023-10-20T16:35:33, updateTime=2023-10-20T16:35:37, deptName=教研部, exprList=null)]，查询参数：{}
2026-05-13 21:35:01.947 [http-nio-8080-exec-3] INFO  org.perswsj.Interceptor.LoginInterCeptor-令牌合法，放行
2026-05-13 21:35:01.948 [http-nio-8080-exec-3] INFO  org.perswsj.controller.DeptController-查询部门全部数据
2026-05-13 21:35:03.469 [http-nio-8080-exec-6] INFO  org.perswsj.Interceptor.LoginInterCeptor-令牌合法，放行
2026-05-13 21:35:03.469 [http-nio-8080-exec-7] INFO  org.perswsj.Interceptor.LoginInterCeptor-令牌合法，放行
2026-05-13 21:35:03.469 [http-nio-8080-exec-6] INFO  org.perswsj.controller.ClazzController-查询所有班级数据
2026-05-13 21:35:03.470 [http-nio-8080-exec-7] INFO  org.perswsj.controller.StudentController-查询学生分页数据，查询参数：StudentQueryParam(name=, degree=null, clazzId=, page=1, pageSize=10)
2026-05-13 21:35:03.476 [http-nio-8080-exec-6] INFO  org.perswsj.service.impl.ClazzServiceImpl-查询所有班级数据，查询结果：[ClazzDto(id=1, name=JavaEE就业163期, room=212, beginDate=2024-04-30, endDate=2024-06-29, masterId=10, subject=1, createTime=2024-06-01T17:08:23, updateTime=2024-06-01T17:39:58), ClazzDto(id=2, name=前端就业90期, room=210, beginDate=2024-07-10, endDate=2024-01-20, masterId=3, subject=2, createTime=2024-06-01T17:45:12, updateTime=2024-06-01T17:45:12), ClazzDto(id=3, name=JavaEE就业165期, room=108, beginDate=2024-06-15, endDate=2024-12-25, masterId=6, subject=1, createTime=2024-06-01T17:45:40, updateTime=2024-06-01T17:45:40), ClazzDto(id=4, name=JavaEE就业166期, room=101, beginDate=2023-06-01, endDate=2024-01-25, masterId=7, subject=1, createTime=2024-06-01T17:46:10, updateTime=2026-04-22T17:06), ClazzDto(id=6, name=JavaEE就业167期, room=325, beginDate=2026-03-20, endDate=2026-08-10, masterId=36, subject=1, createTime=2025-11-15T11:35:46, updateTime=2025-11-15T14:31:24), ClazzDto(id=9, name=JavaAI就业1期, room=200, beginDate=2026-05-01, endDate=2026-08-01, masterId=6, subject=1, createTime=2026-04-21T23:02:48, updateTime=2026-04-21T23:02:48), ClazzDto(id=10, name=python就业1期, room=109, beginDate=2026-04-21, endDate=2026-06-21, masterId=10, subject=4, createTime=2026-04-21T23:04:56, updateTime=2026-04-21T23:04:56)]
2026-05-13 21:35:04.116 [http-nio-8080-exec-5] INFO  org.perswsj.Interceptor.LoginInterCeptor-令牌合法，放行
2026-05-13 21:35:04.116 [http-nio-8080-exec-9] INFO  org.perswsj.Interceptor.LoginInterCeptor-令牌合法，放行
2026-05-13 21:35:04.116 [http-nio-8080-exec-5] INFO  org.perswsj.controller.EmpController-查询全部员工数据
2026-05-13 21:35:04.117 [http-nio-8080-exec-9] INFO  org.perswsj.controller.ClazzController-查询班级分页数据: ClazzQueryParam(page=1, pageSize=10, name=, begin=null, end=null)
2026-05-13 21:35:04.136 [http-nio-8080-exec-9] INFO  org.perswsj.service.impl.ClazzServiceImpl-查询班级分页数据，查询参数：ClazzQueryParam(page=1, pageSize=10, name=, begin=null, end=null)
2026-05-13 21:35:08.002 [http-nio-8080-exec-8] INFO  org.perswsj.Interceptor.LoginInterCeptor-令牌合法，放行
2026-05-13 21:35:08.002 [http-nio-8080-exec-10] INFO  org.perswsj.Interceptor.LoginInterCeptor-令牌合法，放行
2026-05-13 21:35:08.002 [http-nio-8080-exec-10] INFO  org.perswsj.controller.EmpController-查询全部员工数据
2026-05-13 21:35:08.003 [http-nio-8080-exec-8] INFO  org.perswsj.controller.ClazzController-查询班级分页数据: ClazzQueryParam(page=1, pageSize=10, name=, begin=null, end=null)
2026-05-13 21:35:08.019 [http-nio-8080-exec-8] INFO  org.perswsj.service.impl.ClazzServiceImpl-查询班级分页数据，查询参数：ClazzQueryParam(page=1, pageSize=10, name=, begin=null, end=null)
2026-05-13 21:44:50.082 [SpringApplicationShutdownHook] INFO  org.springframework.boot.tomcat.GracefulShutdown-Commencing graceful shutdown. Waiting for active requests to complete
2026-05-13 21:44:50.087 [tomcat-shutdown] INFO  org.springframework.boot.tomcat.GracefulShutdown-Graceful shutdown complete
2026-05-13 21:44:50.089 [SpringApplicationShutdownHook] INFO  com.zaxxer.hikari.HikariDataSource-HikariPool-1 - Shutdown initiated...
2026-05-13 21:44:50.094 [SpringApplicationShutdownHook] INFO  com.zaxxer.hikari.HikariDataSource-HikariPool-1 - Shutdown completed.
