2026-04-26 20:15:47.786 [main] INFO  org.perswsj.TliasWebMangementApplication-Starting TliasWebMangementApplication using Java 21.0.7 with PID 23144 (D:\coding\JavaWeb\back_end\web-ai-project02\tlias-web-mangement\target\classes started by 32188 in D:\coding\JavaWeb\back_end\web-ai-project02)
2026-04-26 20:15:47.787 [main] INFO  org.perswsj.TliasWebMangementApplication-No active profile set, falling back to 1 default profile: "default"
2026-04-26 20:15:48.750 [main] INFO  org.springframework.boot.tomcat.TomcatWebServer-Tomcat initialized with port 8080 (http)
2026-04-26 20:15:48.763 [main] INFO  org.apache.coyote.http11.Http11NioProtocol-Initializing ProtocolHandler ["http-nio-8080"]
2026-04-26 20:15:48.765 [main] INFO  org.apache.catalina.core.StandardService-Starting service [Tomcat]
2026-04-26 20:15:48.767 [main] INFO  org.apache.catalina.core.StandardEngine-Starting Servlet engine: [Apache Tomcat/11.0.18]
2026-04-26 20:15:48.825 [main] INFO  o.s.b.w.c.servlet.WebApplicationContextInitializer-Root WebApplicationContext: initialization completed in 1000 ms
2026-04-26 20:15:49.438 [main] INFO  org.apache.coyote.http11.Http11NioProtocol-Starting ProtocolHandler ["http-nio-8080"]
2026-04-26 20:15:49.458 [main] INFO  org.springframework.boot.tomcat.TomcatWebServer-Tomcat started on port 8080 (http) with context path '/'
2026-04-26 20:15:49.462 [main] INFO  org.perswsj.TliasWebMangementApplication-Started TliasWebMangementApplication in 2.081 seconds (process running for 3.166)
2026-04-26 20:15:59.695 [SpringApplicationShutdownHook] INFO  org.springframework.boot.tomcat.GracefulShutdown-Commencing graceful shutdown. Waiting for active requests to complete
2026-04-26 20:15:59.702 [tomcat-shutdown] INFO  org.springframework.boot.tomcat.GracefulShutdown-Graceful shutdown complete
2026-04-26 20:16:51.959 [main] INFO  org.perswsj.TliasWebMangementApplication-Starting TliasWebMangementApplication using Java 21.0.7 with PID 30384 (D:\coding\JavaWeb\back_end\web-ai-project02\tlias-web-mangement\target\classes started by 32188 in D:\coding\JavaWeb\back_end\web-ai-project02)
2026-04-26 20:16:51.962 [main] INFO  org.perswsj.TliasWebMangementApplication-No active profile set, falling back to 1 default profile: "default"
2026-04-26 20:16:52.690 [main] INFO  org.springframework.boot.tomcat.TomcatWebServer-Tomcat initialized with port 8080 (http)
2026-04-26 20:16:52.701 [main] INFO  org.apache.coyote.http11.Http11NioProtocol-Initializing ProtocolHandler ["http-nio-8080"]
2026-04-26 20:16:52.703 [main] INFO  org.apache.catalina.core.StandardService-Starting service [Tomcat]
2026-04-26 20:16:52.703 [main] INFO  org.apache.catalina.core.StandardEngine-Starting Servlet engine: [Apache Tomcat/11.0.18]
2026-04-26 20:16:52.756 [main] INFO  o.s.b.w.c.servlet.WebApplicationContextInitializer-Root WebApplicationContext: initialization completed in 760 ms
2026-04-26 20:16:53.267 [main] INFO  org.apache.coyote.http11.Http11NioProtocol-Starting ProtocolHandler ["http-nio-8080"]
2026-04-26 20:16:53.286 [main] INFO  org.springframework.boot.tomcat.TomcatWebServer-Tomcat started on port 8080 (http) with context path '/'
2026-04-26 20:16:53.289 [main] INFO  org.perswsj.TliasWebMangementApplication-Started TliasWebMangementApplication in 1.672 seconds (process running for 2.258)
2026-04-26 20:17:51.774 [http-nio-8080-exec-2] INFO  o.a.c.core.ContainerBase.[Tomcat].[localhost].[/]-Initializing Spring DispatcherServlet 'dispatcherServlet'
2026-04-26 20:17:51.774 [http-nio-8080-exec-2] INFO  org.springframework.web.servlet.DispatcherServlet-Initializing Servlet 'dispatcherServlet'
2026-04-26 20:17:51.776 [http-nio-8080-exec-2] INFO  org.springframework.web.servlet.DispatcherServlet-Completed initialization in 2 ms
2026-04-26 20:17:51.818 [http-nio-8080-exec-2] ERROR org.perswsj.exception.GlobalExceptionHeader-程序出错
org.springframework.web.servlet.resource.NoResourceFoundException: No static resource login for request '/login'.
	at org.springframework.web.servlet.resource.ResourceHttpRequestHandler.handleRequest(ResourceHttpRequestHandler.java:527)
	at org.springframework.web.servlet.mvc.HttpRequestHandlerAdapter.handle(HttpRequestHandlerAdapter.java:50)
	at org.springframework.web.servlet.DispatcherServlet.doDispatch(DispatcherServlet.java:963)
	at org.springframework.web.servlet.DispatcherServlet.doService(DispatcherServlet.java:866)
	at org.springframework.web.servlet.FrameworkServlet.processRequest(FrameworkServlet.java:1000)
	at org.springframework.web.servlet.FrameworkServlet.doPost(FrameworkServlet.java:903)
	at jakarta.servlet.http.HttpServlet.service(HttpServlet.java:649)
	at org.springframework.web.servlet.FrameworkServlet.service(FrameworkServlet.java:874)
	at jakarta.servlet.http.HttpServlet.service(HttpServlet.java:710)
	at org.apache.catalina.core.ApplicationFilterChain.doFilter(ApplicationFilterChain.java:128)
	at org.apache.tomcat.websocket.server.WsFilter.doFilter(WsFilter.java:53)
	at org.apache.catalina.core.ApplicationFilterChain.doFilter(ApplicationFilterChain.java:107)
	at org.springframework.web.filter.RequestContextFilter.doFilterInternal(RequestContextFilter.java:100)
	at org.springframework.web.filter.OncePerRequestFilter.doFilter(OncePerRequestFilter.java:116)
	at org.apache.catalina.core.ApplicationFilterChain.doFilter(ApplicationFilterChain.java:107)
	at org.springframework.web.filter.FormContentFilter.doFilterInternal(FormContentFilter.java:93)
	at org.springframework.web.filter.OncePerRequestFilter.doFilter(OncePerRequestFilter.java:116)
	at org.apache.catalina.core.ApplicationFilterChain.doFilter(ApplicationFilterChain.java:107)
	at org.springframework.web.filter.CharacterEncodingFilter.doFilterInternal(CharacterEncodingFilter.java:199)
	at org.springframework.web.filter.OncePerRequestFilter.doFilter(OncePerRequestFilter.java:116)
	at org.apache.catalina.core.ApplicationFilterChain.doFilter(ApplicationFilterChain.java:107)
	at org.apache.catalina.core.StandardWrapperValve.invoke(StandardWrapperValve.java:165)
	at org.apache.catalina.core.StandardContextValve.invoke(StandardContextValve.java:77)
	at org.apache.catalina.authenticator.AuthenticatorBase.invoke(AuthenticatorBase.java:492)
	at org.apache.catalina.core.StandardHostValve.invoke(StandardHostValve.java:113)
	at org.apache.catalina.valves.ErrorReportValve.invoke(ErrorReportValve.java:83)
	at org.apache.catalina.core.StandardEngineValve.invoke(StandardEngineValve.java:72)
	at org.apache.catalina.connector.CoyoteAdapter.service(CoyoteAdapter.java:341)
	at org.apache.coyote.http11.Http11Processor.service(Http11Processor.java:397)
	at org.apache.coyote.AbstractProcessorLight.process(AbstractProcessorLight.java:63)
	at org.apache.coyote.AbstractProtocol$ConnectionHandler.process(AbstractProtocol.java:903)
	at org.apache.tomcat.util.net.NioEndpoint$SocketProcessor.doRun(NioEndpoint.java:1779)
	at org.apache.tomcat.util.net.SocketProcessorBase.run(SocketProcessorBase.java:52)
	at org.apache.tomcat.util.threads.ThreadPoolExecutor.runWorker(ThreadPoolExecutor.java:946)
	at org.apache.tomcat.util.threads.ThreadPoolExecutor$Worker.run(ThreadPoolExecutor.java:480)
	at org.apache.tomcat.util.threads.TaskThread$WrappingRunnable.run(TaskThread.java:57)
	at java.base/java.lang.Thread.run(Thread.java:1583)
2026-04-26 20:18:39.953 [SpringApplicationShutdownHook] INFO  org.springframework.boot.tomcat.GracefulShutdown-Commencing graceful shutdown. Waiting for active requests to complete
2026-04-26 20:18:39.963 [tomcat-shutdown] INFO  org.springframework.boot.tomcat.GracefulShutdown-Graceful shutdown complete
2026-04-26 20:18:42.760 [main] INFO  org.perswsj.TliasWebMangementApplication-Starting TliasWebMangementApplication using Java 21.0.7 with PID 19360 (D:\coding\JavaWeb\back_end\web-ai-project02\tlias-web-mangement\target\classes started by 32188 in D:\coding\JavaWeb\back_end\web-ai-project02)
2026-04-26 20:18:42.763 [main] INFO  org.perswsj.TliasWebMangementApplication-No active profile set, falling back to 1 default profile: "default"
2026-04-26 20:18:43.568 [main] INFO  org.springframework.boot.tomcat.TomcatWebServer-Tomcat initialized with port 8080 (http)
2026-04-26 20:18:43.577 [main] INFO  org.apache.coyote.http11.Http11NioProtocol-Initializing ProtocolHandler ["http-nio-8080"]
2026-04-26 20:18:43.579 [main] INFO  org.apache.catalina.core.StandardService-Starting service [Tomcat]
2026-04-26 20:18:43.579 [main] INFO  org.apache.catalina.core.StandardEngine-Starting Servlet engine: [Apache Tomcat/11.0.18]
2026-04-26 20:18:43.636 [main] INFO  o.s.b.w.c.servlet.WebApplicationContextInitializer-Root WebApplicationContext: initialization completed in 839 ms
2026-04-26 20:18:44.192 [main] INFO  org.apache.coyote.http11.Http11NioProtocol-Starting ProtocolHandler ["http-nio-8080"]
2026-04-26 20:18:44.211 [main] INFO  org.springframework.boot.tomcat.TomcatWebServer-Tomcat started on port 8080 (http) with context path '/'
2026-04-26 20:18:44.214 [main] INFO  org.perswsj.TliasWebMangementApplication-Started TliasWebMangementApplication in 1.785 seconds (process running for 2.382)
2026-04-26 20:18:49.469 [http-nio-8080-exec-2] INFO  o.a.c.core.ContainerBase.[Tomcat].[localhost].[/]-Initializing Spring DispatcherServlet 'dispatcherServlet'
2026-04-26 20:18:49.471 [http-nio-8080-exec-2] INFO  org.springframework.web.servlet.DispatcherServlet-Initializing Servlet 'dispatcherServlet'
2026-04-26 20:18:49.472 [http-nio-8080-exec-2] INFO  org.springframework.web.servlet.DispatcherServlet-Completed initialization in 1 ms
2026-04-26 20:18:49.665 [http-nio-8080-exec-2] INFO  org.perswsj.controller.LoginController-登录: LoginInfo(username=songjiang, name=null, password=123456, token=null)
2026-04-26 20:18:49.703 [http-nio-8080-exec-2] ERROR org.perswsj.exception.GlobalExceptionHeader-程序出错
org.mybatis.spring.MyBatisSystemException: 
### Error querying database.  Cause: org.apache.ibatis.reflection.ReflectionException: There is no getter for property named 'userName' in 'class org.perswsj.model.LoginInfo'
### Cause: org.apache.ibatis.reflection.ReflectionException: There is no getter for property named 'userName' in 'class org.perswsj.model.LoginInfo'
	at org.mybatis.spring.MyBatisExceptionTranslator.translateExceptionIfPossible(MyBatisExceptionTranslator.java:101)
	at org.mybatis.spring.SqlSessionTemplate$SqlSessionInterceptor.invoke(SqlSessionTemplate.java:362)
	at jdk.proxy2/jdk.proxy2.$Proxy72.selectOne(Unknown Source)
	at org.mybatis.spring.SqlSessionTemplate.selectOne(SqlSessionTemplate.java:169)
	at org.apache.ibatis.binding.MapperMethod.execute(MapperMethod.java:87)
	at org.apache.ibatis.binding.MapperProxy$PlainMethodInvoker.invoke(MapperProxy.java:141)
	at org.apache.ibatis.binding.MapperProxy.invoke(MapperProxy.java:86)
	at jdk.proxy2/jdk.proxy2.$Proxy86.selectByUserNameAndPassword(Unknown Source)
	at org.perswsj.service.impl.LoginServiceImpl.login(LoginServiceImpl.java:20)
	at org.perswsj.controller.LoginController.login(LoginController.java:28)
	at java.base/jdk.internal.reflect.DirectMethodHandleAccessor.invoke(DirectMethodHandleAccessor.java:103)
	at java.base/java.lang.reflect.Method.invoke(Method.java:580)
	at org.springframework.web.method.support.InvocableHandlerMethod.doInvoke(InvocableHandlerMethod.java:252)
	at org.springframework.web.method.support.InvocableHandlerMethod.invokeForRequest(InvocableHandlerMethod.java:184)
	at org.springframework.web.servlet.mvc.method.annotation.ServletInvocableHandlerMethod.invokeAndHandle(ServletInvocableHandlerMethod.java:117)
	at org.springframework.web.servlet.mvc.method.annotation.RequestMappingHandlerAdapter.invokeHandlerMethod(RequestMappingHandlerAdapter.java:934)
	at org.springframework.web.servlet.mvc.method.annotation.RequestMappingHandlerAdapter.handleInternal(RequestMappingHandlerAdapter.java:853)
	at org.springframework.web.servlet.mvc.method.AbstractHandlerMethodAdapter.handle(AbstractHandlerMethodAdapter.java:86)
	at org.springframework.web.servlet.DispatcherServlet.doDispatch(DispatcherServlet.java:963)
	at org.springframework.web.servlet.DispatcherServlet.doService(DispatcherServlet.java:866)
	at org.springframework.web.servlet.FrameworkServlet.processRequest(FrameworkServlet.java:1000)
	at org.springframework.web.servlet.FrameworkServlet.doPost(FrameworkServlet.java:903)
	at jakarta.servlet.http.HttpServlet.service(HttpServlet.java:649)
	at org.springframework.web.servlet.FrameworkServlet.service(FrameworkServlet.java:874)
	at jakarta.servlet.http.HttpServlet.service(HttpServlet.java:710)
	at org.apache.catalina.core.ApplicationFilterChain.doFilter(ApplicationFilterChain.java:128)
	at org.apache.tomcat.websocket.server.WsFilter.doFilter(WsFilter.java:53)
	at org.apache.catalina.core.ApplicationFilterChain.doFilter(ApplicationFilterChain.java:107)
	at org.springframework.web.filter.RequestContextFilter.doFilterInternal(RequestContextFilter.java:100)
	at org.springframework.web.filter.OncePerRequestFilter.doFilter(OncePerRequestFilter.java:116)
	at org.apache.catalina.core.ApplicationFilterChain.doFilter(ApplicationFilterChain.java:107)
	at org.springframework.web.filter.FormContentFilter.doFilterInternal(FormContentFilter.java:93)
	at org.springframework.web.filter.OncePerRequestFilter.doFilter(OncePerRequestFilter.java:116)
	at org.apache.catalina.core.ApplicationFilterChain.doFilter(ApplicationFilterChain.java:107)
	at org.springframework.web.filter.CharacterEncodingFilter.doFilterInternal(CharacterEncodingFilter.java:199)
	at org.springframework.web.filter.OncePerRequestFilter.doFilter(OncePerRequestFilter.java:116)
	at org.apache.catalina.core.ApplicationFilterChain.doFilter(ApplicationFilterChain.java:107)
	at org.apache.catalina.core.StandardWrapperValve.invoke(StandardWrapperValve.java:165)
	at org.apache.catalina.core.StandardContextValve.invoke(StandardContextValve.java:77)
	at org.apache.catalina.authenticator.AuthenticatorBase.invoke(AuthenticatorBase.java:492)
	at org.apache.catalina.core.StandardHostValve.invoke(StandardHostValve.java:113)
	at org.apache.catalina.valves.ErrorReportValve.invoke(ErrorReportValve.java:83)
	at org.apache.catalina.core.StandardEngineValve.invoke(StandardEngineValve.java:72)
	at org.apache.catalina.connector.CoyoteAdapter.service(CoyoteAdapter.java:341)
	at org.apache.coyote.http11.Http11Processor.service(Http11Processor.java:397)
	at org.apache.coyote.AbstractProcessorLight.process(AbstractProcessorLight.java:63)
	at org.apache.coyote.AbstractProtocol$ConnectionHandler.process(AbstractProtocol.java:903)
	at org.apache.tomcat.util.net.NioEndpoint$SocketProcessor.doRun(NioEndpoint.java:1779)
	at org.apache.tomcat.util.net.SocketProcessorBase.run(SocketProcessorBase.java:52)
	at org.apache.tomcat.util.threads.ThreadPoolExecutor.runWorker(ThreadPoolExecutor.java:946)
	at org.apache.tomcat.util.threads.ThreadPoolExecutor$Worker.run(ThreadPoolExecutor.java:480)
	at org.apache.tomcat.util.threads.TaskThread$WrappingRunnable.run(TaskThread.java:57)
	at java.base/java.lang.Thread.run(Thread.java:1583)
Caused by: org.apache.ibatis.reflection.ReflectionException: There is no getter for property named 'userName' in 'class org.perswsj.model.LoginInfo'
	at org.apache.ibatis.reflection.Reflector.getGetInvoker(Reflector.java:385)
	at org.apache.ibatis.reflection.MetaClass.getGetInvoker(MetaClass.java:160)
	at org.apache.ibatis.reflection.wrapper.BeanWrapper.getBeanProperty(BeanWrapper.java:156)
	at org.apache.ibatis.reflection.wrapper.BeanWrapper.get(BeanWrapper.java:50)
	at org.apache.ibatis.reflection.MetaObject.getValue(MetaObject.java:115)
	at org.apache.ibatis.executor.BaseExecutor.createCacheKey(BaseExecutor.java:225)
	at org.apache.ibatis.executor.CachingExecutor.createCacheKey(CachingExecutor.java:149)
	at com.github.pagehelper.PageInterceptor.intercept(PageInterceptor.java:120)
	at org.apache.ibatis.plugin.Plugin.invoke(Plugin.java:59)
	at jdk.proxy2/jdk.proxy2.$Proxy95.query(Unknown Source)
	at org.apache.ibatis.session.defaults.DefaultSqlSession.selectList(DefaultSqlSession.java:154)
	at org.apache.ibatis.session.defaults.DefaultSqlSession.selectList(DefaultSqlSession.java:147)
	at org.apache.ibatis.session.defaults.DefaultSqlSession.selectList(DefaultSqlSession.java:142)
	at org.apache.ibatis.session.defaults.DefaultSqlSession.selectOne(DefaultSqlSession.java:75)
	at java.base/jdk.internal.reflect.DirectMethodHandleAccessor.invoke(DirectMethodHandleAccessor.java:103)
	at java.base/java.lang.reflect.Method.invoke(Method.java:580)
	at org.mybatis.spring.SqlSessionTemplate$SqlSessionInterceptor.invoke(SqlSessionTemplate.java:348)
	... 51 common frames omitted
2026-04-26 20:20:04.068 [SpringApplicationShutdownHook] INFO  org.springframework.boot.tomcat.GracefulShutdown-Commencing graceful shutdown. Waiting for active requests to complete
2026-04-26 20:20:04.075 [tomcat-shutdown] INFO  org.springframework.boot.tomcat.GracefulShutdown-Graceful shutdown complete
2026-04-26 20:20:06.816 [main] INFO  org.perswsj.TliasWebMangementApplication-Starting TliasWebMangementApplication using Java 21.0.7 with PID 34928 (D:\coding\JavaWeb\back_end\web-ai-project02\tlias-web-mangement\target\classes started by 32188 in D:\coding\JavaWeb\back_end\web-ai-project02)
2026-04-26 20:20:06.818 [main] INFO  org.perswsj.TliasWebMangementApplication-No active profile set, falling back to 1 default profile: "default"
2026-04-26 20:20:07.561 [main] INFO  org.springframework.boot.tomcat.TomcatWebServer-Tomcat initialized with port 8080 (http)
2026-04-26 20:20:07.574 [main] INFO  org.apache.coyote.http11.Http11NioProtocol-Initializing ProtocolHandler ["http-nio-8080"]
2026-04-26 20:20:07.576 [main] INFO  org.apache.catalina.core.StandardService-Starting service [Tomcat]
2026-04-26 20:20:07.576 [main] INFO  org.apache.catalina.core.StandardEngine-Starting Servlet engine: [Apache Tomcat/11.0.18]
2026-04-26 20:20:07.627 [main] INFO  o.s.b.w.c.servlet.WebApplicationContextInitializer-Root WebApplicationContext: initialization completed in 773 ms
2026-04-26 20:20:08.137 [main] INFO  org.apache.coyote.http11.Http11NioProtocol-Starting ProtocolHandler ["http-nio-8080"]
2026-04-26 20:20:08.156 [main] INFO  org.springframework.boot.tomcat.TomcatWebServer-Tomcat started on port 8080 (http) with context path '/'
2026-04-26 20:20:08.159 [main] INFO  org.perswsj.TliasWebMangementApplication-Started TliasWebMangementApplication in 1.669 seconds (process running for 2.238)
2026-04-26 20:20:10.664 [http-nio-8080-exec-2] INFO  o.a.c.core.ContainerBase.[Tomcat].[localhost].[/]-Initializing Spring DispatcherServlet 'dispatcherServlet'
2026-04-26 20:20:10.664 [http-nio-8080-exec-2] INFO  org.springframework.web.servlet.DispatcherServlet-Initializing Servlet 'dispatcherServlet'
2026-04-26 20:20:10.665 [http-nio-8080-exec-2] INFO  org.springframework.web.servlet.DispatcherServlet-Completed initialization in 1 ms
2026-04-26 20:20:10.846 [http-nio-8080-exec-2] INFO  org.perswsj.controller.LoginController-登录: LoginInfo(username=songjiang, name=null, password=123456, token=null)
2026-04-26 20:20:10.892 [http-nio-8080-exec-2] INFO  com.zaxxer.hikari.HikariDataSource-HikariPool-1 - Starting...
2026-04-26 20:20:11.672 [http-nio-8080-exec-2] INFO  com.zaxxer.hikari.pool.HikariPool-HikariPool-1 - Added connection com.mysql.cj.jdbc.ConnectionImpl@393967c5
2026-04-26 20:20:11.675 [http-nio-8080-exec-2] INFO  com.zaxxer.hikari.HikariDataSource-HikariPool-1 - Start completed.
2026-04-26 20:20:12.757 [http-nio-8080-exec-2] ERROR org.perswsj.exception.GlobalExceptionHeader-程序出错
org.springframework.jdbc.BadSqlGrammarException: 
### Error querying database.  Cause: java.sql.SQLSyntaxErrorException: Table 'tlias.login_info' doesn't exist
### The error may exist in org/perswsj/mapper/LoginMapper.xml
### The error may involve defaultParameterMap
### The error occurred while setting parameters
### SQL: SELECT * FROM login_info WHERE user_name = ? AND password = ?
### Cause: java.sql.SQLSyntaxErrorException: Table 'tlias.login_info' doesn't exist
; bad SQL grammar []
	at org.springframework.jdbc.support.SQLErrorCodeSQLExceptionTranslator.doTranslate(SQLErrorCodeSQLExceptionTranslator.java:244)
	at org.springframework.jdbc.support.AbstractFallbackSQLExceptionTranslator.translate(AbstractFallbackSQLExceptionTranslator.java:102)
	at org.mybatis.spring.MyBatisExceptionTranslator.translateExceptionIfPossible(MyBatisExceptionTranslator.java:95)
	at org.mybatis.spring.SqlSessionTemplate$SqlSessionInterceptor.invoke(SqlSessionTemplate.java:362)
	at jdk.proxy2/jdk.proxy2.$Proxy72.selectOne(Unknown Source)
	at org.mybatis.spring.SqlSessionTemplate.selectOne(SqlSessionTemplate.java:169)
	at org.apache.ibatis.binding.MapperMethod.execute(MapperMethod.java:87)
	at org.apache.ibatis.binding.MapperProxy$PlainMethodInvoker.invoke(MapperProxy.java:141)
	at org.apache.ibatis.binding.MapperProxy.invoke(MapperProxy.java:86)
	at jdk.proxy2/jdk.proxy2.$Proxy86.selectByUserNameAndPassword(Unknown Source)
	at org.perswsj.service.impl.LoginServiceImpl.login(LoginServiceImpl.java:20)
	at org.perswsj.controller.LoginController.login(LoginController.java:28)
	at java.base/jdk.internal.reflect.DirectMethodHandleAccessor.invoke(DirectMethodHandleAccessor.java:103)
	at java.base/java.lang.reflect.Method.invoke(Method.java:580)
	at org.springframework.web.method.support.InvocableHandlerMethod.doInvoke(InvocableHandlerMethod.java:252)
	at org.springframework.web.method.support.InvocableHandlerMethod.invokeForRequest(InvocableHandlerMethod.java:184)
	at org.springframework.web.servlet.mvc.method.annotation.ServletInvocableHandlerMethod.invokeAndHandle(ServletInvocableHandlerMethod.java:117)
	at org.springframework.web.servlet.mvc.method.annotation.RequestMappingHandlerAdapter.invokeHandlerMethod(RequestMappingHandlerAdapter.java:934)
	at org.springframework.web.servlet.mvc.method.annotation.RequestMappingHandlerAdapter.handleInternal(RequestMappingHandlerAdapter.java:853)
	at org.springframework.web.servlet.mvc.method.AbstractHandlerMethodAdapter.handle(AbstractHandlerMethodAdapter.java:86)
	at org.springframework.web.servlet.DispatcherServlet.doDispatch(DispatcherServlet.java:963)
	at org.springframework.web.servlet.DispatcherServlet.doService(DispatcherServlet.java:866)
	at org.springframework.web.servlet.FrameworkServlet.processRequest(FrameworkServlet.java:1000)
	at org.springframework.web.servlet.FrameworkServlet.doPost(FrameworkServlet.java:903)
	at jakarta.servlet.http.HttpServlet.service(HttpServlet.java:649)
	at org.springframework.web.servlet.FrameworkServlet.service(FrameworkServlet.java:874)
	at jakarta.servlet.http.HttpServlet.service(HttpServlet.java:710)
	at org.apache.catalina.core.ApplicationFilterChain.doFilter(ApplicationFilterChain.java:128)
	at org.apache.tomcat.websocket.server.WsFilter.doFilter(WsFilter.java:53)
	at org.apache.catalina.core.ApplicationFilterChain.doFilter(ApplicationFilterChain.java:107)
	at org.springframework.web.filter.RequestContextFilter.doFilterInternal(RequestContextFilter.java:100)
	at org.springframework.web.filter.OncePerRequestFilter.doFilter(OncePerRequestFilter.java:116)
	at org.apache.catalina.core.ApplicationFilterChain.doFilter(ApplicationFilterChain.java:107)
	at org.springframework.web.filter.FormContentFilter.doFilterInternal(FormContentFilter.java:93)
	at org.springframework.web.filter.OncePerRequestFilter.doFilter(OncePerRequestFilter.java:116)
	at org.apache.catalina.core.ApplicationFilterChain.doFilter(ApplicationFilterChain.java:107)
	at org.springframework.web.filter.CharacterEncodingFilter.doFilterInternal(CharacterEncodingFilter.java:199)
	at org.springframework.web.filter.OncePerRequestFilter.doFilter(OncePerRequestFilter.java:116)
	at org.apache.catalina.core.ApplicationFilterChain.doFilter(ApplicationFilterChain.java:107)
	at org.apache.catalina.core.StandardWrapperValve.invoke(StandardWrapperValve.java:165)
	at org.apache.catalina.core.StandardContextValve.invoke(StandardContextValve.java:77)
	at org.apache.catalina.authenticator.AuthenticatorBase.invoke(AuthenticatorBase.java:492)
	at org.apache.catalina.core.StandardHostValve.invoke(StandardHostValve.java:113)
	at org.apache.catalina.valves.ErrorReportValve.invoke(ErrorReportValve.java:83)
	at org.apache.catalina.core.StandardEngineValve.invoke(StandardEngineValve.java:72)
	at org.apache.catalina.connector.CoyoteAdapter.service(CoyoteAdapter.java:341)
	at org.apache.coyote.http11.Http11Processor.service(Http11Processor.java:397)
	at org.apache.coyote.AbstractProcessorLight.process(AbstractProcessorLight.java:63)
	at org.apache.coyote.AbstractProtocol$ConnectionHandler.process(AbstractProtocol.java:903)
	at org.apache.tomcat.util.net.NioEndpoint$SocketProcessor.doRun(NioEndpoint.java:1779)
	at org.apache.tomcat.util.net.SocketProcessorBase.run(SocketProcessorBase.java:52)
	at org.apache.tomcat.util.threads.ThreadPoolExecutor.runWorker(ThreadPoolExecutor.java:946)
	at org.apache.tomcat.util.threads.ThreadPoolExecutor$Worker.run(ThreadPoolExecutor.java:480)
	at org.apache.tomcat.util.threads.TaskThread$WrappingRunnable.run(TaskThread.java:57)
	at java.base/java.lang.Thread.run(Thread.java:1583)
Caused by: java.sql.SQLSyntaxErrorException: Table 'tlias.login_info' doesn't exist
	at com.mysql.cj.jdbc.exceptions.SQLError.createSQLException(SQLError.java:112)
	at com.mysql.cj.jdbc.exceptions.SQLExceptionsMapping.translateException(SQLExceptionsMapping.java:114)
	at com.mysql.cj.jdbc.ClientPreparedStatement.executeInternal(ClientPreparedStatement.java:988)
	at com.mysql.cj.jdbc.ClientPreparedStatement.execute(ClientPreparedStatement.java:383)
	at com.zaxxer.hikari.pool.ProxyPreparedStatement.execute(ProxyPreparedStatement.java:44)
	at com.zaxxer.hikari.pool.HikariProxyPreparedStatement.execute(HikariProxyPreparedStatement.java)
	at java.base/jdk.internal.reflect.DirectMethodHandleAccessor.invoke(DirectMethodHandleAccessor.java:103)
	at java.base/java.lang.reflect.Method.invoke(Method.java:580)
	at org.apache.ibatis.logging.jdbc.PreparedStatementLogger.invoke(PreparedStatementLogger.java:58)
	at jdk.proxy3/jdk.proxy3.$Proxy97.execute(Unknown Source)
	at org.apache.ibatis.executor.statement.PreparedStatementHandler.query(PreparedStatementHandler.java:65)
	at org.apache.ibatis.executor.statement.RoutingStatementHandler.query(RoutingStatementHandler.java:80)
	at org.apache.ibatis.executor.SimpleExecutor.doQuery(SimpleExecutor.java:65)
	at org.apache.ibatis.executor.BaseExecutor.queryFromDatabase(BaseExecutor.java:336)
	at org.apache.ibatis.executor.BaseExecutor.query(BaseExecutor.java:158)
	at org.apache.ibatis.executor.CachingExecutor.query(CachingExecutor.java:110)
	at com.github.pagehelper.PageInterceptor.intercept(PageInterceptor.java:151)
	at org.apache.ibatis.plugin.Plugin.invoke(Plugin.java:59)
	at jdk.proxy2/jdk.proxy2.$Proxy95.query(Unknown Source)
	at org.apache.ibatis.session.defaults.DefaultSqlSession.selectList(DefaultSqlSession.java:154)
	at org.apache.ibatis.session.defaults.DefaultSqlSession.selectList(DefaultSqlSession.java:147)
	at org.apache.ibatis.session.defaults.DefaultSqlSession.selectList(DefaultSqlSession.java:142)
	at org.apache.ibatis.session.defaults.DefaultSqlSession.selectOne(DefaultSqlSession.java:75)
	at java.base/jdk.internal.reflect.DirectMethodHandleAccessor.invoke(DirectMethodHandleAccessor.java:103)
	at java.base/java.lang.reflect.Method.invoke(Method.java:580)
	at org.mybatis.spring.SqlSessionTemplate$SqlSessionInterceptor.invoke(SqlSessionTemplate.java:348)
	... 51 common frames omitted
2026-04-26 20:21:23.443 [SpringApplicationShutdownHook] INFO  org.springframework.boot.tomcat.GracefulShutdown-Commencing graceful shutdown. Waiting for active requests to complete
2026-04-26 20:21:23.448 [tomcat-shutdown] INFO  org.springframework.boot.tomcat.GracefulShutdown-Graceful shutdown complete
2026-04-26 20:21:23.452 [SpringApplicationShutdownHook] INFO  com.zaxxer.hikari.HikariDataSource-HikariPool-1 - Shutdown initiated...
2026-04-26 20:21:23.459 [SpringApplicationShutdownHook] INFO  com.zaxxer.hikari.HikariDataSource-HikariPool-1 - Shutdown completed.
2026-04-26 20:21:25.053 [main] INFO  org.perswsj.TliasWebMangementApplication-Starting TliasWebMangementApplication using Java 21.0.7 with PID 35800 (D:\coding\JavaWeb\back_end\web-ai-project02\tlias-web-mangement\target\classes started by 32188 in D:\coding\JavaWeb\back_end\web-ai-project02)
2026-04-26 20:21:25.055 [main] INFO  org.perswsj.TliasWebMangementApplication-No active profile set, falling back to 1 default profile: "default"
2026-04-26 20:21:25.856 [main] INFO  org.springframework.boot.tomcat.TomcatWebServer-Tomcat initialized with port 8080 (http)
2026-04-26 20:21:25.868 [main] INFO  org.apache.coyote.http11.Http11NioProtocol-Initializing ProtocolHandler ["http-nio-8080"]
2026-04-26 20:21:25.870 [main] INFO  org.apache.catalina.core.StandardService-Starting service [Tomcat]
2026-04-26 20:21:25.870 [main] INFO  org.apache.catalina.core.StandardEngine-Starting Servlet engine: [Apache Tomcat/11.0.18]
2026-04-26 20:21:25.935 [main] INFO  o.s.b.w.c.servlet.WebApplicationContextInitializer-Root WebApplicationContext: initialization completed in 845 ms
2026-04-26 20:21:26.499 [main] INFO  org.apache.coyote.http11.Http11NioProtocol-Starting ProtocolHandler ["http-nio-8080"]
2026-04-26 20:21:26.520 [main] INFO  org.springframework.boot.tomcat.TomcatWebServer-Tomcat started on port 8080 (http) with context path '/'
2026-04-26 20:21:26.523 [main] INFO  org.perswsj.TliasWebMangementApplication-Started TliasWebMangementApplication in 1.807 seconds (process running for 2.448)
2026-04-26 20:22:43.599 [http-nio-8080-exec-2] INFO  o.a.c.core.ContainerBase.[Tomcat].[localhost].[/]-Initializing Spring DispatcherServlet 'dispatcherServlet'
2026-04-26 20:22:43.599 [http-nio-8080-exec-2] INFO  org.springframework.web.servlet.DispatcherServlet-Initializing Servlet 'dispatcherServlet'
2026-04-26 20:22:43.600 [http-nio-8080-exec-2] INFO  org.springframework.web.servlet.DispatcherServlet-Completed initialization in 1 ms
2026-04-26 20:22:43.772 [http-nio-8080-exec-2] INFO  org.perswsj.controller.LoginController-登录: LoginInfo(username=songjiang, name=null, password=123456, token=null)
2026-04-26 20:22:43.804 [http-nio-8080-exec-2] INFO  com.zaxxer.hikari.HikariDataSource-HikariPool-1 - Starting...
2026-04-26 20:22:44.388 [http-nio-8080-exec-2] INFO  com.zaxxer.hikari.pool.HikariPool-HikariPool-1 - Added connection com.mysql.cj.jdbc.ConnectionImpl@29548e54
2026-04-26 20:22:44.392 [http-nio-8080-exec-2] INFO  com.zaxxer.hikari.HikariDataSource-HikariPool-1 - Start completed.
2026-04-26 20:22:45.418 [http-nio-8080-exec-2] ERROR org.perswsj.exception.GlobalExceptionHeader-程序出错
org.springframework.jdbc.BadSqlGrammarException: 
### Error querying database.  Cause: java.sql.SQLSyntaxErrorException: Unknown column 'user_name' in 'where clause'
### The error may exist in org/perswsj/mapper/LoginMapper.xml
### The error may involve defaultParameterMap
### The error occurred while setting parameters
### SQL: SELECT * FROM Emp WHERE user_name = ? AND password = ?
### Cause: java.sql.SQLSyntaxErrorException: Unknown column 'user_name' in 'where clause'
; bad SQL grammar []
	at org.springframework.jdbc.support.SQLErrorCodeSQLExceptionTranslator.doTranslate(SQLErrorCodeSQLExceptionTranslator.java:244)
	at org.springframework.jdbc.support.AbstractFallbackSQLExceptionTranslator.translate(AbstractFallbackSQLExceptionTranslator.java:102)
	at org.mybatis.spring.MyBatisExceptionTranslator.translateExceptionIfPossible(MyBatisExceptionTranslator.java:95)
	at org.mybatis.spring.SqlSessionTemplate$SqlSessionInterceptor.invoke(SqlSessionTemplate.java:362)
	at jdk.proxy2/jdk.proxy2.$Proxy72.selectOne(Unknown Source)
	at org.mybatis.spring.SqlSessionTemplate.selectOne(SqlSessionTemplate.java:169)
	at org.apache.ibatis.binding.MapperMethod.execute(MapperMethod.java:87)
	at org.apache.ibatis.binding.MapperProxy$PlainMethodInvoker.invoke(MapperProxy.java:141)
	at org.apache.ibatis.binding.MapperProxy.invoke(MapperProxy.java:86)
	at jdk.proxy2/jdk.proxy2.$Proxy86.selectByUserNameAndPassword(Unknown Source)
	at org.perswsj.service.impl.LoginServiceImpl.login(LoginServiceImpl.java:20)
	at org.perswsj.controller.LoginController.login(LoginController.java:28)
	at java.base/jdk.internal.reflect.DirectMethodHandleAccessor.invoke(DirectMethodHandleAccessor.java:103)
	at java.base/java.lang.reflect.Method.invoke(Method.java:580)
	at org.springframework.web.method.support.InvocableHandlerMethod.doInvoke(InvocableHandlerMethod.java:252)
	at org.springframework.web.method.support.InvocableHandlerMethod.invokeForRequest(InvocableHandlerMethod.java:184)
	at org.springframework.web.servlet.mvc.method.annotation.ServletInvocableHandlerMethod.invokeAndHandle(ServletInvocableHandlerMethod.java:117)
	at org.springframework.web.servlet.mvc.method.annotation.RequestMappingHandlerAdapter.invokeHandlerMethod(RequestMappingHandlerAdapter.java:934)
	at org.springframework.web.servlet.mvc.method.annotation.RequestMappingHandlerAdapter.handleInternal(RequestMappingHandlerAdapter.java:853)
	at org.springframework.web.servlet.mvc.method.AbstractHandlerMethodAdapter.handle(AbstractHandlerMethodAdapter.java:86)
	at org.springframework.web.servlet.DispatcherServlet.doDispatch(DispatcherServlet.java:963)
	at org.springframework.web.servlet.DispatcherServlet.doService(DispatcherServlet.java:866)
	at org.springframework.web.servlet.FrameworkServlet.processRequest(FrameworkServlet.java:1000)
	at org.springframework.web.servlet.FrameworkServlet.doPost(FrameworkServlet.java:903)
	at jakarta.servlet.http.HttpServlet.service(HttpServlet.java:649)
	at org.springframework.web.servlet.FrameworkServlet.service(FrameworkServlet.java:874)
	at jakarta.servlet.http.HttpServlet.service(HttpServlet.java:710)
	at org.apache.catalina.core.ApplicationFilterChain.doFilter(ApplicationFilterChain.java:128)
	at org.apache.tomcat.websocket.server.WsFilter.doFilter(WsFilter.java:53)
	at org.apache.catalina.core.ApplicationFilterChain.doFilter(ApplicationFilterChain.java:107)
	at org.springframework.web.filter.RequestContextFilter.doFilterInternal(RequestContextFilter.java:100)
	at org.springframework.web.filter.OncePerRequestFilter.doFilter(OncePerRequestFilter.java:116)
	at org.apache.catalina.core.ApplicationFilterChain.doFilter(ApplicationFilterChain.java:107)
	at org.springframework.web.filter.FormContentFilter.doFilterInternal(FormContentFilter.java:93)
	at org.springframework.web.filter.OncePerRequestFilter.doFilter(OncePerRequestFilter.java:116)
	at org.apache.catalina.core.ApplicationFilterChain.doFilter(ApplicationFilterChain.java:107)
	at org.springframework.web.filter.CharacterEncodingFilter.doFilterInternal(CharacterEncodingFilter.java:199)
	at org.springframework.web.filter.OncePerRequestFilter.doFilter(OncePerRequestFilter.java:116)
	at org.apache.catalina.core.ApplicationFilterChain.doFilter(ApplicationFilterChain.java:107)
	at org.apache.catalina.core.StandardWrapperValve.invoke(StandardWrapperValve.java:165)
	at org.apache.catalina.core.StandardContextValve.invoke(StandardContextValve.java:77)
	at org.apache.catalina.authenticator.AuthenticatorBase.invoke(AuthenticatorBase.java:492)
	at org.apache.catalina.core.StandardHostValve.invoke(StandardHostValve.java:113)
	at org.apache.catalina.valves.ErrorReportValve.invoke(ErrorReportValve.java:83)
	at org.apache.catalina.core.StandardEngineValve.invoke(StandardEngineValve.java:72)
	at org.apache.catalina.connector.CoyoteAdapter.service(CoyoteAdapter.java:341)
	at org.apache.coyote.http11.Http11Processor.service(Http11Processor.java:397)
	at org.apache.coyote.AbstractProcessorLight.process(AbstractProcessorLight.java:63)
	at org.apache.coyote.AbstractProtocol$ConnectionHandler.process(AbstractProtocol.java:903)
	at org.apache.tomcat.util.net.NioEndpoint$SocketProcessor.doRun(NioEndpoint.java:1779)
	at org.apache.tomcat.util.net.SocketProcessorBase.run(SocketProcessorBase.java:52)
	at org.apache.tomcat.util.threads.ThreadPoolExecutor.runWorker(ThreadPoolExecutor.java:946)
	at org.apache.tomcat.util.threads.ThreadPoolExecutor$Worker.run(ThreadPoolExecutor.java:480)
	at org.apache.tomcat.util.threads.TaskThread$WrappingRunnable.run(TaskThread.java:57)
	at java.base/java.lang.Thread.run(Thread.java:1583)
Caused by: java.sql.SQLSyntaxErrorException: Unknown column 'user_name' in 'where clause'
	at com.mysql.cj.jdbc.exceptions.SQLError.createSQLException(SQLError.java:112)
	at com.mysql.cj.jdbc.exceptions.SQLExceptionsMapping.translateException(SQLExceptionsMapping.java:114)
	at com.mysql.cj.jdbc.ClientPreparedStatement.executeInternal(ClientPreparedStatement.java:988)
	at com.mysql.cj.jdbc.ClientPreparedStatement.execute(ClientPreparedStatement.java:383)
	at com.zaxxer.hikari.pool.ProxyPreparedStatement.execute(ProxyPreparedStatement.java:44)
	at com.zaxxer.hikari.pool.HikariProxyPreparedStatement.execute(HikariProxyPreparedStatement.java)
	at java.base/jdk.internal.reflect.DirectMethodHandleAccessor.invoke(DirectMethodHandleAccessor.java:103)
	at java.base/java.lang.reflect.Method.invoke(Method.java:580)
	at org.apache.ibatis.logging.jdbc.PreparedStatementLogger.invoke(PreparedStatementLogger.java:58)
	at jdk.proxy3/jdk.proxy3.$Proxy97.execute(Unknown Source)
	at org.apache.ibatis.executor.statement.PreparedStatementHandler.query(PreparedStatementHandler.java:65)
	at org.apache.ibatis.executor.statement.RoutingStatementHandler.query(RoutingStatementHandler.java:80)
	at org.apache.ibatis.executor.SimpleExecutor.doQuery(SimpleExecutor.java:65)
	at org.apache.ibatis.executor.BaseExecutor.queryFromDatabase(BaseExecutor.java:336)
	at org.apache.ibatis.executor.BaseExecutor.query(BaseExecutor.java:158)
	at org.apache.ibatis.executor.CachingExecutor.query(CachingExecutor.java:110)
	at com.github.pagehelper.PageInterceptor.intercept(PageInterceptor.java:151)
	at org.apache.ibatis.plugin.Plugin.invoke(Plugin.java:59)
	at jdk.proxy2/jdk.proxy2.$Proxy95.query(Unknown Source)
	at org.apache.ibatis.session.defaults.DefaultSqlSession.selectList(DefaultSqlSession.java:154)
	at org.apache.ibatis.session.defaults.DefaultSqlSession.selectList(DefaultSqlSession.java:147)
	at org.apache.ibatis.session.defaults.DefaultSqlSession.selectList(DefaultSqlSession.java:142)
	at org.apache.ibatis.session.defaults.DefaultSqlSession.selectOne(DefaultSqlSession.java:75)
	at java.base/jdk.internal.reflect.DirectMethodHandleAccessor.invoke(DirectMethodHandleAccessor.java:103)
	at java.base/java.lang.reflect.Method.invoke(Method.java:580)
	at org.mybatis.spring.SqlSessionTemplate$SqlSessionInterceptor.invoke(SqlSessionTemplate.java:348)
	... 51 common frames omitted
2026-04-26 20:23:24.659 [SpringApplicationShutdownHook] INFO  org.springframework.boot.tomcat.GracefulShutdown-Commencing graceful shutdown. Waiting for active requests to complete
2026-04-26 20:23:24.662 [tomcat-shutdown] INFO  org.springframework.boot.tomcat.GracefulShutdown-Graceful shutdown complete
2026-04-26 20:23:24.665 [SpringApplicationShutdownHook] INFO  com.zaxxer.hikari.HikariDataSource-HikariPool-1 - Shutdown initiated...
2026-04-26 20:23:24.670 [SpringApplicationShutdownHook] INFO  com.zaxxer.hikari.HikariDataSource-HikariPool-1 - Shutdown completed.
2026-04-26 20:23:26.119 [main] INFO  org.perswsj.TliasWebMangementApplication-Starting TliasWebMangementApplication using Java 21.0.7 with PID 32316 (D:\coding\JavaWeb\back_end\web-ai-project02\tlias-web-mangement\target\classes started by 32188 in D:\coding\JavaWeb\back_end\web-ai-project02)
2026-04-26 20:23:26.120 [main] INFO  org.perswsj.TliasWebMangementApplication-No active profile set, falling back to 1 default profile: "default"
2026-04-26 20:23:26.875 [main] INFO  org.springframework.boot.tomcat.TomcatWebServer-Tomcat initialized with port 8080 (http)
2026-04-26 20:23:26.886 [main] INFO  org.apache.coyote.http11.Http11NioProtocol-Initializing ProtocolHandler ["http-nio-8080"]
2026-04-26 20:23:26.888 [main] INFO  org.apache.catalina.core.StandardService-Starting service [Tomcat]
2026-04-26 20:23:26.888 [main] INFO  org.apache.catalina.core.StandardEngine-Starting Servlet engine: [Apache Tomcat/11.0.18]
2026-04-26 20:23:26.946 [main] INFO  o.s.b.w.c.servlet.WebApplicationContextInitializer-Root WebApplicationContext: initialization completed in 791 ms
2026-04-26 20:23:27.466 [main] INFO  org.apache.coyote.http11.Http11NioProtocol-Starting ProtocolHandler ["http-nio-8080"]
2026-04-26 20:23:27.486 [main] INFO  org.springframework.boot.tomcat.TomcatWebServer-Tomcat started on port 8080 (http) with context path '/'
2026-04-26 20:23:27.490 [main] INFO  org.perswsj.TliasWebMangementApplication-Started TliasWebMangementApplication in 1.698 seconds (process running for 2.288)
2026-04-26 20:23:43.014 [http-nio-8080-exec-2] INFO  o.a.c.core.ContainerBase.[Tomcat].[localhost].[/]-Initializing Spring DispatcherServlet 'dispatcherServlet'
2026-04-26 20:23:43.014 [http-nio-8080-exec-2] INFO  org.springframework.web.servlet.DispatcherServlet-Initializing Servlet 'dispatcherServlet'
2026-04-26 20:23:43.015 [http-nio-8080-exec-2] INFO  org.springframework.web.servlet.DispatcherServlet-Completed initialization in 1 ms
2026-04-26 20:23:43.166 [http-nio-8080-exec-2] INFO  org.perswsj.controller.LoginController-登录: LoginInfo(username=songjiang, name=null, password=123456, token=null)
2026-04-26 20:23:43.196 [http-nio-8080-exec-2] INFO  com.zaxxer.hikari.HikariDataSource-HikariPool-1 - Starting...
2026-04-26 20:23:43.696 [http-nio-8080-exec-2] INFO  com.zaxxer.hikari.pool.HikariPool-HikariPool-1 - Added connection com.mysql.cj.jdbc.ConnectionImpl@2f556b36
2026-04-26 20:23:43.699 [http-nio-8080-exec-2] INFO  com.zaxxer.hikari.HikariDataSource-HikariPool-1 - Start completed.
2026-04-26 20:23:43.806 [http-nio-8080-exec-2] INFO  org.perswsj.service.impl.LoginServiceImpl-登录信息: LoginInfo(username=songjiang, name=宋江, password=123456, token=null)
2026-04-26 20:23:43.807 [http-nio-8080-exec-2] INFO  org.perswsj.controller.LoginController-登录成功: LoginDto(username=songjiang, name=宋江, token=null)
2026-04-26 20:24:14.160 [SpringApplicationShutdownHook] INFO  org.springframework.boot.tomcat.GracefulShutdown-Commencing graceful shutdown. Waiting for active requests to complete
2026-04-26 20:24:14.167 [tomcat-shutdown] INFO  org.springframework.boot.tomcat.GracefulShutdown-Graceful shutdown complete
2026-04-26 20:24:14.170 [SpringApplicationShutdownHook] INFO  com.zaxxer.hikari.HikariDataSource-HikariPool-1 - Shutdown initiated...
2026-04-26 20:24:14.177 [SpringApplicationShutdownHook] INFO  com.zaxxer.hikari.HikariDataSource-HikariPool-1 - Shutdown completed.
2026-04-26 20:27:29.695 [main] INFO  org.perswsj.TliasWebMangementApplication-Starting TliasWebMangementApplication using Java 21.0.7 with PID 23764 (D:\coding\JavaWeb\back_end\web-ai-project02\tlias-web-mangement\target\classes started by 32188 in D:\coding\JavaWeb\back_end\web-ai-project02)
2026-04-26 20:27:29.697 [main] INFO  org.perswsj.TliasWebMangementApplication-No active profile set, falling back to 1 default profile: "default"
2026-04-26 20:27:30.436 [main] INFO  org.springframework.boot.tomcat.TomcatWebServer-Tomcat initialized with port 8080 (http)
2026-04-26 20:27:30.448 [main] INFO  org.apache.coyote.http11.Http11NioProtocol-Initializing ProtocolHandler ["http-nio-8080"]
2026-04-26 20:27:30.450 [main] INFO  org.apache.catalina.core.StandardService-Starting service [Tomcat]
2026-04-26 20:27:30.450 [main] INFO  org.apache.catalina.core.StandardEngine-Starting Servlet engine: [Apache Tomcat/11.0.18]
2026-04-26 20:27:30.511 [main] INFO  o.s.b.w.c.servlet.WebApplicationContextInitializer-Root WebApplicationContext: initialization completed in 778 ms
2026-04-26 20:27:31.027 [main] INFO  org.apache.coyote.http11.Http11NioProtocol-Starting ProtocolHandler ["http-nio-8080"]
2026-04-26 20:27:31.048 [main] INFO  org.springframework.boot.tomcat.TomcatWebServer-Tomcat started on port 8080 (http) with context path '/'
2026-04-26 20:27:31.052 [main] INFO  org.perswsj.TliasWebMangementApplication-Started TliasWebMangementApplication in 1.69 seconds (process running for 2.312)
2026-04-26 20:27:43.577 [http-nio-8080-exec-2] INFO  o.a.c.core.ContainerBase.[Tomcat].[localhost].[/]-Initializing Spring DispatcherServlet 'dispatcherServlet'
2026-04-26 20:27:43.577 [http-nio-8080-exec-2] INFO  org.springframework.web.servlet.DispatcherServlet-Initializing Servlet 'dispatcherServlet'
2026-04-26 20:27:43.579 [http-nio-8080-exec-2] INFO  org.springframework.web.servlet.DispatcherServlet-Completed initialization in 2 ms
2026-04-26 20:27:43.621 [http-nio-8080-exec-2] INFO  org.perswsj.controller.DeptController-查询部门全部数据
2026-04-26 20:27:43.653 [http-nio-8080-exec-1] INFO  org.perswsj.controller.EmpController-分页查询员工列表数据，参数：EmpQueryParam(page=1, pageSize=10, name=, gender=null, begin=null, end=null)
2026-04-26 20:27:43.660 [http-nio-8080-exec-2] INFO  com.zaxxer.hikari.HikariDataSource-HikariPool-1 - Starting...
2026-04-26 20:27:44.131 [http-nio-8080-exec-5] INFO  org.perswsj.controller.EmpController-分页查询员工列表数据，参数：EmpQueryParam(page=1, pageSize=10, name=, gender=null, begin=null, end=null)
2026-04-26 20:27:44.168 [http-nio-8080-exec-2] INFO  com.zaxxer.hikari.pool.HikariPool-HikariPool-1 - Added connection com.mysql.cj.jdbc.ConnectionImpl@6a4def75
2026-04-26 20:27:44.172 [http-nio-8080-exec-2] INFO  com.zaxxer.hikari.HikariDataSource-HikariPool-1 - Start completed.
2026-04-26 20:27:44.298 [http-nio-8080-exec-1] INFO  org.perswsj.service.impl.EmpServiceImpl-查询员工分页数据，分页参数：Page{count=true, pageNum=1, pageSize=10, startRow=0, endRow=10, total=30, pages=3, reasonable=false, pageSizeZero=false}[Emp(id=52, username=xiaowanxiong, password=123456, name=小浣熊, gender=1, phone=18899977728, job=3, salary=10000, image=https://wsj2-java.oss-cn-beijing.aliyuncs.com/2026/04/3c651568-9e82-4a3e-90ee-5558886b3773.jpg, entryDate=2026-04-16, deptId=3, createTime=2026-04-15T22:12:54, updateTime=2026-04-21T17:12:48, deptName=咨询部, exprList=null), Emp(id=6, username=yinglang, password=123456, name=银狼, gender=2, phone=18830277728, job=1, salary=10000, image=https://wsj2-java.oss-cn-beijing.aliyuncs.com/2026/04/65798ea9-fbb8-4ad3-b782-72bf230e207f.jpg, entryDate=2026-04-16, deptId=1, createTime=2026-04-15T22:20:54, updateTime=2026-04-21T17:11:58, deptName=学工部, exprList=null), Emp(id=10, username=xinzhe, password=123456, name=行者, gender=1, phone=18890277728, job=1, salary=6000, image=https://wsj2-java.oss-cn-beijing.aliyuncs.com/2026/04/f2aa784a-a8f6-40f5-b745-ecd4f64f05bb.jpg, entryDate=2024-04-16, deptId=1, createTime=2024-04-16T16:35:33, updateTime=2026-04-21T17:10:33, deptName=学工部, exprList=null), Emp(id=27, username=lijun, password=123456, name=李俊, gender=1, phone=13309090027, job=2, salary=6600, image=https://web-framework.oss-cn-hangzhou.aliyuncs.com/2023/1.jpg, entryDate=2004-01-01, deptId=1, createTime=2023-10-20T16:35:33, updateTime=2026-04-21T01:10:24, deptName=学工部, exprList=null), Emp(id=17, username=liying, password=12345678, name=李应, gender=1, phone=13309090017, job=1, salary=5800, image=https://web-framework.oss-cn-hangzhou.aliyuncs.com/2023/1.jpg, entryDate=2015-03-21, deptId=1, createTime=2023-10-20T16:35:33, updateTime=2026-04-21T01:10:10, deptName=学工部, exprList=null), Emp(id=28, username=lizhong, password=123456, name=李忠, gender=1, phone=13309090028, job=5, salary=5000, image=https://wsj-java-ai.oss-cn-shanghai.aliyuncs.com/2026/04/fdadcddf-2c3b-457b-a75e-b3a94250ca6e.jpg, entryDate=2007-01-01, deptId=3, createTime=2023-10-20T16:35:33, updateTime=2026-04-17T00:51:20, deptName=咨询部, exprList=null), Emp(id=1, username=shinaian, password=123456, name=施耐庵, gender=1, phone=13309090001, job=4, salary=15000, image=https://web-framework.oss-cn-hangzhou.aliyuncs.com/2023/1.jpg, entryDate=2000-01-01, deptId=2, createTime=2023-10-20T16:35:33, updateTime=2023-11-16T16:11:26, deptName=教研部, exprList=null), Emp(id=36, username=linghuchong, password=123456, name=令狐冲, gender=1, phone=18809091212, job=2, salary=6800, image=https://web-framework.oss-cn-hangzhou.aliyuncs.com/2023/1.jpg, entryDate=2023-10-19, deptId=2, createTime=2023-10-20T20:44:54, updateTime=2023-11-09T09:41:04, deptName=教研部, exprList=null), Emp(id=26, username=yanshun, password=123456, name=燕顺, gender=1, phone=13309090026, job=5, salary=5400, image=https://web-framework.oss-cn-hangzhou.aliyuncs.com/2023/1.jpg, entryDate=2011-01-01, deptId=3, createTime=2023-10-20T16:35:33, updateTime=2023-11-08T22:12:46, deptName=咨询部, exprList=null), Emp(id=25, username=tongmeng, password=123456, name=童猛, gender=1, phone=13309090025, job=5, salary=4800, image=https://web-framework.oss-cn-hangzhou.aliyuncs.com/2023/1.jpg, entryDate=2002-01-01, deptId=3, createTime=2023-10-20T16:35:33, updateTime=2023-10-20T16:36:23, deptName=咨询部, exprList=null)]，查询参数：{}
2026-04-26 20:27:44.298 [http-nio-8080-exec-5] INFO  org.perswsj.service.impl.EmpServiceImpl-查询员工分页数据，分页参数：Page{count=true, pageNum=1, pageSize=10, startRow=0, endRow=10, total=30, pages=3, reasonable=false, pageSizeZero=false}[Emp(id=52, username=xiaowanxiong, password=123456, name=小浣熊, gender=1, phone=18899977728, job=3, salary=10000, image=https://wsj2-java.oss-cn-beijing.aliyuncs.com/2026/04/3c651568-9e82-4a3e-90ee-5558886b3773.jpg, entryDate=2026-04-16, deptId=3, createTime=2026-04-15T22:12:54, updateTime=2026-04-21T17:12:48, deptName=咨询部, exprList=null), Emp(id=6, username=yinglang, password=123456, name=银狼, gender=2, phone=18830277728, job=1, salary=10000, image=https://wsj2-java.oss-cn-beijing.aliyuncs.com/2026/04/65798ea9-fbb8-4ad3-b782-72bf230e207f.jpg, entryDate=2026-04-16, deptId=1, createTime=2026-04-15T22:20:54, updateTime=2026-04-21T17:11:58, deptName=学工部, exprList=null), Emp(id=10, username=xinzhe, password=123456, name=行者, gender=1, phone=18890277728, job=1, salary=6000, image=https://wsj2-java.oss-cn-beijing.aliyuncs.com/2026/04/f2aa784a-a8f6-40f5-b745-ecd4f64f05bb.jpg, entryDate=2024-04-16, deptId=1, createTime=2024-04-16T16:35:33, updateTime=2026-04-21T17:10:33, deptName=学工部, exprList=null), Emp(id=27, username=lijun, password=123456, name=李俊, gender=1, phone=13309090027, job=2, salary=6600, image=https://web-framework.oss-cn-hangzhou.aliyuncs.com/2023/1.jpg, entryDate=2004-01-01, deptId=1, createTime=2023-10-20T16:35:33, updateTime=2026-04-21T01:10:24, deptName=学工部, exprList=null), Emp(id=17, username=liying, password=12345678, name=李应, gender=1, phone=13309090017, job=1, salary=5800, image=https://web-framework.oss-cn-hangzhou.aliyuncs.com/2023/1.jpg, entryDate=2015-03-21, deptId=1, createTime=2023-10-20T16:35:33, updateTime=2026-04-21T01:10:10, deptName=学工部, exprList=null), Emp(id=28, username=lizhong, password=123456, name=李忠, gender=1, phone=13309090028, job=5, salary=5000, image=https://wsj-java-ai.oss-cn-shanghai.aliyuncs.com/2026/04/fdadcddf-2c3b-457b-a75e-b3a94250ca6e.jpg, entryDate=2007-01-01, deptId=3, createTime=2023-10-20T16:35:33, updateTime=2026-04-17T00:51:20, deptName=咨询部, exprList=null), Emp(id=1, username=shinaian, password=123456, name=施耐庵, gender=1, phone=13309090001, job=4, salary=15000, image=https://web-framework.oss-cn-hangzhou.aliyuncs.com/2023/1.jpg, entryDate=2000-01-01, deptId=2, createTime=2023-10-20T16:35:33, updateTime=2023-11-16T16:11:26, deptName=教研部, exprList=null), Emp(id=36, username=linghuchong, password=123456, name=令狐冲, gender=1, phone=18809091212, job=2, salary=6800, image=https://web-framework.oss-cn-hangzhou.aliyuncs.com/2023/1.jpg, entryDate=2023-10-19, deptId=2, createTime=2023-10-20T20:44:54, updateTime=2023-11-09T09:41:04, deptName=教研部, exprList=null), Emp(id=26, username=yanshun, password=123456, name=燕顺, gender=1, phone=13309090026, job=5, salary=5400, image=https://web-framework.oss-cn-hangzhou.aliyuncs.com/2023/1.jpg, entryDate=2011-01-01, deptId=3, createTime=2023-10-20T16:35:33, updateTime=2023-11-08T22:12:46, deptName=咨询部, exprList=null), Emp(id=25, username=tongmeng, password=123456, name=童猛, gender=1, phone=13309090025, job=5, salary=4800, image=https://web-framework.oss-cn-hangzhou.aliyuncs.com/2023/1.jpg, entryDate=2002-01-01, deptId=3, createTime=2023-10-20T16:35:33, updateTime=2023-10-20T16:36:23, deptName=咨询部, exprList=null)]，查询参数：{}
2026-04-26 20:27:44.405 [http-nio-8080-exec-6] INFO  org.perswsj.controller.DeptController-查询部门全部数据
2026-04-26 20:27:44.521 [http-nio-8080-exec-4] INFO  org.perswsj.controller.DeptController-查询部门全部数据
2026-04-26 20:27:44.523 [http-nio-8080-exec-3] INFO  org.perswsj.controller.EmpController-分页查询员工列表数据，参数：EmpQueryParam(page=1, pageSize=10, name=, gender=null, begin=null, end=null)
2026-04-26 20:27:44.541 [http-nio-8080-exec-3] INFO  org.perswsj.service.impl.EmpServiceImpl-查询员工分页数据，分页参数：Page{count=true, pageNum=1, pageSize=10, startRow=0, endRow=10, total=30, pages=3, reasonable=false, pageSizeZero=false}[Emp(id=52, username=xiaowanxiong, password=123456, name=小浣熊, gender=1, phone=18899977728, job=3, salary=10000, image=https://wsj2-java.oss-cn-beijing.aliyuncs.com/2026/04/3c651568-9e82-4a3e-90ee-5558886b3773.jpg, entryDate=2026-04-16, deptId=3, createTime=2026-04-15T22:12:54, updateTime=2026-04-21T17:12:48, deptName=咨询部, exprList=null), Emp(id=6, username=yinglang, password=123456, name=银狼, gender=2, phone=18830277728, job=1, salary=10000, image=https://wsj2-java.oss-cn-beijing.aliyuncs.com/2026/04/65798ea9-fbb8-4ad3-b782-72bf230e207f.jpg, entryDate=2026-04-16, deptId=1, createTime=2026-04-15T22:20:54, updateTime=2026-04-21T17:11:58, deptName=学工部, exprList=null), Emp(id=10, username=xinzhe, password=123456, name=行者, gender=1, phone=18890277728, job=1, salary=6000, image=https://wsj2-java.oss-cn-beijing.aliyuncs.com/2026/04/f2aa784a-a8f6-40f5-b745-ecd4f64f05bb.jpg, entryDate=2024-04-16, deptId=1, createTime=2024-04-16T16:35:33, updateTime=2026-04-21T17:10:33, deptName=学工部, exprList=null), Emp(id=27, username=lijun, password=123456, name=李俊, gender=1, phone=13309090027, job=2, salary=6600, image=https://web-framework.oss-cn-hangzhou.aliyuncs.com/2023/1.jpg, entryDate=2004-01-01, deptId=1, createTime=2023-10-20T16:35:33, updateTime=2026-04-21T01:10:24, deptName=学工部, exprList=null), Emp(id=17, username=liying, password=12345678, name=李应, gender=1, phone=13309090017, job=1, salary=5800, image=https://web-framework.oss-cn-hangzhou.aliyuncs.com/2023/1.jpg, entryDate=2015-03-21, deptId=1, createTime=2023-10-20T16:35:33, updateTime=2026-04-21T01:10:10, deptName=学工部, exprList=null), Emp(id=28, username=lizhong, password=123456, name=李忠, gender=1, phone=13309090028, job=5, salary=5000, image=https://wsj-java-ai.oss-cn-shanghai.aliyuncs.com/2026/04/fdadcddf-2c3b-457b-a75e-b3a94250ca6e.jpg, entryDate=2007-01-01, deptId=3, createTime=2023-10-20T16:35:33, updateTime=2026-04-17T00:51:20, deptName=咨询部, exprList=null), Emp(id=1, username=shinaian, password=123456, name=施耐庵, gender=1, phone=13309090001, job=4, salary=15000, image=https://web-framework.oss-cn-hangzhou.aliyuncs.com/2023/1.jpg, entryDate=2000-01-01, deptId=2, createTime=2023-10-20T16:35:33, updateTime=2023-11-16T16:11:26, deptName=教研部, exprList=null), Emp(id=36, username=linghuchong, password=123456, name=令狐冲, gender=1, phone=18809091212, job=2, salary=6800, image=https://web-framework.oss-cn-hangzhou.aliyuncs.com/2023/1.jpg, entryDate=2023-10-19, deptId=2, createTime=2023-10-20T20:44:54, updateTime=2023-11-09T09:41:04, deptName=教研部, exprList=null), Emp(id=26, username=yanshun, password=123456, name=燕顺, gender=1, phone=13309090026, job=5, salary=5400, image=https://web-framework.oss-cn-hangzhou.aliyuncs.com/2023/1.jpg, entryDate=2011-01-01, deptId=3, createTime=2023-10-20T16:35:33, updateTime=2023-11-08T22:12:46, deptName=咨询部, exprList=null), Emp(id=25, username=tongmeng, password=123456, name=童猛, gender=1, phone=13309090025, job=5, salary=4800, image=https://web-framework.oss-cn-hangzhou.aliyuncs.com/2023/1.jpg, entryDate=2002-01-01, deptId=3, createTime=2023-10-20T16:35:33, updateTime=2023-10-20T16:36:23, deptName=咨询部, exprList=null)]，查询参数：{}
2026-04-26 20:28:01.441 [http-nio-8080-exec-8] INFO  org.perswsj.controller.EmpController-查询全部员工数据
2026-04-26 20:28:01.444 [http-nio-8080-exec-7] INFO  org.perswsj.controller.ClazzController-查询班级分页数据: ClazzQueryParam(page=1, pageSize=10, name=, begin=null, end=null)
2026-04-26 20:28:01.465 [http-nio-8080-exec-7] INFO  org.perswsj.service.impl.ClazzServiceImpl-查询班级分页数据，查询参数：ClazzQueryParam(page=1, pageSize=10, name=, begin=null, end=null)
2026-04-26 20:28:05.102 [http-nio-8080-exec-10] INFO  org.perswsj.controller.ClazzController-查询所有班级数据
2026-04-26 20:28:05.105 [http-nio-8080-exec-9] INFO  org.perswsj.controller.StudentController-查询学生分页数据，查询参数：StudentQueryParam(name=, degree=null, clazzId=, page=1, pageSize=10)
2026-04-26 20:28:05.110 [http-nio-8080-exec-10] INFO  org.perswsj.service.impl.ClazzServiceImpl-查询所有班级数据，查询结果：[ClazzDto(id=1, name=JavaEE就业163期, room=212, beginDate=2024-04-30, endDate=2024-06-29, masterId=10, subject=1, createTime=2024-06-01T17:08:23, updateTime=2024-06-01T17:39:58), ClazzDto(id=2, name=前端就业90期, room=210, beginDate=2024-07-10, endDate=2024-01-20, masterId=3, subject=2, createTime=2024-06-01T17:45:12, updateTime=2024-06-01T17:45:12), ClazzDto(id=3, name=JavaEE就业165期, room=108, beginDate=2024-06-15, endDate=2024-12-25, masterId=6, subject=1, createTime=2024-06-01T17:45:40, updateTime=2024-06-01T17:45:40), ClazzDto(id=4, name=JavaEE就业166期, room=101, beginDate=2023-06-01, endDate=2024-01-25, masterId=7, subject=1, createTime=2024-06-01T17:46:10, updateTime=2026-04-22T17:06), ClazzDto(id=6, name=JavaEE就业167期, room=325, beginDate=2026-03-20, endDate=2026-08-10, masterId=36, subject=1, createTime=2025-11-15T11:35:46, updateTime=2025-11-15T14:31:24), ClazzDto(id=9, name=JavaAI就业1期, room=200, beginDate=2026-05-01, endDate=2026-08-01, masterId=6, subject=1, createTime=2026-04-21T23:02:48, updateTime=2026-04-21T23:02:48), ClazzDto(id=10, name=python就业1期, room=109, beginDate=2026-04-21, endDate=2026-06-21, masterId=10, subject=4, createTime=2026-04-21T23:04:56, updateTime=2026-04-21T23:04:56)]
2026-04-26 20:28:23.157 [http-nio-8080-exec-2] INFO  org.perswsj.controller.LoginController-登录: LoginInfo(username=songjiang, name=null, password=123, token=null)
2026-04-26 20:28:23.171 [http-nio-8080-exec-2] INFO  org.perswsj.service.impl.LoginServiceImpl-登录信息: null
2026-04-26 20:28:23.171 [http-nio-8080-exec-2] ERROR org.perswsj.service.impl.LoginServiceImpl-登录失败，用户名或密码错误
2026-04-26 20:29:02.850 [http-nio-8080-exec-5] INFO  org.perswsj.controller.LoginController-登录: LoginInfo(username=songjiang, name=null, password=12346, token=null)
2026-04-26 20:29:02.852 [http-nio-8080-exec-5] INFO  org.perswsj.service.impl.LoginServiceImpl-登录信息: null
2026-04-26 20:29:02.852 [http-nio-8080-exec-5] ERROR org.perswsj.service.impl.LoginServiceImpl-登录失败，用户名或密码错误
2026-04-26 20:29:07.605 [http-nio-8080-exec-1] INFO  org.perswsj.controller.LoginController-登录: LoginInfo(username=songjiang, name=null, password=1234565, token=null)
2026-04-26 20:29:07.609 [http-nio-8080-exec-1] INFO  org.perswsj.service.impl.LoginServiceImpl-登录信息: null
2026-04-26 20:29:07.609 [http-nio-8080-exec-1] ERROR org.perswsj.service.impl.LoginServiceImpl-登录失败，用户名或密码错误
2026-04-26 20:29:22.801 [http-nio-8080-exec-6] INFO  org.perswsj.controller.LoginController-登录: LoginInfo(username=songjiang, name=null, password=123456, token=null)
2026-04-26 20:29:22.806 [http-nio-8080-exec-6] INFO  org.perswsj.service.impl.LoginServiceImpl-登录信息: LoginInfo(username=songjiang, name=宋江, password=123456, token=null)
2026-04-26 20:29:22.807 [http-nio-8080-exec-6] INFO  org.perswsj.controller.LoginController-登录成功: LoginDto(username=songjiang, name=宋江, token=null)
2026-04-26 20:40:23.521 [SpringApplicationShutdownHook] INFO  org.springframework.boot.tomcat.GracefulShutdown-Commencing graceful shutdown. Waiting for active requests to complete
2026-04-26 20:40:23.526 [tomcat-shutdown] INFO  org.springframework.boot.tomcat.GracefulShutdown-Graceful shutdown complete
2026-04-26 20:40:23.528 [SpringApplicationShutdownHook] INFO  com.zaxxer.hikari.HikariDataSource-HikariPool-1 - Shutdown initiated...
2026-04-26 20:40:23.533 [SpringApplicationShutdownHook] INFO  com.zaxxer.hikari.HikariDataSource-HikariPool-1 - Shutdown completed.
2026-04-26 22:42:10.144 [main] INFO  org.perswsj.TliasWebMangementApplication-Starting TliasWebMangementApplication using Java 21.0.7 with PID 35204 (D:\coding\JavaWeb\back_end\web-ai-project02\tlias-web-mangement\target\classes started by 32188 in D:\coding\JavaWeb\back_end\web-ai-project02)
2026-04-26 22:42:10.146 [main] INFO  org.perswsj.TliasWebMangementApplication-No active profile set, falling back to 1 default profile: "default"
2026-04-26 22:42:10.941 [main] INFO  org.springframework.boot.tomcat.TomcatWebServer-Tomcat initialized with port 8080 (http)
2026-04-26 22:42:10.951 [main] INFO  org.apache.coyote.http11.Http11NioProtocol-Initializing ProtocolHandler ["http-nio-8080"]
2026-04-26 22:42:10.954 [main] INFO  org.apache.catalina.core.StandardService-Starting service [Tomcat]
2026-04-26 22:42:10.954 [main] INFO  org.apache.catalina.core.StandardEngine-Starting Servlet engine: [Apache Tomcat/11.0.18]
2026-04-26 22:42:11.013 [main] INFO  o.s.b.w.c.servlet.WebApplicationContextInitializer-Root WebApplicationContext: initialization completed in 831 ms
2026-04-26 22:42:11.561 [main] INFO  org.apache.coyote.http11.Http11NioProtocol-Starting ProtocolHandler ["http-nio-8080"]
2026-04-26 22:42:11.579 [main] INFO  org.springframework.boot.tomcat.TomcatWebServer-Tomcat started on port 8080 (http) with context path '/'
2026-04-26 22:42:11.583 [main] INFO  org.perswsj.TliasWebMangementApplication-Started TliasWebMangementApplication in 1.799 seconds (process running for 2.444)
2026-04-26 22:42:28.760 [http-nio-8080-exec-3] INFO  o.a.c.core.ContainerBase.[Tomcat].[localhost].[/]-Initializing Spring DispatcherServlet 'dispatcherServlet'
2026-04-26 22:42:28.760 [http-nio-8080-exec-3] INFO  org.springframework.web.servlet.DispatcherServlet-Initializing Servlet 'dispatcherServlet'
2026-04-26 22:42:28.762 [http-nio-8080-exec-3] INFO  org.springframework.web.servlet.DispatcherServlet-Completed initialization in 1 ms
2026-04-26 22:42:28.913 [http-nio-8080-exec-3] INFO  org.perswsj.controller.LoginController-登录: LoginInfo(username=songjiang, name=null, password=123456, token=null)
2026-04-26 22:42:28.945 [http-nio-8080-exec-3] INFO  com.zaxxer.hikari.HikariDataSource-HikariPool-1 - Starting...
2026-04-26 22:42:29.742 [http-nio-8080-exec-3] INFO  com.zaxxer.hikari.pool.HikariPool-HikariPool-1 - Added connection com.mysql.cj.jdbc.ConnectionImpl@1a1ce8e1
2026-04-26 22:42:29.745 [http-nio-8080-exec-3] INFO  com.zaxxer.hikari.HikariDataSource-HikariPool-1 - Start completed.
2026-04-26 22:42:29.848 [http-nio-8080-exec-3] INFO  org.perswsj.service.impl.LoginServiceImpl-登录信息: LoginInfo(username=songjiang, name=宋江, password=123456, token=null)
2026-04-26 22:42:30.617 [http-nio-8080-exec-3] INFO  org.perswsj.controller.LoginController-登录成功: LoginDto(username=songjiang, name=宋江, token=eyJhbGciOiJIUzI1NiJ9.eyJuYW1lIjoi5a6L5rGfIiwidXNlcm5hbWUiOiJzb25namlhbmciLCJleHAiOjE3NzcyNTc3NTB9.9ckrgnHsY9sIsb0qIr8szDhlXUfFsQEaDQFpYtwGnNI)
2026-04-26 22:42:57.695 [http-nio-8080-exec-1] INFO  org.perswsj.controller.LoginController-登录: LoginInfo(username=songjiang, name=null, password=123456, token=null)
2026-04-26 22:42:57.699 [http-nio-8080-exec-1] INFO  org.perswsj.service.impl.LoginServiceImpl-登录信息: LoginInfo(username=songjiang, name=宋江, password=123456, token=null)
2026-04-26 22:42:57.699 [http-nio-8080-exec-1] INFO  org.perswsj.controller.LoginController-登录成功: LoginDto(username=songjiang, name=宋江, token=eyJhbGciOiJIUzI1NiJ9.eyJuYW1lIjoi5a6L5rGfIiwidXNlcm5hbWUiOiJzb25namlhbmciLCJleHAiOjE3NzcyNTc3Nzd9.tLE5f3lk9Uht14tBHCv4Pnvh6tNMjmB6wreWIJSGsHc)
2026-04-26 22:43:33.406 [http-nio-8080-exec-5] INFO  org.perswsj.controller.LoginController-登录: LoginInfo(username=songjiang, name=null, password=123456, token=null)
2026-04-26 22:43:33.413 [http-nio-8080-exec-5] INFO  org.perswsj.service.impl.LoginServiceImpl-登录信息: LoginInfo(username=songjiang, name=宋江, password=123456, token=null)
2026-04-26 22:43:33.415 [http-nio-8080-exec-5] INFO  org.perswsj.controller.LoginController-登录成功: LoginDto(username=songjiang, name=宋江, token=eyJhbGciOiJIUzI1NiJ9.eyJuYW1lIjoi5a6L5rGfIiwidXNlcm5hbWUiOiJzb25namlhbmciLCJleHAiOjE3NzcyNTc4MTN9.rl8CfGMoV0Q7nEE0DQoPeZOcW0hPOZfmnqBZWb2KHz4)
2026-04-26 22:44:28.747 [http-nio-8080-exec-7] INFO  org.perswsj.controller.ClazzController-查询班级分页数据: ClazzQueryParam(page=1, pageSize=10, name=, begin=null, end=null)
2026-04-26 22:44:28.895 [http-nio-8080-exec-7] INFO  org.perswsj.service.impl.ClazzServiceImpl-查询班级分页数据，查询参数：ClazzQueryParam(page=1, pageSize=10, name=, begin=null, end=null)
2026-04-26 22:44:28.917 [http-nio-8080-exec-6] INFO  org.perswsj.controller.EmpController-查询全部员工数据
2026-04-26 22:44:33.457 [http-nio-8080-exec-9] INFO  org.perswsj.controller.EmpController-查询全部员工数据
2026-04-26 22:44:33.458 [http-nio-8080-exec-8] INFO  org.perswsj.controller.ClazzController-查询班级分页数据: ClazzQueryParam(page=1, pageSize=10, name=, begin=null, end=null)
2026-04-26 22:44:33.470 [http-nio-8080-exec-8] INFO  org.perswsj.service.impl.ClazzServiceImpl-查询班级分页数据，查询参数：ClazzQueryParam(page=1, pageSize=10, name=, begin=null, end=null)
2026-04-26 22:44:45.704 [http-nio-8080-exec-2] INFO  org.perswsj.controller.ClazzController-查询所有班级数据
2026-04-26 22:44:45.707 [http-nio-8080-exec-10] INFO  org.perswsj.controller.StudentController-查询学生分页数据，查询参数：StudentQueryParam(name=, degree=null, clazzId=, page=1, pageSize=10)
2026-04-26 22:44:45.714 [http-nio-8080-exec-2] INFO  org.perswsj.service.impl.ClazzServiceImpl-查询所有班级数据，查询结果：[ClazzDto(id=1, name=JavaEE就业163期, room=212, beginDate=2024-04-30, endDate=2024-06-29, masterId=10, subject=1, createTime=2024-06-01T17:08:23, updateTime=2024-06-01T17:39:58), ClazzDto(id=2, name=前端就业90期, room=210, beginDate=2024-07-10, endDate=2024-01-20, masterId=3, subject=2, createTime=2024-06-01T17:45:12, updateTime=2024-06-01T17:45:12), ClazzDto(id=3, name=JavaEE就业165期, room=108, beginDate=2024-06-15, endDate=2024-12-25, masterId=6, subject=1, createTime=2024-06-01T17:45:40, updateTime=2024-06-01T17:45:40), ClazzDto(id=4, name=JavaEE就业166期, room=101, beginDate=2023-06-01, endDate=2024-01-25, masterId=7, subject=1, createTime=2024-06-01T17:46:10, updateTime=2026-04-22T17:06), ClazzDto(id=6, name=JavaEE就业167期, room=325, beginDate=2026-03-20, endDate=2026-08-10, masterId=36, subject=1, createTime=2025-11-15T11:35:46, updateTime=2025-11-15T14:31:24), ClazzDto(id=9, name=JavaAI就业1期, room=200, beginDate=2026-05-01, endDate=2026-08-01, masterId=6, subject=1, createTime=2026-04-21T23:02:48, updateTime=2026-04-21T23:02:48), ClazzDto(id=10, name=python就业1期, room=109, beginDate=2026-04-21, endDate=2026-06-21, masterId=10, subject=4, createTime=2026-04-21T23:04:56, updateTime=2026-04-21T23:04:56)]
2026-04-26 22:44:53.908 [http-nio-8080-exec-1] INFO  org.perswsj.controller.ClazzController-查询所有班级数据
2026-04-26 22:44:53.909 [http-nio-8080-exec-3] INFO  org.perswsj.controller.StudentController-查询学生分页数据，查询参数：StudentQueryParam(name=, degree=null, clazzId=, page=1, pageSize=10)
2026-04-26 22:44:53.912 [http-nio-8080-exec-1] INFO  org.perswsj.service.impl.ClazzServiceImpl-查询所有班级数据，查询结果：[ClazzDto(id=1, name=JavaEE就业163期, room=212, beginDate=2024-04-30, endDate=2024-06-29, masterId=10, subject=1, createTime=2024-06-01T17:08:23, updateTime=2024-06-01T17:39:58), ClazzDto(id=2, name=前端就业90期, room=210, beginDate=2024-07-10, endDate=2024-01-20, masterId=3, subject=2, createTime=2024-06-01T17:45:12, updateTime=2024-06-01T17:45:12), ClazzDto(id=3, name=JavaEE就业165期, room=108, beginDate=2024-06-15, endDate=2024-12-25, masterId=6, subject=1, createTime=2024-06-01T17:45:40, updateTime=2024-06-01T17:45:40), ClazzDto(id=4, name=JavaEE就业166期, room=101, beginDate=2023-06-01, endDate=2024-01-25, masterId=7, subject=1, createTime=2024-06-01T17:46:10, updateTime=2026-04-22T17:06), ClazzDto(id=6, name=JavaEE就业167期, room=325, beginDate=2026-03-20, endDate=2026-08-10, masterId=36, subject=1, createTime=2025-11-15T11:35:46, updateTime=2025-11-15T14:31:24), ClazzDto(id=9, name=JavaAI就业1期, room=200, beginDate=2026-05-01, endDate=2026-08-01, masterId=6, subject=1, createTime=2026-04-21T23:02:48, updateTime=2026-04-21T23:02:48), ClazzDto(id=10, name=python就业1期, room=109, beginDate=2026-04-21, endDate=2026-06-21, masterId=10, subject=4, createTime=2026-04-21T23:04:56, updateTime=2026-04-21T23:04:56)]
2026-04-26 22:44:55.985 [http-nio-8080-exec-5] INFO  org.perswsj.controller.DeptController-查询部门全部数据
2026-04-26 22:44:55.987 [http-nio-8080-exec-4] INFO  org.perswsj.controller.EmpController-分页查询员工列表数据，参数：EmpQueryParam(page=1, pageSize=10, name=, gender=null, begin=null, end=null)
2026-04-26 22:44:56.005 [http-nio-8080-exec-4] INFO  org.perswsj.service.impl.EmpServiceImpl-查询员工分页数据，分页参数：Page{count=true, pageNum=1, pageSize=10, startRow=0, endRow=10, total=30, pages=3, reasonable=false, pageSizeZero=false}[Emp(id=52, username=xiaowanxiong, password=123456, name=小浣熊, gender=1, phone=18899977728, job=3, salary=10000, image=https://wsj2-java.oss-cn-beijing.aliyuncs.com/2026/04/3c651568-9e82-4a3e-90ee-5558886b3773.jpg, entryDate=2026-04-16, deptId=3, createTime=2026-04-15T22:12:54, updateTime=2026-04-21T17:12:48, deptName=咨询部, exprList=null), Emp(id=6, username=yinglang, password=123456, name=银狼, gender=2, phone=18830277728, job=1, salary=10000, image=https://wsj2-java.oss-cn-beijing.aliyuncs.com/2026/04/65798ea9-fbb8-4ad3-b782-72bf230e207f.jpg, entryDate=2026-04-16, deptId=1, createTime=2026-04-15T22:20:54, updateTime=2026-04-21T17:11:58, deptName=学工部, exprList=null), Emp(id=10, username=xinzhe, password=123456, name=行者, gender=1, phone=18890277728, job=1, salary=6000, image=https://wsj2-java.oss-cn-beijing.aliyuncs.com/2026/04/f2aa784a-a8f6-40f5-b745-ecd4f64f05bb.jpg, entryDate=2024-04-16, deptId=1, createTime=2024-04-16T16:35:33, updateTime=2026-04-21T17:10:33, deptName=学工部, exprList=null), Emp(id=27, username=lijun, password=123456, name=李俊, gender=1, phone=13309090027, job=2, salary=6600, image=https://web-framework.oss-cn-hangzhou.aliyuncs.com/2023/1.jpg, entryDate=2004-01-01, deptId=1, createTime=2023-10-20T16:35:33, updateTime=2026-04-21T01:10:24, deptName=学工部, exprList=null), Emp(id=17, username=liying, password=12345678, name=李应, gender=1, phone=13309090017, job=1, salary=5800, image=https://web-framework.oss-cn-hangzhou.aliyuncs.com/2023/1.jpg, entryDate=2015-03-21, deptId=1, createTime=2023-10-20T16:35:33, updateTime=2026-04-21T01:10:10, deptName=学工部, exprList=null), Emp(id=28, username=lizhong, password=123456, name=李忠, gender=1, phone=13309090028, job=5, salary=5000, image=https://wsj-java-ai.oss-cn-shanghai.aliyuncs.com/2026/04/fdadcddf-2c3b-457b-a75e-b3a94250ca6e.jpg, entryDate=2007-01-01, deptId=3, createTime=2023-10-20T16:35:33, updateTime=2026-04-17T00:51:20, deptName=咨询部, exprList=null), Emp(id=1, username=shinaian, password=123456, name=施耐庵, gender=1, phone=13309090001, job=4, salary=15000, image=https://web-framework.oss-cn-hangzhou.aliyuncs.com/2023/1.jpg, entryDate=2000-01-01, deptId=2, createTime=2023-10-20T16:35:33, updateTime=2023-11-16T16:11:26, deptName=教研部, exprList=null), Emp(id=36, username=linghuchong, password=123456, name=令狐冲, gender=1, phone=18809091212, job=2, salary=6800, image=https://web-framework.oss-cn-hangzhou.aliyuncs.com/2023/1.jpg, entryDate=2023-10-19, deptId=2, createTime=2023-10-20T20:44:54, updateTime=2023-11-09T09:41:04, deptName=教研部, exprList=null), Emp(id=26, username=yanshun, password=123456, name=燕顺, gender=1, phone=13309090026, job=5, salary=5400, image=https://web-framework.oss-cn-hangzhou.aliyuncs.com/2023/1.jpg, entryDate=2011-01-01, deptId=3, createTime=2023-10-20T16:35:33, updateTime=2023-11-08T22:12:46, deptName=咨询部, exprList=null), Emp(id=25, username=tongmeng, password=123456, name=童猛, gender=1, phone=13309090025, job=5, salary=4800, image=https://web-framework.oss-cn-hangzhou.aliyuncs.com/2023/1.jpg, entryDate=2002-01-01, deptId=3, createTime=2023-10-20T16:35:33, updateTime=2023-10-20T16:36:23, deptName=咨询部, exprList=null)]，查询参数：{}
2026-04-26 22:45:11.741 [http-nio-8080-exec-7] INFO  org.perswsj.controller.DeptController-查询部门全部数据
2026-04-26 23:09:34.625 [SpringApplicationShutdownHook] INFO  org.springframework.boot.tomcat.GracefulShutdown-Commencing graceful shutdown. Waiting for active requests to complete
2026-04-26 23:09:34.634 [tomcat-shutdown] INFO  org.springframework.boot.tomcat.GracefulShutdown-Graceful shutdown complete
2026-04-26 23:09:34.640 [SpringApplicationShutdownHook] INFO  com.zaxxer.hikari.HikariDataSource-HikariPool-1 - Shutdown initiated...
2026-04-26 23:09:34.645 [SpringApplicationShutdownHook] INFO  com.zaxxer.hikari.HikariDataSource-HikariPool-1 - Shutdown completed.
