2026-04-28 19:16:30.894 [main] INFO  org.perswsj.TliasWebMangementApplication-Starting TliasWebMangementApplication using Java 21.0.7 with PID 24232 (D:\coding\JavaWeb\back_end\web-ai-project02\tlias-web-mangement\target\classes started by 32188 in D:\coding\JavaWeb\back_end\web-ai-project02)
2026-04-28 19:16:30.897 [main] INFO  org.perswsj.TliasWebMangementApplication-No active profile set, falling back to 1 default profile: "default"
2026-04-28 19:16:31.865 [main] INFO  org.springframework.boot.tomcat.TomcatWebServer-Tomcat initialized with port 8080 (http)
2026-04-28 19:16:31.879 [main] INFO  org.apache.coyote.http11.Http11NioProtocol-Initializing ProtocolHandler ["http-nio-8080"]
2026-04-28 19:16:31.883 [main] INFO  org.apache.catalina.core.StandardService-Starting service [Tomcat]
2026-04-28 19:16:31.883 [main] INFO  org.apache.catalina.core.StandardEngine-Starting Servlet engine: [Apache Tomcat/11.0.18]
2026-04-28 19:16:31.947 [main] INFO  o.s.b.w.c.servlet.WebApplicationContextInitializer-Root WebApplicationContext: initialization completed in 1002 ms
2026-04-28 19:16:32.554 [main] INFO  org.apache.coyote.http11.Http11NioProtocol-Starting ProtocolHandler ["http-nio-8080"]
2026-04-28 19:16:32.574 [main] INFO  org.springframework.boot.tomcat.TomcatWebServer-Tomcat started on port 8080 (http) with context path '/'
2026-04-28 19:16:32.578 [main] INFO  org.perswsj.TliasWebMangementApplication-Started TliasWebMangementApplication in 2.086 seconds (process running for 3.097)
2026-04-28 19:16:44.455 [SpringApplicationShutdownHook] INFO  org.springframework.boot.tomcat.GracefulShutdown-Commencing graceful shutdown. Waiting for active requests to complete
2026-04-28 19:16:44.463 [tomcat-shutdown] INFO  org.springframework.boot.tomcat.GracefulShutdown-Graceful shutdown complete
2026-04-28 19:16:47.672 [main] INFO  org.perswsj.TliasWebMangementApplication-Starting TliasWebMangementApplication using Java 21.0.7 with PID 31248 (D:\coding\JavaWeb\back_end\web-ai-project02\tlias-web-mangement\target\classes started by 32188 in D:\coding\JavaWeb\back_end\web-ai-project02)
2026-04-28 19:16:47.677 [main] INFO  org.perswsj.TliasWebMangementApplication-No active profile set, falling back to 1 default profile: "default"
2026-04-28 19:16:48.460 [main] INFO  org.springframework.boot.tomcat.TomcatWebServer-Tomcat initialized with port 8080 (http)
2026-04-28 19:16:48.472 [main] INFO  org.apache.coyote.http11.Http11NioProtocol-Initializing ProtocolHandler ["http-nio-8080"]
2026-04-28 19:16:48.474 [main] INFO  org.apache.catalina.core.StandardService-Starting service [Tomcat]
2026-04-28 19:16:48.474 [main] INFO  org.apache.catalina.core.StandardEngine-Starting Servlet engine: [Apache Tomcat/11.0.18]
2026-04-28 19:16:48.531 [main] INFO  o.s.b.w.c.servlet.WebApplicationContextInitializer-Root WebApplicationContext: initialization completed in 812 ms
2026-04-28 19:16:49.072 [main] INFO  org.apache.coyote.http11.Http11NioProtocol-Starting ProtocolHandler ["http-nio-8080"]
2026-04-28 19:16:49.090 [main] INFO  org.springframework.boot.tomcat.TomcatWebServer-Tomcat started on port 8080 (http) with context path '/'
2026-04-28 19:16:49.094 [main] INFO  org.perswsj.TliasWebMangementApplication-Started TliasWebMangementApplication in 1.854 seconds (process running for 2.467)
2026-04-28 19:17:18.091 [http-nio-8080-exec-3] INFO  o.a.c.core.ContainerBase.[Tomcat].[localhost].[/]-Initializing Spring DispatcherServlet 'dispatcherServlet'
2026-04-28 19:17:18.091 [http-nio-8080-exec-3] INFO  org.springframework.web.servlet.DispatcherServlet-Initializing Servlet 'dispatcherServlet'
2026-04-28 19:17:18.092 [http-nio-8080-exec-3] INFO  org.springframework.web.servlet.DispatcherServlet-Completed initialization in 1 ms
2026-04-28 19:17:18.099 [http-nio-8080-exec-3] INFO  org.perswsj.filter.LoginFilter-用户未登录，返回 401 状态码
2026-04-28 19:18:10.034 [http-nio-8080-exec-2] INFO  org.perswsj.filter.LoginFilter-登录请求，放行
2026-04-28 19:18:10.194 [http-nio-8080-exec-2] INFO  org.perswsj.Interceptor.LoginInterCeptor-登录请求，放行
2026-04-28 19:18:10.337 [http-nio-8080-exec-2] INFO  org.perswsj.controller.LoginController-登录: LoginInfo(username=songjiang, name=null, password=123456, token=null)
2026-04-28 19:18:10.377 [http-nio-8080-exec-2] INFO  com.zaxxer.hikari.HikariDataSource-HikariPool-1 - Starting...
2026-04-28 19:18:11.041 [http-nio-8080-exec-2] INFO  com.zaxxer.hikari.pool.HikariPool-HikariPool-1 - Added connection com.mysql.cj.jdbc.ConnectionImpl@7f0586e9
2026-04-28 19:18:11.043 [http-nio-8080-exec-2] INFO  com.zaxxer.hikari.HikariDataSource-HikariPool-1 - Start completed.
2026-04-28 19:18:11.168 [http-nio-8080-exec-2] INFO  org.perswsj.service.impl.LoginServiceImpl-登录信息: LoginInfo(username=songjiang, name=宋江, password=123456, token=null)
2026-04-28 19:18:11.822 [http-nio-8080-exec-2] INFO  org.perswsj.controller.LoginController-登录成功: LoginDto(username=songjiang, name=宋江, token=eyJhbGciOiJIUzI1NiJ9.eyJuYW1lIjoi5a6L5rGfIiwidXNlcm5hbWUiOiJzb25namlhbmciLCJleHAiOjE3Nzc0MTgyOTF9.g6HceL3EHT3CQ02SsHb9mHwF3LsV2fDhVR0bFP0pX28)
2026-04-28 19:19:25.963 [http-nio-8080-exec-6] INFO  org.perswsj.filter.LoginFilter-令牌合法，放行
2026-04-28 19:19:25.966 [http-nio-8080-exec-6] INFO  org.perswsj.Interceptor.LoginInterCeptor-令牌合法，放行
2026-04-28 19:19:25.979 [http-nio-8080-exec-6] ERROR org.perswsj.exception.GlobalExceptionHeader-程序出错
java.lang.NullPointerException: Cannot invoke "org.springframework.web.multipart.MultipartFile.isEmpty()" because "file" is null
	at org.perswsj.controller.UpdateController.upload(UpdateController.java:58)
	at java.base/jdk.internal.reflect.DirectMethodHandleAccessor.invoke(DirectMethodHandleAccessor.java:103)
	at java.base/java.lang.reflect.Method.invoke(Method.java:580)
	at org.springframework.web.method.support.InvocableHandlerMethod.doInvoke(InvocableHandlerMethod.java:252)
	at org.springframework.web.method.support.InvocableHandlerMethod.invokeForRequest(InvocableHandlerMethod.java:184)
	at org.springframework.web.servlet.mvc.method.annotation.ServletInvocableHandlerMethod.invokeAndHandle(ServletInvocableHandlerMethod.java:117)
	at org.springframework.web.servlet.mvc.method.annotation.RequestMappingHandlerAdapter.invokeHandlerMethod(RequestMappingHandlerAdapter.java:934)
	at org.springframework.web.servlet.mvc.method.annotation.RequestMappingHandlerAdapter.handleInternal(RequestMappingHandlerAdapter.java:853)
	at org.springframework.web.servlet.mvc.method.AbstractHandlerMethodAdapter.handle(AbstractHandlerMethodAdapter.java:86)
	at org.springframework.web.servlet.DispatcherServlet.doDispatch(DispatcherServlet.java:963)
	at org.springframework.web.servlet.DispatcherServlet.doService(DispatcherServlet.java:866)
	at org.springframework.web.servlet.FrameworkServlet.processRequest(FrameworkServlet.java:1000)
	at org.springframework.web.servlet.FrameworkServlet.doPost(FrameworkServlet.java:903)
	at jakarta.servlet.http.HttpServlet.service(HttpServlet.java:649)
	at org.springframework.web.servlet.FrameworkServlet.service(FrameworkServlet.java:874)
	at jakarta.servlet.http.HttpServlet.service(HttpServlet.java:710)
	at org.apache.catalina.core.ApplicationFilterChain.doFilter(ApplicationFilterChain.java:128)
	at org.apache.tomcat.websocket.server.WsFilter.doFilter(WsFilter.java:53)
	at org.apache.catalina.core.ApplicationFilterChain.doFilter(ApplicationFilterChain.java:107)
	at org.perswsj.filter.LoginFilter.doFilter(LoginFilter.java:53)
	at org.apache.catalina.core.ApplicationFilterChain.doFilter(ApplicationFilterChain.java:107)
	at org.springframework.web.filter.RequestContextFilter.doFilterInternal(RequestContextFilter.java:100)
	at org.springframework.web.filter.OncePerRequestFilter.doFilter(OncePerRequestFilter.java:116)
	at org.apache.catalina.core.ApplicationFilterChain.doFilter(ApplicationFilterChain.java:107)
	at org.springframework.web.filter.FormContentFilter.doFilterInternal(FormContentFilter.java:93)
	at org.springframework.web.filter.OncePerRequestFilter.doFilter(OncePerRequestFilter.java:116)
	at org.apache.catalina.core.ApplicationFilterChain.doFilter(ApplicationFilterChain.java:107)
	at org.springframework.web.filter.CharacterEncodingFilter.doFilterInternal(CharacterEncodingFilter.java:199)
	at org.springframework.web.filter.OncePerRequestFilter.doFilter(OncePerRequestFilter.java:116)
	at org.apache.catalina.core.ApplicationFilterChain.doFilter(ApplicationFilterChain.java:107)
	at org.apache.catalina.core.StandardWrapperValve.invoke(StandardWrapperValve.java:165)
	at org.apache.catalina.core.StandardContextValve.invoke(StandardContextValve.java:77)
	at org.apache.catalina.authenticator.AuthenticatorBase.invoke(AuthenticatorBase.java:492)
	at org.apache.catalina.core.StandardHostValve.invoke(StandardHostValve.java:113)
	at org.apache.catalina.valves.ErrorReportValve.invoke(ErrorReportValve.java:83)
	at org.apache.catalina.core.StandardEngineValve.invoke(StandardEngineValve.java:72)
	at org.apache.catalina.connector.CoyoteAdapter.service(CoyoteAdapter.java:341)
	at org.apache.coyote.http11.Http11Processor.service(Http11Processor.java:397)
	at org.apache.coyote.AbstractProcessorLight.process(AbstractProcessorLight.java:63)
	at org.apache.coyote.AbstractProtocol$ConnectionHandler.process(AbstractProtocol.java:903)
	at org.apache.tomcat.util.net.NioEndpoint$SocketProcessor.doRun(NioEndpoint.java:1779)
	at org.apache.tomcat.util.net.SocketProcessorBase.run(SocketProcessorBase.java:52)
	at org.apache.tomcat.util.threads.ThreadPoolExecutor.runWorker(ThreadPoolExecutor.java:946)
	at org.apache.tomcat.util.threads.ThreadPoolExecutor$Worker.run(ThreadPoolExecutor.java:480)
	at org.apache.tomcat.util.threads.TaskThread$WrappingRunnable.run(TaskThread.java:57)
	at java.base/java.lang.Thread.run(Thread.java:1583)
2026-04-28 19:20:03.909 [http-nio-8080-exec-7] INFO  org.perswsj.filter.LoginFilter-令牌合法，放行
2026-04-28 19:20:03.911 [http-nio-8080-exec-7] INFO  org.perswsj.Interceptor.LoginInterCeptor-令牌合法，放行
2026-04-28 19:20:03.926 [http-nio-8080-exec-7] INFO  org.perswsj.controller.EmpController-分页查询员工列表数据，参数：EmpQueryParam(page=1, pageSize=5, name=阮, gender=1, begin=2010-01-01, end=2020-01-01)
2026-04-28 19:20:04.088 [http-nio-8080-exec-7] INFO  org.perswsj.service.impl.EmpServiceImpl-查询员工分页数据，分页参数：Page{count=true, pageNum=1, pageSize=5, startRow=0, endRow=5, total=4, pages=1, reasonable=false, pageSizeZero=false}[Emp(id=23, username=ruanji, password=123456, name=阮籍, gender=1, phone=13309090023, job=5, salary=5800, image=https://web-framework.oss-cn-hangzhou.aliyuncs.com/2023/1.jpg, entryDate=2012-01-01, deptId=3, createTime=2023-10-20T16:35:33, updateTime=2023-10-20T16:36:19, deptName=咨询部, exprList=null), Emp(id=22, username=ruanxiaoqi, password=123456, name=阮小七, gender=1, phone=13309090022, job=5, salary=5500, image=https://web-framework.oss-cn-hangzhou.aliyuncs.com/2023/1.jpg, entryDate=2016-01-01, deptId=3, createTime=2023-10-20T16:35:33, updateTime=2023-10-20T16:36:17, deptName=咨询部, exprList=null), Emp(id=21, username=ruanxiaowu, password=123456, name=阮小五, gender=1, phone=13309090021, job=5, salary=5200, image=https://web-framework.oss-cn-hangzhou.aliyuncs.com/2023/1.jpg, entryDate=2015-01-01, deptId=3, createTime=2023-10-20T16:35:33, updateTime=2023-10-20T16:36:15, deptName=咨询部, exprList=null), Emp(id=20, username=ruanxiaoer, password=123456, name=阮小二, gender=1, phone=13309090020, job=2, salary=10800, image=https://web-framework.oss-cn-hangzhou.aliyuncs.com/2023/1.jpg, entryDate=2018-01-01, deptId=2, createTime=2023-10-20T16:35:33, updateTime=2023-10-20T16:36:13, deptName=教研部, exprList=null)]，查询参数：{}
2026-04-28 19:23:28.213 [SpringApplicationShutdownHook] INFO  org.springframework.boot.tomcat.GracefulShutdown-Commencing graceful shutdown. Waiting for active requests to complete
2026-04-28 19:23:28.217 [tomcat-shutdown] INFO  org.springframework.boot.tomcat.GracefulShutdown-Graceful shutdown complete
2026-04-28 19:23:28.220 [SpringApplicationShutdownHook] INFO  com.zaxxer.hikari.HikariDataSource-HikariPool-1 - Shutdown initiated...
2026-04-28 19:23:28.225 [SpringApplicationShutdownHook] INFO  com.zaxxer.hikari.HikariDataSource-HikariPool-1 - Shutdown completed.
2026-04-28 19:23:30.941 [main] INFO  org.perswsj.TliasWebMangementApplication-Starting TliasWebMangementApplication using Java 21.0.7 with PID 33616 (D:\coding\JavaWeb\back_end\web-ai-project02\tlias-web-mangement\target\classes started by 32188 in D:\coding\JavaWeb\back_end\web-ai-project02)
2026-04-28 19:23:30.942 [main] INFO  org.perswsj.TliasWebMangementApplication-No active profile set, falling back to 1 default profile: "default"
2026-04-28 19:23:31.777 [main] INFO  org.springframework.boot.tomcat.TomcatWebServer-Tomcat initialized with port 8080 (http)
2026-04-28 19:23:31.791 [main] INFO  org.apache.coyote.http11.Http11NioProtocol-Initializing ProtocolHandler ["http-nio-8080"]
2026-04-28 19:23:31.793 [main] INFO  org.apache.catalina.core.StandardService-Starting service [Tomcat]
2026-04-28 19:23:31.793 [main] INFO  org.apache.catalina.core.StandardEngine-Starting Servlet engine: [Apache Tomcat/11.0.18]
2026-04-28 19:23:31.855 [main] INFO  o.s.b.w.c.servlet.WebApplicationContextInitializer-Root WebApplicationContext: initialization completed in 878 ms
2026-04-28 19:23:32.378 [main] INFO  org.apache.coyote.http11.Http11NioProtocol-Starting ProtocolHandler ["http-nio-8080"]
2026-04-28 19:23:32.394 [main] INFO  org.springframework.boot.tomcat.TomcatWebServer-Tomcat started on port 8080 (http) with context path '/'
2026-04-28 19:23:32.399 [main] INFO  org.perswsj.TliasWebMangementApplication-Started TliasWebMangementApplication in 1.805 seconds (process running for 2.384)
2026-04-28 19:23:41.230 [http-nio-8080-exec-2] INFO  o.a.c.core.ContainerBase.[Tomcat].[localhost].[/]-Initializing Spring DispatcherServlet 'dispatcherServlet'
2026-04-28 19:23:41.230 [http-nio-8080-exec-2] INFO  org.springframework.web.servlet.DispatcherServlet-Initializing Servlet 'dispatcherServlet'
2026-04-28 19:23:41.231 [http-nio-8080-exec-2] INFO  org.springframework.web.servlet.DispatcherServlet-Completed initialization in 1 ms
2026-04-28 19:23:41.845 [http-nio-8080-exec-2] INFO  org.perswsj.Interceptor.LoginInterCeptor-令牌合法，放行
2026-04-28 19:23:41.888 [http-nio-8080-exec-2] INFO  org.perswsj.controller.EmpController-分页查询员工列表数据，参数：EmpQueryParam(page=1, pageSize=5, name=阮, gender=1, begin=2010-01-01, end=2020-01-01)
2026-04-28 19:23:42.004 [http-nio-8080-exec-2] INFO  com.zaxxer.hikari.HikariDataSource-HikariPool-1 - Starting...
2026-04-28 19:23:42.450 [http-nio-8080-exec-2] INFO  com.zaxxer.hikari.pool.HikariPool-HikariPool-1 - Added connection com.mysql.cj.jdbc.ConnectionImpl@16f97e7
2026-04-28 19:23:42.453 [http-nio-8080-exec-2] INFO  com.zaxxer.hikari.HikariDataSource-HikariPool-1 - Start completed.
2026-04-28 19:23:42.561 [http-nio-8080-exec-2] INFO  org.perswsj.service.impl.EmpServiceImpl-查询员工分页数据，分页参数：Page{count=true, pageNum=1, pageSize=5, startRow=0, endRow=5, total=4, pages=1, reasonable=false, pageSizeZero=false}[Emp(id=23, username=ruanji, password=123456, name=阮籍, gender=1, phone=13309090023, job=5, salary=5800, image=https://web-framework.oss-cn-hangzhou.aliyuncs.com/2023/1.jpg, entryDate=2012-01-01, deptId=3, createTime=2023-10-20T16:35:33, updateTime=2023-10-20T16:36:19, deptName=咨询部, exprList=null), Emp(id=22, username=ruanxiaoqi, password=123456, name=阮小七, gender=1, phone=13309090022, job=5, salary=5500, image=https://web-framework.oss-cn-hangzhou.aliyuncs.com/2023/1.jpg, entryDate=2016-01-01, deptId=3, createTime=2023-10-20T16:35:33, updateTime=2023-10-20T16:36:17, deptName=咨询部, exprList=null), Emp(id=21, username=ruanxiaowu, password=123456, name=阮小五, gender=1, phone=13309090021, job=5, salary=5200, image=https://web-framework.oss-cn-hangzhou.aliyuncs.com/2023/1.jpg, entryDate=2015-01-01, deptId=3, createTime=2023-10-20T16:35:33, updateTime=2023-10-20T16:36:15, deptName=咨询部, exprList=null), Emp(id=20, username=ruanxiaoer, password=123456, name=阮小二, gender=1, phone=13309090020, job=2, salary=10800, image=https://web-framework.oss-cn-hangzhou.aliyuncs.com/2023/1.jpg, entryDate=2018-01-01, deptId=2, createTime=2023-10-20T16:35:33, updateTime=2023-10-20T16:36:13, deptName=教研部, exprList=null)]，查询参数：{}
2026-04-28 19:25:07.754 [http-nio-8080-exec-3] INFO  org.perswsj.Interceptor.LoginInterCeptor-用户未登录，返回 401 状态码
2026-04-28 19:25:25.493 [http-nio-8080-exec-5] INFO  org.perswsj.Interceptor.LoginInterCeptor-登录请求，放行
2026-04-28 19:25:25.575 [http-nio-8080-exec-5] INFO  org.perswsj.controller.LoginController-登录: LoginInfo(username=songjiang, name=null, password=123456, token=null)
2026-04-28 19:25:25.631 [http-nio-8080-exec-5] INFO  org.perswsj.controller.LoginController-登录成功: LoginDto(username=songjiang, name=宋江, token=eyJhbGciOiJIUzI1NiJ9.eyJuYW1lIjoi5a6L5rGfIiwidXNlcm5hbWUiOiJzb25namlhbmciLCJleHAiOjE3Nzc0MTg3MjV9.Ijwcbzf_Lk3g6JrTGFRKjsvrjY0hDgnHLQ5V2XNQtyA)
2026-04-28 19:26:06.923 [SpringApplicationShutdownHook] INFO  org.springframework.boot.tomcat.GracefulShutdown-Commencing graceful shutdown. Waiting for active requests to complete
2026-04-28 19:26:06.928 [tomcat-shutdown] INFO  org.springframework.boot.tomcat.GracefulShutdown-Graceful shutdown complete
2026-04-28 19:26:06.930 [SpringApplicationShutdownHook] INFO  com.zaxxer.hikari.HikariDataSource-HikariPool-1 - Shutdown initiated...
2026-04-28 19:26:06.935 [SpringApplicationShutdownHook] INFO  com.zaxxer.hikari.HikariDataSource-HikariPool-1 - Shutdown completed.
2026-04-28 19:38:58.647 [main] INFO  org.perswsj.TliasWebMangementApplication-Starting TliasWebMangementApplication using Java 21.0.7 with PID 35264 (D:\coding\JavaWeb\back_end\web-ai-project02\tlias-web-mangement\target\classes started by 32188 in D:\coding\JavaWeb\back_end\web-ai-project02)
2026-04-28 19:38:58.649 [main] INFO  org.perswsj.TliasWebMangementApplication-No active profile set, falling back to 1 default profile: "default"
2026-04-28 19:38:59.421 [main] INFO  org.springframework.boot.tomcat.TomcatWebServer-Tomcat initialized with port 8080 (http)
2026-04-28 19:38:59.432 [main] INFO  org.apache.coyote.http11.Http11NioProtocol-Initializing ProtocolHandler ["http-nio-8080"]
2026-04-28 19:38:59.434 [main] INFO  org.apache.catalina.core.StandardService-Starting service [Tomcat]
2026-04-28 19:38:59.435 [main] INFO  org.apache.catalina.core.StandardEngine-Starting Servlet engine: [Apache Tomcat/11.0.18]
2026-04-28 19:38:59.493 [main] INFO  o.s.b.w.c.servlet.WebApplicationContextInitializer-Root WebApplicationContext: initialization completed in 806 ms
2026-04-28 19:39:00.010 [main] INFO  org.apache.coyote.http11.Http11NioProtocol-Starting ProtocolHandler ["http-nio-8080"]
2026-04-28 19:39:00.030 [main] INFO  org.springframework.boot.tomcat.TomcatWebServer-Tomcat started on port 8080 (http) with context path '/'
2026-04-28 19:39:00.034 [main] INFO  org.perswsj.TliasWebMangementApplication-Started TliasWebMangementApplication in 1.737 seconds (process running for 2.346)
2026-04-28 19:39:03.852 [http-nio-8080-exec-1] INFO  o.a.c.core.ContainerBase.[Tomcat].[localhost].[/]-Initializing Spring DispatcherServlet 'dispatcherServlet'
2026-04-28 19:39:03.853 [http-nio-8080-exec-1] INFO  org.springframework.web.servlet.DispatcherServlet-Initializing Servlet 'dispatcherServlet'
2026-04-28 19:39:03.854 [http-nio-8080-exec-1] INFO  org.springframework.web.servlet.DispatcherServlet-Completed initialization in 1 ms
2026-04-28 19:39:04.022 [http-nio-8080-exec-1] INFO  org.perswsj.controller.LoginController-登录: LoginInfo(username=songjiang, name=null, password=123456, token=null)
2026-04-28 19:39:04.068 [http-nio-8080-exec-1] INFO  com.zaxxer.hikari.HikariDataSource-HikariPool-1 - Starting...
2026-04-28 19:39:04.582 [http-nio-8080-exec-1] INFO  com.zaxxer.hikari.pool.HikariPool-HikariPool-1 - Added connection com.mysql.cj.jdbc.ConnectionImpl@191650b2
2026-04-28 19:39:04.585 [http-nio-8080-exec-1] INFO  com.zaxxer.hikari.HikariDataSource-HikariPool-1 - Start completed.
2026-04-28 19:39:16.646 [SpringApplicationShutdownHook] INFO  org.springframework.boot.tomcat.GracefulShutdown-Commencing graceful shutdown. Waiting for active requests to complete
2026-04-28 19:39:16.650 [tomcat-shutdown] INFO  org.springframework.boot.tomcat.GracefulShutdown-Graceful shutdown complete
2026-04-28 19:39:16.652 [SpringApplicationShutdownHook] INFO  com.zaxxer.hikari.HikariDataSource-HikariPool-1 - Shutdown initiated...
2026-04-28 19:39:16.656 [SpringApplicationShutdownHook] INFO  com.zaxxer.hikari.HikariDataSource-HikariPool-1 - Shutdown completed.
2026-04-28 20:12:10.822 [main] INFO  org.perswsj.TliasWebMangementApplication-Starting TliasWebMangementApplication using Java 21.0.7 with PID 17768 (D:\coding\JavaWeb\back_end\web-ai-project02\tlias-web-mangement\target\classes started by 32188 in D:\coding\JavaWeb\back_end\web-ai-project02)
2026-04-28 20:12:10.824 [main] INFO  org.perswsj.TliasWebMangementApplication-No active profile set, falling back to 1 default profile: "default"
2026-04-28 20:12:11.792 [main] INFO  org.springframework.boot.tomcat.TomcatWebServer-Tomcat initialized with port 8080 (http)
2026-04-28 20:12:11.803 [main] INFO  org.apache.coyote.http11.Http11NioProtocol-Initializing ProtocolHandler ["http-nio-8080"]
2026-04-28 20:12:11.805 [main] INFO  org.apache.catalina.core.StandardService-Starting service [Tomcat]
2026-04-28 20:12:11.805 [main] INFO  org.apache.catalina.core.StandardEngine-Starting Servlet engine: [Apache Tomcat/11.0.18]
2026-04-28 20:12:11.864 [main] INFO  o.s.b.w.c.servlet.WebApplicationContextInitializer-Root WebApplicationContext: initialization completed in 1001 ms
2026-04-28 20:12:12.495 [main] INFO  org.apache.coyote.http11.Http11NioProtocol-Starting ProtocolHandler ["http-nio-8080"]
2026-04-28 20:12:12.512 [main] INFO  org.springframework.boot.tomcat.TomcatWebServer-Tomcat started on port 8080 (http) with context path '/'
2026-04-28 20:12:12.516 [main] INFO  org.perswsj.TliasWebMangementApplication-Started TliasWebMangementApplication in 2.137 seconds (process running for 2.738)
2026-04-28 20:12:24.255 [http-nio-8080-exec-1] INFO  o.a.c.core.ContainerBase.[Tomcat].[localhost].[/]-Initializing Spring DispatcherServlet 'dispatcherServlet'
2026-04-28 20:12:24.256 [http-nio-8080-exec-1] INFO  org.springframework.web.servlet.DispatcherServlet-Initializing Servlet 'dispatcherServlet'
2026-04-28 20:12:24.258 [http-nio-8080-exec-1] INFO  org.springframework.web.servlet.DispatcherServlet-Completed initialization in 2 ms
2026-04-28 20:12:25.048 [http-nio-8080-exec-2] INFO  org.perswsj.Interceptor.LoginInterCeptor-令牌合法，放行
2026-04-28 20:12:25.049 [http-nio-8080-exec-1] INFO  org.perswsj.Interceptor.LoginInterCeptor-令牌合法，放行
2026-04-28 20:12:25.064 [http-nio-8080-exec-2] INFO  org.perswsj.controller.EmpController-查询全部员工数据
2026-04-28 20:12:25.090 [http-nio-8080-exec-1] INFO  org.perswsj.controller.ClazzController-查询班级分页数据: ClazzQueryParam(page=1, pageSize=10, name=, begin=null, end=null)
2026-04-28 20:12:25.099 [http-nio-8080-exec-2] INFO  com.zaxxer.hikari.HikariDataSource-HikariPool-1 - Starting...
2026-04-28 20:12:25.589 [http-nio-8080-exec-2] INFO  com.zaxxer.hikari.pool.HikariPool-HikariPool-1 - Added connection com.mysql.cj.jdbc.ConnectionImpl@20adef74
2026-04-28 20:12:25.592 [http-nio-8080-exec-2] INFO  com.zaxxer.hikari.HikariDataSource-HikariPool-1 - Start completed.
2026-04-28 20:12:25.737 [http-nio-8080-exec-1] INFO  org.perswsj.service.impl.ClazzServiceImpl-查询班级分页数据，查询参数：ClazzQueryParam(page=1, pageSize=10, name=, begin=null, end=null)
2026-04-28 20:12:25.741 [http-nio-8080-exec-1] INFO  org.perswsj.aop.RecordRunTimeAspect-方法 getClazzPage 执行耗时: 647 ms
2026-04-28 20:12:25.746 [http-nio-8080-exec-2] INFO  org.perswsj.aop.RecordRunTimeAspect-方法 getAll 执行耗时: 678 ms
2026-04-28 20:12:25.874 [http-nio-8080-exec-2] ERROR org.perswsj.exception.GlobalExceptionHeader-程序出错
org.springframework.http.converter.HttpMessageNotWritableException: Could not write JSON: ServletOutputStream failed to flush: java.io.IOException: 你的主机中的软件中止了一个已建立的连接。
	at org.springframework.http.converter.AbstractJacksonHttpMessageConverter.writeInternal(AbstractJacksonHttpMessageConverter.java:444)
	at org.springframework.http.converter.AbstractSmartHttpMessageConverter.write(AbstractSmartHttpMessageConverter.java:116)
	at org.springframework.web.servlet.mvc.method.annotation.AbstractMessageConverterMethodProcessor.writeWithMessageConverters(AbstractMessageConverterMethodProcessor.java:343)
	at org.springframework.web.servlet.mvc.method.annotation.RequestResponseBodyMethodProcessor.handleReturnValue(RequestResponseBodyMethodProcessor.java:213)
	at org.springframework.web.method.support.HandlerMethodReturnValueHandlerComposite.handleReturnValue(HandlerMethodReturnValueHandlerComposite.java:78)
	at org.springframework.web.servlet.mvc.method.annotation.ServletInvocableHandlerMethod.invokeAndHandle(ServletInvocableHandlerMethod.java:135)
	at org.springframework.web.servlet.mvc.method.annotation.RequestMappingHandlerAdapter.invokeHandlerMethod(RequestMappingHandlerAdapter.java:934)
	at org.springframework.web.servlet.mvc.method.annotation.RequestMappingHandlerAdapter.handleInternal(RequestMappingHandlerAdapter.java:853)
	at org.springframework.web.servlet.mvc.method.AbstractHandlerMethodAdapter.handle(AbstractHandlerMethodAdapter.java:86)
	at org.springframework.web.servlet.DispatcherServlet.doDispatch(DispatcherServlet.java:963)
	at org.springframework.web.servlet.DispatcherServlet.doService(DispatcherServlet.java:866)
	at org.springframework.web.servlet.FrameworkServlet.processRequest(FrameworkServlet.java:1000)
	at org.springframework.web.servlet.FrameworkServlet.doGet(FrameworkServlet.java:892)
	at jakarta.servlet.http.HttpServlet.service(HttpServlet.java:622)
	at org.springframework.web.servlet.FrameworkServlet.service(FrameworkServlet.java:874)
	at jakarta.servlet.http.HttpServlet.service(HttpServlet.java:710)
	at org.apache.catalina.core.ApplicationFilterChain.doFilter(ApplicationFilterChain.java:128)
	at org.apache.tomcat.websocket.server.WsFilter.doFilter(WsFilter.java:53)
	at org.apache.catalina.core.ApplicationFilterChain.doFilter(ApplicationFilterChain.java:107)
	at org.springframework.web.filter.RequestContextFilter.doFilterInternal(RequestContextFilter.java:100)
	at org.springframework.web.filter.OncePerRequestFilter.doFilter(OncePerRequestFilter.java:116)
	at org.apache.catalina.core.ApplicationFilterChain.doFilter(ApplicationFilterChain.java:107)
	at org.springframework.web.filter.FormContentFilter.doFilterInternal(FormContentFilter.java:93)
	at org.springframework.web.filter.OncePerRequestFilter.doFilter(OncePerRequestFilter.java:116)
	at org.apache.catalina.core.ApplicationFilterChain.doFilter(ApplicationFilterChain.java:107)
	at org.springframework.web.filter.CharacterEncodingFilter.doFilterInternal(CharacterEncodingFilter.java:199)
	at org.springframework.web.filter.OncePerRequestFilter.doFilter(OncePerRequestFilter.java:116)
	at org.apache.catalina.core.ApplicationFilterChain.doFilter(ApplicationFilterChain.java:107)
	at org.apache.catalina.core.StandardWrapperValve.invoke(StandardWrapperValve.java:165)
	at org.apache.catalina.core.StandardContextValve.invoke(StandardContextValve.java:77)
	at org.apache.catalina.authenticator.AuthenticatorBase.invoke(AuthenticatorBase.java:492)
	at org.apache.catalina.core.StandardHostValve.invoke(StandardHostValve.java:113)
	at org.apache.catalina.valves.ErrorReportValve.invoke(ErrorReportValve.java:83)
	at org.apache.catalina.core.StandardEngineValve.invoke(StandardEngineValve.java:72)
	at org.apache.catalina.connector.CoyoteAdapter.service(CoyoteAdapter.java:341)
	at org.apache.coyote.http11.Http11Processor.service(Http11Processor.java:397)
	at org.apache.coyote.AbstractProcessorLight.process(AbstractProcessorLight.java:63)
	at org.apache.coyote.AbstractProtocol$ConnectionHandler.process(AbstractProtocol.java:903)
	at org.apache.tomcat.util.net.NioEndpoint$SocketProcessor.doRun(NioEndpoint.java:1779)
	at org.apache.tomcat.util.net.SocketProcessorBase.run(SocketProcessorBase.java:52)
	at org.apache.tomcat.util.threads.ThreadPoolExecutor.runWorker(ThreadPoolExecutor.java:946)
	at org.apache.tomcat.util.threads.ThreadPoolExecutor$Worker.run(ThreadPoolExecutor.java:480)
	at org.apache.tomcat.util.threads.TaskThread$WrappingRunnable.run(TaskThread.java:57)
	at java.base/java.lang.Thread.run(Thread.java:1583)
Caused by: tools.jackson.core.exc.JacksonIOException: ServletOutputStream failed to flush: java.io.IOException: 你的主机中的软件中止了一个已建立的连接。
 at [No location information]
	at tools.jackson.core.exc.JacksonIOException.construct(JacksonIOException.java:39)
	at tools.jackson.core.JsonGenerator._wrapIOFailure(JsonGenerator.java:2476)
	at tools.jackson.core.json.UTF8JsonGenerator.flush(UTF8JsonGenerator.java:1241)
	at tools.jackson.databind.ObjectWriter.writeValue(ObjectWriter.java:975)
	at org.springframework.http.converter.AbstractJacksonHttpMessageConverter.writeInternal(AbstractJacksonHttpMessageConverter.java:436)
	... 43 common frames omitted
Caused by: org.springframework.web.context.request.async.AsyncRequestNotUsableException: ServletOutputStream failed to flush: java.io.IOException: 你的主机中的软件中止了一个已建立的连接。
	at org.springframework.web.context.request.async.StandardServletAsyncWebRequest$LifecycleHttpServletResponse.handleIOException(StandardServletAsyncWebRequest.java:340)
	at org.springframework.web.context.request.async.StandardServletAsyncWebRequest$LifecycleServletOutputStream.flush(StandardServletAsyncWebRequest.java:413)
	at java.base/java.io.FilterOutputStream.flush(FilterOutputStream.java:155)
	at tools.jackson.core.json.UTF8JsonGenerator.flush(UTF8JsonGenerator.java:1239)
	... 45 common frames omitted
Caused by: org.apache.catalina.connector.ClientAbortException: java.io.IOException: 你的主机中的软件中止了一个已建立的连接。
	at org.apache.catalina.connector.OutputBuffer.doFlush(OutputBuffer.java:290)
	at org.apache.catalina.connector.OutputBuffer.flush(OutputBuffer.java:252)
	at org.apache.catalina.connector.CoyoteOutputStream.flush(CoyoteOutputStream.java:134)
	at org.springframework.web.context.request.async.StandardServletAsyncWebRequest$LifecycleServletOutputStream.flush(StandardServletAsyncWebRequest.java:410)
	... 47 common frames omitted
Caused by: java.io.IOException: 你的主机中的软件中止了一个已建立的连接。
	at java.base/sun.nio.ch.SocketDispatcher.write0(Native Method)
	at java.base/sun.nio.ch.SocketDispatcher.write(SocketDispatcher.java:54)
	at java.base/sun.nio.ch.IOUtil.writeFromNativeBuffer(IOUtil.java:137)
	at java.base/sun.nio.ch.IOUtil.write(IOUtil.java:102)
	at java.base/sun.nio.ch.IOUtil.write(IOUtil.java:58)
	at java.base/sun.nio.ch.SocketChannelImpl.write(SocketChannelImpl.java:542)
	at org.apache.tomcat.util.net.NioChannel.write(NioChannel.java:129)
	at org.apache.tomcat.util.net.NioEndpoint$NioSocketWrapper.doWrite(NioEndpoint.java:1419)
	at org.apache.tomcat.util.net.SocketWrapperBase.doWrite(SocketWrapperBase.java:747)
	at org.apache.tomcat.util.net.SocketWrapperBase.flushBlocking(SocketWrapperBase.java:713)
	at org.apache.tomcat.util.net.SocketWrapperBase.flush(SocketWrapperBase.java:698)
	at org.apache.coyote.http11.Http11OutputBuffer$SocketOutputBuffer.flush(Http11OutputBuffer.java:563)
	at org.apache.coyote.http11.filters.IdentityOutputFilter.flush(IdentityOutputFilter.java:115)
	at org.apache.coyote.http11.Http11OutputBuffer.flush(Http11OutputBuffer.java:216)
	at org.apache.coyote.http11.Http11Processor.flush(Http11Processor.java:1271)
	at org.apache.coyote.AbstractProcessor.action(AbstractProcessor.java:407)
	at org.apache.coyote.Response.action(Response.java:197)
	at org.apache.catalina.connector.OutputBuffer.doFlush(OutputBuffer.java:286)
	... 50 common frames omitted
2026-04-28 20:12:26.122 [http-nio-8080-exec-3] INFO  org.perswsj.Interceptor.LoginInterCeptor-令牌合法，放行
2026-04-28 20:12:26.124 [http-nio-8080-exec-3] INFO  org.perswsj.controller.ClazzController-查询班级分页数据: ClazzQueryParam(page=1, pageSize=10, name=, begin=null, end=null)
2026-04-28 20:12:26.139 [http-nio-8080-exec-3] INFO  org.perswsj.service.impl.ClazzServiceImpl-查询班级分页数据，查询参数：ClazzQueryParam(page=1, pageSize=10, name=, begin=null, end=null)
2026-04-28 20:12:26.139 [http-nio-8080-exec-3] INFO  org.perswsj.aop.RecordRunTimeAspect-方法 getClazzPage 执行耗时: 15 ms
2026-04-28 20:12:26.152 [http-nio-8080-exec-4] INFO  org.perswsj.Interceptor.LoginInterCeptor-令牌合法，放行
2026-04-28 20:12:26.153 [http-nio-8080-exec-4] INFO  org.perswsj.controller.EmpController-查询全部员工数据
2026-04-28 20:12:26.166 [http-nio-8080-exec-4] INFO  org.perswsj.aop.RecordRunTimeAspect-方法 getAll 执行耗时: 13 ms
2026-04-28 20:12:38.018 [http-nio-8080-exec-5] INFO  org.perswsj.Interceptor.LoginInterCeptor-令牌合法，放行
2026-04-28 20:12:38.018 [http-nio-8080-exec-6] INFO  org.perswsj.Interceptor.LoginInterCeptor-令牌合法，放行
2026-04-28 20:12:38.018 [http-nio-8080-exec-6] INFO  org.perswsj.controller.ClazzController-查询所有班级数据
2026-04-28 20:12:38.021 [http-nio-8080-exec-5] INFO  org.perswsj.controller.StudentController-查询学生分页数据，查询参数：StudentQueryParam(name=, degree=null, clazzId=, page=1, pageSize=10)
2026-04-28 20:12:38.025 [http-nio-8080-exec-6] INFO  org.perswsj.service.impl.ClazzServiceImpl-查询所有班级数据，查询结果：[ClazzDto(id=1, name=JavaEE就业163期, room=212, beginDate=2024-04-30, endDate=2024-06-29, masterId=10, subject=1, createTime=2024-06-01T17:08:23, updateTime=2024-06-01T17:39:58), ClazzDto(id=2, name=前端就业90期, room=210, beginDate=2024-07-10, endDate=2024-01-20, masterId=3, subject=2, createTime=2024-06-01T17:45:12, updateTime=2024-06-01T17:45:12), ClazzDto(id=3, name=JavaEE就业165期, room=108, beginDate=2024-06-15, endDate=2024-12-25, masterId=6, subject=1, createTime=2024-06-01T17:45:40, updateTime=2024-06-01T17:45:40), ClazzDto(id=4, name=JavaEE就业166期, room=101, beginDate=2023-06-01, endDate=2024-01-25, masterId=7, subject=1, createTime=2024-06-01T17:46:10, updateTime=2026-04-22T17:06), ClazzDto(id=6, name=JavaEE就业167期, room=325, beginDate=2026-03-20, endDate=2026-08-10, masterId=36, subject=1, createTime=2025-11-15T11:35:46, updateTime=2025-11-15T14:31:24), ClazzDto(id=9, name=JavaAI就业1期, room=200, beginDate=2026-05-01, endDate=2026-08-01, masterId=6, subject=1, createTime=2026-04-21T23:02:48, updateTime=2026-04-21T23:02:48), ClazzDto(id=10, name=python就业1期, room=109, beginDate=2026-04-21, endDate=2026-06-21, masterId=10, subject=4, createTime=2026-04-21T23:04:56, updateTime=2026-04-21T23:04:56)]
2026-04-28 20:12:38.029 [http-nio-8080-exec-6] INFO  org.perswsj.aop.RecordRunTimeAspect-方法 getAllClazz 执行耗时: 10 ms
2026-04-28 20:12:38.041 [http-nio-8080-exec-5] INFO  org.perswsj.aop.RecordRunTimeAspect-方法 getStudentPage 执行耗时: 19 ms
2026-04-28 20:12:44.713 [http-nio-8080-exec-7] INFO  org.perswsj.Interceptor.LoginInterCeptor-令牌合法，放行
2026-04-28 20:12:44.713 [http-nio-8080-exec-8] INFO  org.perswsj.Interceptor.LoginInterCeptor-令牌合法，放行
2026-04-28 20:12:44.713 [http-nio-8080-exec-8] INFO  org.perswsj.controller.EmpController-查询全部员工数据
2026-04-28 20:12:44.715 [http-nio-8080-exec-7] INFO  org.perswsj.controller.ClazzController-查询班级分页数据: ClazzQueryParam(page=1, pageSize=10, name=, begin=null, end=null)
2026-04-28 20:12:44.736 [http-nio-8080-exec-7] INFO  org.perswsj.service.impl.ClazzServiceImpl-查询班级分页数据，查询参数：ClazzQueryParam(page=1, pageSize=10, name=, begin=null, end=null)
2026-04-28 20:12:44.737 [http-nio-8080-exec-8] INFO  org.perswsj.aop.RecordRunTimeAspect-方法 getAll 执行耗时: 24 ms
2026-04-28 20:12:44.736 [http-nio-8080-exec-7] INFO  org.perswsj.aop.RecordRunTimeAspect-方法 getClazzPage 执行耗时: 20 ms
2026-04-28 20:12:48.035 [http-nio-8080-exec-10] INFO  org.perswsj.Interceptor.LoginInterCeptor-令牌合法，放行
2026-04-28 20:12:48.035 [http-nio-8080-exec-9] INFO  org.perswsj.Interceptor.LoginInterCeptor-令牌合法，放行
2026-04-28 20:12:48.035 [http-nio-8080-exec-10] INFO  org.perswsj.controller.ClazzController-查询所有班级数据
2026-04-28 20:12:48.036 [http-nio-8080-exec-9] INFO  org.perswsj.controller.StudentController-查询学生分页数据，查询参数：StudentQueryParam(name=, degree=null, clazzId=, page=1, pageSize=10)
2026-04-28 20:12:48.042 [http-nio-8080-exec-10] INFO  org.perswsj.service.impl.ClazzServiceImpl-查询所有班级数据，查询结果：[ClazzDto(id=1, name=JavaEE就业163期, room=212, beginDate=2024-04-30, endDate=2024-06-29, masterId=10, subject=1, createTime=2024-06-01T17:08:23, updateTime=2024-06-01T17:39:58), ClazzDto(id=2, name=前端就业90期, room=210, beginDate=2024-07-10, endDate=2024-01-20, masterId=3, subject=2, createTime=2024-06-01T17:45:12, updateTime=2024-06-01T17:45:12), ClazzDto(id=3, name=JavaEE就业165期, room=108, beginDate=2024-06-15, endDate=2024-12-25, masterId=6, subject=1, createTime=2024-06-01T17:45:40, updateTime=2024-06-01T17:45:40), ClazzDto(id=4, name=JavaEE就业166期, room=101, beginDate=2023-06-01, endDate=2024-01-25, masterId=7, subject=1, createTime=2024-06-01T17:46:10, updateTime=2026-04-22T17:06), ClazzDto(id=6, name=JavaEE就业167期, room=325, beginDate=2026-03-20, endDate=2026-08-10, masterId=36, subject=1, createTime=2025-11-15T11:35:46, updateTime=2025-11-15T14:31:24), ClazzDto(id=9, name=JavaAI就业1期, room=200, beginDate=2026-05-01, endDate=2026-08-01, masterId=6, subject=1, createTime=2026-04-21T23:02:48, updateTime=2026-04-21T23:02:48), ClazzDto(id=10, name=python就业1期, room=109, beginDate=2026-04-21, endDate=2026-06-21, masterId=10, subject=4, createTime=2026-04-21T23:04:56, updateTime=2026-04-21T23:04:56)]
2026-04-28 20:12:48.042 [http-nio-8080-exec-10] INFO  org.perswsj.aop.RecordRunTimeAspect-方法 getAllClazz 执行耗时: 7 ms
2026-04-28 20:12:48.051 [http-nio-8080-exec-9] INFO  org.perswsj.aop.RecordRunTimeAspect-方法 getStudentPage 执行耗时: 15 ms
2026-04-28 20:12:49.626 [http-nio-8080-exec-1] INFO  org.perswsj.Interceptor.LoginInterCeptor-令牌合法，放行
2026-04-28 20:12:49.627 [http-nio-8080-exec-1] INFO  org.perswsj.controller.DeptController-查询部门全部数据
2026-04-28 20:12:49.634 [http-nio-8080-exec-1] INFO  org.perswsj.aop.RecordRunTimeAspect-方法 findAll 执行耗时: 7 ms
2026-04-28 20:12:50.223 [http-nio-8080-exec-3] INFO  org.perswsj.Interceptor.LoginInterCeptor-令牌合法，放行
2026-04-28 20:12:50.223 [http-nio-8080-exec-2] INFO  org.perswsj.Interceptor.LoginInterCeptor-令牌合法，放行
2026-04-28 20:12:50.223 [http-nio-8080-exec-3] INFO  org.perswsj.controller.DeptController-查询部门全部数据
2026-04-28 20:12:50.227 [http-nio-8080-exec-2] INFO  org.perswsj.controller.EmpController-分页查询员工列表数据，参数：EmpQueryParam(page=1, pageSize=10, name=, gender=null, begin=null, end=null)
2026-04-28 20:12:50.228 [http-nio-8080-exec-3] INFO  org.perswsj.aop.RecordRunTimeAspect-方法 findAll 执行耗时: 5 ms
2026-04-28 20:12:50.249 [http-nio-8080-exec-2] INFO  org.perswsj.service.impl.EmpServiceImpl-查询员工分页数据，分页参数：Page{count=true, pageNum=1, pageSize=10, startRow=0, endRow=10, total=30, pages=3, reasonable=false, pageSizeZero=false}[Emp(id=52, username=xiaowanxiong, password=123456, name=小浣熊, gender=1, phone=18899977728, job=3, salary=10000, image=https://wsj2-java.oss-cn-beijing.aliyuncs.com/2026/04/3c651568-9e82-4a3e-90ee-5558886b3773.jpg, entryDate=2026-04-16, deptId=3, createTime=2026-04-15T22:12:54, updateTime=2026-04-21T17:12:48, deptName=咨询部, exprList=null), Emp(id=6, username=yinglang, password=123456, name=银狼, gender=2, phone=18830277728, job=1, salary=10000, image=https://wsj2-java.oss-cn-beijing.aliyuncs.com/2026/04/65798ea9-fbb8-4ad3-b782-72bf230e207f.jpg, entryDate=2026-04-16, deptId=1, createTime=2026-04-15T22:20:54, updateTime=2026-04-21T17:11:58, deptName=学工部, exprList=null), Emp(id=10, username=xinzhe, password=123456, name=行者, gender=1, phone=18890277728, job=1, salary=6000, image=https://wsj2-java.oss-cn-beijing.aliyuncs.com/2026/04/f2aa784a-a8f6-40f5-b745-ecd4f64f05bb.jpg, entryDate=2024-04-16, deptId=1, createTime=2024-04-16T16:35:33, updateTime=2026-04-21T17:10:33, deptName=学工部, exprList=null), Emp(id=27, username=lijun, password=123456, name=李俊, gender=1, phone=13309090027, job=2, salary=6600, image=https://web-framework.oss-cn-hangzhou.aliyuncs.com/2023/1.jpg, entryDate=2004-01-01, deptId=1, createTime=2023-10-20T16:35:33, updateTime=2026-04-21T01:10:24, deptName=学工部, exprList=null), Emp(id=17, username=liying, password=12345678, name=李应, gender=1, phone=13309090017, job=1, salary=5800, image=https://web-framework.oss-cn-hangzhou.aliyuncs.com/2023/1.jpg, entryDate=2015-03-21, deptId=1, createTime=2023-10-20T16:35:33, updateTime=2026-04-21T01:10:10, deptName=学工部, exprList=null), Emp(id=28, username=lizhong, password=123456, name=李忠, gender=1, phone=13309090028, job=5, salary=5000, image=https://wsj-java-ai.oss-cn-shanghai.aliyuncs.com/2026/04/fdadcddf-2c3b-457b-a75e-b3a94250ca6e.jpg, entryDate=2007-01-01, deptId=3, createTime=2023-10-20T16:35:33, updateTime=2026-04-17T00:51:20, deptName=咨询部, exprList=null), Emp(id=1, username=shinaian, password=123456, name=施耐庵, gender=1, phone=13309090001, job=4, salary=15000, image=https://web-framework.oss-cn-hangzhou.aliyuncs.com/2023/1.jpg, entryDate=2000-01-01, deptId=2, createTime=2023-10-20T16:35:33, updateTime=2023-11-16T16:11:26, deptName=教研部, exprList=null), Emp(id=36, username=linghuchong, password=123456, name=令狐冲, gender=1, phone=18809091212, job=2, salary=6800, image=https://web-framework.oss-cn-hangzhou.aliyuncs.com/2023/1.jpg, entryDate=2023-10-19, deptId=2, createTime=2023-10-20T20:44:54, updateTime=2023-11-09T09:41:04, deptName=教研部, exprList=null), Emp(id=26, username=yanshun, password=123456, name=燕顺, gender=1, phone=13309090026, job=5, salary=5400, image=https://web-framework.oss-cn-hangzhou.aliyuncs.com/2023/1.jpg, entryDate=2011-01-01, deptId=3, createTime=2023-10-20T16:35:33, updateTime=2023-11-08T22:12:46, deptName=咨询部, exprList=null), Emp(id=25, username=tongmeng, password=123456, name=童猛, gender=1, phone=13309090025, job=5, salary=4800, image=https://web-framework.oss-cn-hangzhou.aliyuncs.com/2023/1.jpg, entryDate=2002-01-01, deptId=3, createTime=2023-10-20T16:35:33, updateTime=2023-10-20T16:36:23, deptName=咨询部, exprList=null)]，查询参数：{}
2026-04-28 20:12:50.251 [http-nio-8080-exec-2] INFO  org.perswsj.aop.RecordRunTimeAspect-方法 page 执行耗时: 24 ms
2026-04-28 20:13:03.304 [http-nio-8080-exec-4] INFO  org.perswsj.Interceptor.LoginInterCeptor-令牌合法，放行
2026-04-28 20:13:03.308 [http-nio-8080-exec-4] INFO  org.perswsj.controller.EmpController-查询员工详情，参数：52
2026-04-28 20:13:03.322 [http-nio-8080-exec-4] INFO  org.perswsj.aop.RecordRunTimeAspect-方法 getInfo 执行耗时: 14 ms
2026-04-28 20:13:09.361 [http-nio-8080-exec-6] INFO  org.perswsj.Interceptor.LoginInterCeptor-令牌合法，放行
2026-04-28 20:13:09.362 [http-nio-8080-exec-6] INFO  org.perswsj.controller.EmpController-查询员工详情，参数：27
2026-04-28 20:13:09.367 [http-nio-8080-exec-6] INFO  org.perswsj.aop.RecordRunTimeAspect-方法 getInfo 执行耗时: 5 ms
2026-04-28 20:13:25.867 [http-nio-8080-exec-5] INFO  org.perswsj.Interceptor.LoginInterCeptor-令牌合法，放行
2026-04-28 20:13:36.003 [http-nio-8080-exec-5] INFO  org.perswsj.controller.UpdateController-upload url:https://wsj2-java.oss-cn-beijing.aliyuncs.com/2026/04/3618bca6-11b4-41a7-b0fb-ef606b2eb1cb.JPG
2026-04-28 20:13:39.143 [http-nio-8080-exec-7] INFO  org.perswsj.Interceptor.LoginInterCeptor-令牌合法，放行
2026-04-28 20:13:39.231 [http-nio-8080-exec-7] INFO  org.perswsj.controller.EmpController-更新员工数据，参数：Emp(id=27, username=lijun, password=123456, name=李俊, gender=1, phone=13309090027, job=2, salary=6600, image=https://wsj2-java.oss-cn-beijing.aliyuncs.com/2026/04/3618bca6-11b4-41a7-b0fb-ef606b2eb1cb.JPG, entryDate=2004-01-01, deptId=1, createTime=2023-10-20T16:35:33, updateTime=2026-04-21T01:10:24, deptName=null, exprList=[])
2026-04-28 20:13:39.239 [http-nio-8080-exec-7] DEBUG o.s.jdbc.support.JdbcTransactionManager-Creating new transaction with name [org.perswsj.service.impl.EmpServiceImpl.update]: PROPAGATION_REQUIRED,ISOLATION_DEFAULT,-java.lang.Exception
2026-04-28 20:13:39.241 [http-nio-8080-exec-7] DEBUG o.s.jdbc.support.JdbcTransactionManager-Acquired Connection [HikariProxyConnection@2082126028 wrapping com.mysql.cj.jdbc.ConnectionImpl@896f571] for JDBC transaction
2026-04-28 20:13:39.245 [http-nio-8080-exec-7] DEBUG o.s.jdbc.support.JdbcTransactionManager-Switching JDBC Connection [HikariProxyConnection@2082126028 wrapping com.mysql.cj.jdbc.ConnectionImpl@896f571] to manual commit
2026-04-28 20:13:39.281 [http-nio-8080-exec-7] INFO  org.perswsj.aop.RecordRunTimeAspect-方法 update 执行耗时: 35 ms
2026-04-28 20:13:39.282 [http-nio-8080-exec-7] DEBUG o.s.jdbc.support.JdbcTransactionManager-Initiating transaction commit
2026-04-28 20:13:39.282 [http-nio-8080-exec-7] DEBUG o.s.jdbc.support.JdbcTransactionManager-Committing JDBC transaction on Connection [HikariProxyConnection@2082126028 wrapping com.mysql.cj.jdbc.ConnectionImpl@896f571]
2026-04-28 20:13:39.288 [http-nio-8080-exec-7] DEBUG o.s.jdbc.support.JdbcTransactionManager-Releasing JDBC Connection [HikariProxyConnection@2082126028 wrapping com.mysql.cj.jdbc.ConnectionImpl@896f571] after transaction
2026-04-28 20:13:39.305 [http-nio-8080-exec-8] INFO  org.perswsj.Interceptor.LoginInterCeptor-令牌合法，放行
2026-04-28 20:13:39.306 [http-nio-8080-exec-8] INFO  org.perswsj.controller.EmpController-分页查询员工列表数据，参数：EmpQueryParam(page=1, pageSize=10, name=, gender=null, begin=null, end=null)
2026-04-28 20:13:39.315 [http-nio-8080-exec-8] INFO  org.perswsj.service.impl.EmpServiceImpl-查询员工分页数据，分页参数：Page{count=true, pageNum=1, pageSize=10, startRow=0, endRow=10, total=30, pages=3, reasonable=false, pageSizeZero=false}[Emp(id=27, username=lijun, password=123456, name=李俊, gender=1, phone=13309090027, job=2, salary=6600, image=https://wsj2-java.oss-cn-beijing.aliyuncs.com/2026/04/3618bca6-11b4-41a7-b0fb-ef606b2eb1cb.JPG, entryDate=2004-01-01, deptId=1, createTime=2023-10-20T16:35:33, updateTime=2026-04-28T20:13:39, deptName=学工部, exprList=null), Emp(id=52, username=xiaowanxiong, password=123456, name=小浣熊, gender=1, phone=18899977728, job=3, salary=10000, image=https://wsj2-java.oss-cn-beijing.aliyuncs.com/2026/04/3c651568-9e82-4a3e-90ee-5558886b3773.jpg, entryDate=2026-04-16, deptId=3, createTime=2026-04-15T22:12:54, updateTime=2026-04-21T17:12:48, deptName=咨询部, exprList=null), Emp(id=6, username=yinglang, password=123456, name=银狼, gender=2, phone=18830277728, job=1, salary=10000, image=https://wsj2-java.oss-cn-beijing.aliyuncs.com/2026/04/65798ea9-fbb8-4ad3-b782-72bf230e207f.jpg, entryDate=2026-04-16, deptId=1, createTime=2026-04-15T22:20:54, updateTime=2026-04-21T17:11:58, deptName=学工部, exprList=null), Emp(id=10, username=xinzhe, password=123456, name=行者, gender=1, phone=18890277728, job=1, salary=6000, image=https://wsj2-java.oss-cn-beijing.aliyuncs.com/2026/04/f2aa784a-a8f6-40f5-b745-ecd4f64f05bb.jpg, entryDate=2024-04-16, deptId=1, createTime=2024-04-16T16:35:33, updateTime=2026-04-21T17:10:33, deptName=学工部, exprList=null), Emp(id=17, username=liying, password=12345678, name=李应, gender=1, phone=13309090017, job=1, salary=5800, image=https://web-framework.oss-cn-hangzhou.aliyuncs.com/2023/1.jpg, entryDate=2015-03-21, deptId=1, createTime=2023-10-20T16:35:33, updateTime=2026-04-21T01:10:10, deptName=学工部, exprList=null), Emp(id=28, username=lizhong, password=123456, name=李忠, gender=1, phone=13309090028, job=5, salary=5000, image=https://wsj-java-ai.oss-cn-shanghai.aliyuncs.com/2026/04/fdadcddf-2c3b-457b-a75e-b3a94250ca6e.jpg, entryDate=2007-01-01, deptId=3, createTime=2023-10-20T16:35:33, updateTime=2026-04-17T00:51:20, deptName=咨询部, exprList=null), Emp(id=1, username=shinaian, password=123456, name=施耐庵, gender=1, phone=13309090001, job=4, salary=15000, image=https://web-framework.oss-cn-hangzhou.aliyuncs.com/2023/1.jpg, entryDate=2000-01-01, deptId=2, createTime=2023-10-20T16:35:33, updateTime=2023-11-16T16:11:26, deptName=教研部, exprList=null), Emp(id=36, username=linghuchong, password=123456, name=令狐冲, gender=1, phone=18809091212, job=2, salary=6800, image=https://web-framework.oss-cn-hangzhou.aliyuncs.com/2023/1.jpg, entryDate=2023-10-19, deptId=2, createTime=2023-10-20T20:44:54, updateTime=2023-11-09T09:41:04, deptName=教研部, exprList=null), Emp(id=26, username=yanshun, password=123456, name=燕顺, gender=1, phone=13309090026, job=5, salary=5400, image=https://web-framework.oss-cn-hangzhou.aliyuncs.com/2023/1.jpg, entryDate=2011-01-01, deptId=3, createTime=2023-10-20T16:35:33, updateTime=2023-11-08T22:12:46, deptName=咨询部, exprList=null), Emp(id=25, username=tongmeng, password=123456, name=童猛, gender=1, phone=13309090025, job=5, salary=4800, image=https://web-framework.oss-cn-hangzhou.aliyuncs.com/2023/1.jpg, entryDate=2002-01-01, deptId=3, createTime=2023-10-20T16:35:33, updateTime=2023-10-20T16:36:23, deptName=咨询部, exprList=null)]，查询参数：{}
2026-04-28 20:13:39.316 [http-nio-8080-exec-8] INFO  org.perswsj.aop.RecordRunTimeAspect-方法 page 执行耗时: 10 ms
2026-04-28 20:14:25.933 [SpringApplicationShutdownHook] INFO  org.springframework.boot.tomcat.GracefulShutdown-Commencing graceful shutdown. Waiting for active requests to complete
2026-04-28 20:14:25.938 [tomcat-shutdown] INFO  org.springframework.boot.tomcat.GracefulShutdown-Graceful shutdown complete
2026-04-28 20:14:25.940 [SpringApplicationShutdownHook] INFO  com.zaxxer.hikari.HikariDataSource-HikariPool-1 - Shutdown initiated...
2026-04-28 20:14:25.944 [SpringApplicationShutdownHook] INFO  com.zaxxer.hikari.HikariDataSource-HikariPool-1 - Shutdown completed.
2026-04-28 20:14:28.692 [main] INFO  org.perswsj.TliasWebMangementApplication-Starting TliasWebMangementApplication using Java 21.0.7 with PID 4328 (D:\coding\JavaWeb\back_end\web-ai-project02\tlias-web-mangement\target\classes started by 32188 in D:\coding\JavaWeb\back_end\web-ai-project02)
2026-04-28 20:14:28.693 [main] INFO  org.perswsj.TliasWebMangementApplication-No active profile set, falling back to 1 default profile: "default"
2026-04-28 20:14:29.481 [main] INFO  org.springframework.boot.tomcat.TomcatWebServer-Tomcat initialized with port 8080 (http)
2026-04-28 20:14:29.492 [main] INFO  org.apache.coyote.http11.Http11NioProtocol-Initializing ProtocolHandler ["http-nio-8080"]
2026-04-28 20:14:29.494 [main] INFO  org.apache.catalina.core.StandardService-Starting service [Tomcat]
2026-04-28 20:14:29.494 [main] INFO  org.apache.catalina.core.StandardEngine-Starting Servlet engine: [Apache Tomcat/11.0.18]
2026-04-28 20:14:29.555 [main] INFO  o.s.b.w.c.servlet.WebApplicationContextInitializer-Root WebApplicationContext: initialization completed in 829 ms
2026-04-28 20:14:30.053 [main] INFO  org.apache.coyote.http11.Http11NioProtocol-Starting ProtocolHandler ["http-nio-8080"]
2026-04-28 20:14:30.070 [main] INFO  org.springframework.boot.tomcat.TomcatWebServer-Tomcat started on port 8080 (http) with context path '/'
2026-04-28 20:14:30.074 [main] INFO  org.perswsj.TliasWebMangementApplication-Started TliasWebMangementApplication in 1.739 seconds (process running for 2.38)
2026-04-28 20:14:34.758 [http-nio-8080-exec-1] INFO  o.a.c.core.ContainerBase.[Tomcat].[localhost].[/]-Initializing Spring DispatcherServlet 'dispatcherServlet'
2026-04-28 20:14:34.759 [http-nio-8080-exec-1] INFO  org.springframework.web.servlet.DispatcherServlet-Initializing Servlet 'dispatcherServlet'
2026-04-28 20:14:34.760 [http-nio-8080-exec-1] INFO  org.springframework.web.servlet.DispatcherServlet-Completed initialization in 1 ms
2026-04-28 20:14:35.445 [http-nio-8080-exec-1] INFO  org.perswsj.Interceptor.LoginInterCeptor-令牌合法，放行
2026-04-28 20:14:35.445 [http-nio-8080-exec-2] INFO  org.perswsj.Interceptor.LoginInterCeptor-令牌合法，放行
2026-04-28 20:14:35.463 [http-nio-8080-exec-2] INFO  org.perswsj.controller.EmpController-查询全部员工数据
2026-04-28 20:14:35.490 [http-nio-8080-exec-1] INFO  org.perswsj.controller.ClazzController-查询班级分页数据: ClazzQueryParam(page=1, pageSize=10, name=, begin=null, end=null)
2026-04-28 20:14:35.496 [http-nio-8080-exec-2] INFO  com.zaxxer.hikari.HikariDataSource-HikariPool-1 - Starting...
2026-04-28 20:14:35.960 [http-nio-8080-exec-2] INFO  com.zaxxer.hikari.pool.HikariPool-HikariPool-1 - Added connection com.mysql.cj.jdbc.ConnectionImpl@680012c
2026-04-28 20:14:35.964 [http-nio-8080-exec-2] INFO  com.zaxxer.hikari.HikariDataSource-HikariPool-1 - Start completed.
2026-04-28 20:14:36.067 [http-nio-8080-exec-1] INFO  org.perswsj.service.impl.ClazzServiceImpl-查询班级分页数据，查询参数：ClazzQueryParam(page=1, pageSize=10, name=, begin=null, end=null)
2026-04-28 20:14:46.362 [SpringApplicationShutdownHook] INFO  org.springframework.boot.tomcat.GracefulShutdown-Commencing graceful shutdown. Waiting for active requests to complete
2026-04-28 20:14:46.368 [tomcat-shutdown] INFO  org.springframework.boot.tomcat.GracefulShutdown-Graceful shutdown complete
2026-04-28 20:14:46.369 [SpringApplicationShutdownHook] INFO  com.zaxxer.hikari.HikariDataSource-HikariPool-1 - Shutdown initiated...
2026-04-28 20:14:46.374 [SpringApplicationShutdownHook] INFO  com.zaxxer.hikari.HikariDataSource-HikariPool-1 - Shutdown completed.
