2026-05-16 00:00:34.674 [http-nio-8080-exec-2] INFO  org.perswsj.controller.DeptController-查询部门全部数据
2026-05-16 00:00:40.106 [http-nio-8080-exec-4] INFO  org.perswsj.controller.DeptController-查询部门全部数据
2026-05-16 00:00:42.259 [http-nio-8080-exec-5] INFO  org.perswsj.controller.DeptController-查询部门全部数据
2026-05-16 00:00:45.849 [http-nio-8080-exec-6] INFO  org.perswsj.controller.DeptController-查询部门全部数据
2026-05-16 00:00:56.432 [http-nio-8080-exec-7] INFO  org.perswsj.controller.DeptController-查询部门全部数据
2026-05-16 00:00:57.522 [http-nio-8080-exec-8] INFO  org.perswsj.controller.DeptController-查询部门全部数据
2026-05-16 00:01:00.411 [http-nio-8080-exec-9] INFO  org.perswsj.controller.DeptController-查询部门全部数据
2026-05-16 00:01:03.964 [http-nio-8080-exec-10] INFO  org.perswsj.controller.DeptController-查询部门全部数据
2026-05-16 00:01:17.800 [http-nio-8080-exec-1] INFO  org.perswsj.controller.DeptController-查询部门全部数据
2026-05-16 00:09:18.936 [http-nio-8080-exec-3] INFO  org.perswsj.controller.DeptController-查询部门全部数据
2026-05-16 00:09:23.556 [http-nio-8080-exec-2] INFO  org.perswsj.controller.DeptController-查询部门全部数据
2026-05-16 00:09:28.195 [http-nio-8080-exec-4] INFO  org.perswsj.controller.DeptController-查询部门全部数据
2026-05-16 00:10:07.199 [http-nio-8080-exec-5] INFO  org.perswsj.controller.DeptController-查询部门全部数据
2026-05-16 00:11:31.082 [http-nio-8080-exec-6] INFO  org.perswsj.controller.DeptController-查询部门全部数据
2026-05-16 00:11:32.814 [http-nio-8080-exec-7] INFO  org.perswsj.controller.DeptController-查询部门全部数据
2026-05-16 00:11:34.537 [http-nio-8080-exec-8] INFO  org.perswsj.controller.DeptController-查询部门全部数据
2026-05-16 00:11:39.003 [http-nio-8080-exec-9] INFO  org.perswsj.controller.DeptController-查询部门全部数据
2026-05-16 00:11:41.144 [http-nio-8080-exec-10] INFO  org.perswsj.controller.DeptController-查询部门全部数据
2026-05-16 00:11:45.700 [http-nio-8080-exec-1] INFO  org.perswsj.controller.DeptController-查询部门全部数据
2026-05-16 00:11:46.745 [http-nio-8080-exec-3] INFO  org.perswsj.controller.DeptController-查询部门全部数据
2026-05-16 00:12:40.303 [http-nio-8080-exec-2] INFO  org.perswsj.controller.DeptController-查询部门全部数据
2026-05-16 00:12:47.819 [http-nio-8080-exec-4] INFO  org.perswsj.controller.DeptController-查询部门全部数据
2026-05-16 00:13:03.135 [http-nio-8080-exec-5] INFO  org.perswsj.controller.DeptController-新增部门数据，部门信息=Dept(id=null, name=tansformer, createTime=null, updateTime=null)
2026-05-16 00:13:03.141 [http-nio-8080-exec-5] DEBUG o.s.jdbc.support.JdbcTransactionManager-Creating new transaction with name [jdk.proxy2.$Proxy73.insert]: PROPAGATION_REQUIRES_NEW,ISOLATION_DEFAULT
2026-05-16 00:13:03.141 [http-nio-8080-exec-5] DEBUG o.s.jdbc.support.JdbcTransactionManager-Acquired Connection [HikariProxyConnection@2146845605 wrapping com.mysql.cj.jdbc.ConnectionImpl@56757f72] for JDBC transaction
2026-05-16 00:13:03.141 [http-nio-8080-exec-5] DEBUG o.s.jdbc.support.JdbcTransactionManager-Switching JDBC Connection [HikariProxyConnection@2146845605 wrapping com.mysql.cj.jdbc.ConnectionImpl@56757f72] to manual commit
2026-05-16 00:13:03.145 [http-nio-8080-exec-5] DEBUG o.s.jdbc.support.JdbcTransactionManager-Initiating transaction commit
2026-05-16 00:13:03.145 [http-nio-8080-exec-5] DEBUG o.s.jdbc.support.JdbcTransactionManager-Committing JDBC transaction on Connection [HikariProxyConnection@2146845605 wrapping com.mysql.cj.jdbc.ConnectionImpl@56757f72]
2026-05-16 00:13:03.149 [http-nio-8080-exec-5] DEBUG o.s.jdbc.support.JdbcTransactionManager-Releasing JDBC Connection [HikariProxyConnection@2146845605 wrapping com.mysql.cj.jdbc.ConnectionImpl@56757f72] after transaction
2026-05-16 00:13:03.149 [http-nio-8080-exec-5] INFO  org.perswsj.aop.RecordRunTimeAspect-操作日志已记录: OperateLog(id=null, operateEmpId=null, operateTime=2026-05-16T00:13:03.141594100, className=org.perswsj.controller.DeptController, methodName=add, methodParams=[Dept(id=null, name=tansformer, createTime=2026-05-16T00:13:03.135360200, updateTime=2026-05-16T00:13:03.135360200)], returnValue=Result(code=1, msg=success, data=null), costTime=6)
2026-05-16 00:13:03.159 [http-nio-8080-exec-6] INFO  org.perswsj.controller.DeptController-查询部门全部数据
2026-05-16 00:13:08.085 [http-nio-8080-exec-7] INFO  org.perswsj.controller.DeptController-查询部门全部数据
2026-05-16 00:15:13.312 [http-nio-8080-exec-8] INFO  org.perswsj.controller.DeptController-查询部门全部数据
2026-05-16 00:16:19.635 [http-nio-8080-exec-9] INFO  org.perswsj.controller.DeptController-新增部门数据，部门信息=Dept(id=null, name=abc, createTime=null, updateTime=null)
2026-05-16 00:16:19.644 [http-nio-8080-exec-9] DEBUG o.s.jdbc.support.JdbcTransactionManager-Creating new transaction with name [jdk.proxy2.$Proxy73.insert]: PROPAGATION_REQUIRES_NEW,ISOLATION_DEFAULT
2026-05-16 00:16:19.644 [http-nio-8080-exec-9] DEBUG o.s.jdbc.support.JdbcTransactionManager-Acquired Connection [HikariProxyConnection@1234177133 wrapping com.mysql.cj.jdbc.ConnectionImpl@56757f72] for JDBC transaction
2026-05-16 00:16:19.644 [http-nio-8080-exec-9] DEBUG o.s.jdbc.support.JdbcTransactionManager-Switching JDBC Connection [HikariProxyConnection@1234177133 wrapping com.mysql.cj.jdbc.ConnectionImpl@56757f72] to manual commit
2026-05-16 00:16:19.649 [http-nio-8080-exec-9] DEBUG o.s.jdbc.support.JdbcTransactionManager-Initiating transaction commit
2026-05-16 00:16:19.649 [http-nio-8080-exec-9] DEBUG o.s.jdbc.support.JdbcTransactionManager-Committing JDBC transaction on Connection [HikariProxyConnection@1234177133 wrapping com.mysql.cj.jdbc.ConnectionImpl@56757f72]
2026-05-16 00:16:19.651 [http-nio-8080-exec-9] DEBUG o.s.jdbc.support.JdbcTransactionManager-Releasing JDBC Connection [HikariProxyConnection@1234177133 wrapping com.mysql.cj.jdbc.ConnectionImpl@56757f72] after transaction
2026-05-16 00:16:19.652 [http-nio-8080-exec-9] INFO  org.perswsj.aop.RecordRunTimeAspect-操作日志已记录: OperateLog(id=null, operateEmpId=null, operateTime=2026-05-16T00:16:19.644320400, className=org.perswsj.controller.DeptController, methodName=add, methodParams=[Dept(id=null, name=abc, createTime=2026-05-16T00:16:19.635502200, updateTime=2026-05-16T00:16:19.635502200)], returnValue=Result(code=1, msg=success, data=null), costTime=9)
2026-05-16 00:16:19.664 [http-nio-8080-exec-10] INFO  org.perswsj.controller.DeptController-查询部门全部数据
2026-05-16 00:17:11.143 [http-nio-8080-exec-1] INFO  org.perswsj.controller.DeptController-查询部门全部数据
2026-05-16 00:18:30.737 [SpringApplicationShutdownHook] INFO  org.springframework.boot.tomcat.GracefulShutdown-Commencing graceful shutdown. Waiting for active requests to complete
2026-05-16 00:18:30.741 [tomcat-shutdown] INFO  org.springframework.boot.tomcat.GracefulShutdown-Graceful shutdown complete
2026-05-16 00:18:30.745 [SpringApplicationShutdownHook] INFO  com.zaxxer.hikari.HikariDataSource-HikariPool-1 - Shutdown initiated...
2026-05-16 00:18:30.748 [SpringApplicationShutdownHook] INFO  com.zaxxer.hikari.HikariDataSource-HikariPool-1 - Shutdown completed.
