2026-04-15 11:10:26.275 [main] INFO  org.perswsj.TliasWebMangementApplication-Starting TliasWebMangementApplication using Java 21.0.7 with PID 11020 (D:\coding\JavaWeb\back_end\web-ai-project02\tlias-web-mangement\target\classes started by 32188 in D:\coding\JavaWeb\back_end\web-ai-project02)
2026-04-15 11:10:26.276 [main] INFO  org.perswsj.TliasWebMangementApplication-No active profile set, falling back to 1 default profile: "default"
2026-04-15 11:10:27.112 [main] INFO  org.springframework.boot.tomcat.TomcatWebServer-Tomcat initialized with port 8080 (http)
2026-04-15 11:10:27.124 [main] INFO  org.apache.coyote.http11.Http11NioProtocol-Initializing ProtocolHandler ["http-nio-8080"]
2026-04-15 11:10:27.126 [main] INFO  org.apache.catalina.core.StandardService-Starting service [Tomcat]
2026-04-15 11:10:27.126 [main] INFO  org.apache.catalina.core.StandardEngine-Starting Servlet engine: [Apache Tomcat/11.0.18]
2026-04-15 11:10:27.186 [main] INFO  o.s.b.w.c.servlet.WebApplicationContextInitializer-Root WebApplicationContext: initialization completed in 866 ms
2026-04-15 11:10:27.732 [main] INFO  org.apache.coyote.http11.Http11NioProtocol-Starting ProtocolHandler ["http-nio-8080"]
2026-04-15 11:10:27.753 [main] INFO  org.springframework.boot.tomcat.TomcatWebServer-Tomcat started on port 8080 (http) with context path '/'
2026-04-15 11:10:27.756 [main] INFO  org.perswsj.TliasWebMangementApplication-Started TliasWebMangementApplication in 1.87 seconds (process running for 2.926)
2026-04-15 11:12:50.909 [SpringApplicationShutdownHook] INFO  org.springframework.boot.tomcat.GracefulShutdown-Commencing graceful shutdown. Waiting for active requests to complete
2026-04-15 11:12:50.918 [tomcat-shutdown] INFO  org.springframework.boot.tomcat.GracefulShutdown-Graceful shutdown complete
2026-04-15 11:12:53.817 [main] INFO  org.perswsj.TliasWebMangementApplication-Starting TliasWebMangementApplication using Java 21.0.7 with PID 30808 (D:\coding\JavaWeb\back_end\web-ai-project02\tlias-web-mangement\target\classes started by 32188 in D:\coding\JavaWeb\back_end\web-ai-project02)
2026-04-15 11:12:53.819 [main] INFO  org.perswsj.TliasWebMangementApplication-No active profile set, falling back to 1 default profile: "default"
2026-04-15 11:12:54.659 [main] INFO  org.springframework.boot.tomcat.TomcatWebServer-Tomcat initialized with port 8080 (http)
2026-04-15 11:12:54.669 [main] INFO  org.apache.coyote.http11.Http11NioProtocol-Initializing ProtocolHandler ["http-nio-8080"]
2026-04-15 11:12:54.671 [main] INFO  org.apache.catalina.core.StandardService-Starting service [Tomcat]
2026-04-15 11:12:54.671 [main] INFO  org.apache.catalina.core.StandardEngine-Starting Servlet engine: [Apache Tomcat/11.0.18]
2026-04-15 11:12:54.729 [main] INFO  o.s.b.w.c.servlet.WebApplicationContextInitializer-Root WebApplicationContext: initialization completed in 876 ms
2026-04-15 11:12:55.270 [main] INFO  org.apache.coyote.http11.Http11NioProtocol-Starting ProtocolHandler ["http-nio-8080"]
2026-04-15 11:12:55.291 [main] INFO  org.springframework.boot.tomcat.TomcatWebServer-Tomcat started on port 8080 (http) with context path '/'
2026-04-15 11:12:55.297 [main] INFO  org.perswsj.TliasWebMangementApplication-Started TliasWebMangementApplication in 1.822 seconds (process running for 2.467)
2026-04-15 11:13:02.139 [http-nio-8080-exec-2] INFO  o.a.c.core.ContainerBase.[Tomcat].[localhost].[/]-Initializing Spring DispatcherServlet 'dispatcherServlet'
2026-04-15 11:13:02.139 [http-nio-8080-exec-2] INFO  org.springframework.web.servlet.DispatcherServlet-Initializing Servlet 'dispatcherServlet'
2026-04-15 11:13:02.142 [http-nio-8080-exec-2] INFO  org.springframework.web.servlet.DispatcherServlet-Completed initialization in 1 ms
2026-04-15 11:13:02.204 [http-nio-8080-exec-2] INFO  org.perswsj.controller.EmpController-批量删除员工数据，参数：1
2026-04-15 11:13:33.744 [SpringApplicationShutdownHook] INFO  org.springframework.boot.tomcat.GracefulShutdown-Commencing graceful shutdown. Waiting for active requests to complete
2026-04-15 11:13:33.750 [tomcat-shutdown] INFO  org.springframework.boot.tomcat.GracefulShutdown-Graceful shutdown complete
2026-04-15 11:13:36.494 [main] INFO  org.perswsj.TliasWebMangementApplication-Starting TliasWebMangementApplication using Java 21.0.7 with PID 29948 (D:\coding\JavaWeb\back_end\web-ai-project02\tlias-web-mangement\target\classes started by 32188 in D:\coding\JavaWeb\back_end\web-ai-project02)
2026-04-15 11:13:36.496 [main] INFO  org.perswsj.TliasWebMangementApplication-No active profile set, falling back to 1 default profile: "default"
2026-04-15 11:13:37.245 [main] INFO  org.springframework.boot.tomcat.TomcatWebServer-Tomcat initialized with port 8080 (http)
2026-04-15 11:13:37.256 [main] INFO  org.apache.coyote.http11.Http11NioProtocol-Initializing ProtocolHandler ["http-nio-8080"]
2026-04-15 11:13:37.259 [main] INFO  org.apache.catalina.core.StandardService-Starting service [Tomcat]
2026-04-15 11:13:37.259 [main] INFO  org.apache.catalina.core.StandardEngine-Starting Servlet engine: [Apache Tomcat/11.0.18]
2026-04-15 11:13:37.313 [main] INFO  o.s.b.w.c.servlet.WebApplicationContextInitializer-Root WebApplicationContext: initialization completed in 782 ms
2026-04-15 11:13:37.788 [main] INFO  org.apache.coyote.http11.Http11NioProtocol-Starting ProtocolHandler ["http-nio-8080"]
2026-04-15 11:13:37.805 [main] INFO  org.springframework.boot.tomcat.TomcatWebServer-Tomcat started on port 8080 (http) with context path '/'
2026-04-15 11:13:37.808 [main] INFO  org.perswsj.TliasWebMangementApplication-Started TliasWebMangementApplication in 1.649 seconds (process running for 2.249)
2026-04-15 11:13:43.326 [http-nio-8080-exec-1] INFO  o.a.c.core.ContainerBase.[Tomcat].[localhost].[/]-Initializing Spring DispatcherServlet 'dispatcherServlet'
2026-04-15 11:13:43.326 [http-nio-8080-exec-1] INFO  org.springframework.web.servlet.DispatcherServlet-Initializing Servlet 'dispatcherServlet'
2026-04-15 11:13:43.328 [http-nio-8080-exec-1] INFO  org.springframework.web.servlet.DispatcherServlet-Completed initialization in 2 ms
2026-04-15 11:13:43.395 [http-nio-8080-exec-1] INFO  org.perswsj.controller.EmpController-批量删除员工数据，参数：[1, 2, 3]
2026-04-15 11:15:03.449 [SpringApplicationShutdownHook] INFO  org.springframework.boot.tomcat.GracefulShutdown-Commencing graceful shutdown. Waiting for active requests to complete
2026-04-15 11:15:03.456 [tomcat-shutdown] INFO  org.springframework.boot.tomcat.GracefulShutdown-Graceful shutdown complete
2026-04-15 11:15:06.081 [main] INFO  org.perswsj.TliasWebMangementApplication-Starting TliasWebMangementApplication using Java 21.0.7 with PID 30968 (D:\coding\JavaWeb\back_end\web-ai-project02\tlias-web-mangement\target\classes started by 32188 in D:\coding\JavaWeb\back_end\web-ai-project02)
2026-04-15 11:15:06.084 [main] INFO  org.perswsj.TliasWebMangementApplication-No active profile set, falling back to 1 default profile: "default"
2026-04-15 11:15:06.832 [main] INFO  org.springframework.boot.tomcat.TomcatWebServer-Tomcat initialized with port 8080 (http)
2026-04-15 11:15:06.843 [main] INFO  org.apache.coyote.http11.Http11NioProtocol-Initializing ProtocolHandler ["http-nio-8080"]
2026-04-15 11:15:06.844 [main] INFO  org.apache.catalina.core.StandardService-Starting service [Tomcat]
2026-04-15 11:15:06.844 [main] INFO  org.apache.catalina.core.StandardEngine-Starting Servlet engine: [Apache Tomcat/11.0.18]
2026-04-15 11:15:06.900 [main] INFO  o.s.b.w.c.servlet.WebApplicationContextInitializer-Root WebApplicationContext: initialization completed in 780 ms
2026-04-15 11:15:07.414 [main] INFO  org.apache.coyote.http11.Http11NioProtocol-Starting ProtocolHandler ["http-nio-8080"]
2026-04-15 11:15:07.431 [main] INFO  org.springframework.boot.tomcat.TomcatWebServer-Tomcat started on port 8080 (http) with context path '/'
2026-04-15 11:15:07.435 [main] INFO  org.perswsj.TliasWebMangementApplication-Started TliasWebMangementApplication in 1.694 seconds (process running for 2.272)
2026-04-15 11:15:11.534 [http-nio-8080-exec-1] INFO  o.a.c.core.ContainerBase.[Tomcat].[localhost].[/]-Initializing Spring DispatcherServlet 'dispatcherServlet'
2026-04-15 11:15:11.534 [http-nio-8080-exec-1] INFO  org.springframework.web.servlet.DispatcherServlet-Initializing Servlet 'dispatcherServlet'
2026-04-15 11:15:11.536 [http-nio-8080-exec-1] INFO  org.springframework.web.servlet.DispatcherServlet-Completed initialization in 2 ms
2026-04-15 11:15:11.597 [http-nio-8080-exec-1] ERROR o.a.c.c.C.[.[localhost].[/].[dispatcherServlet]-Servlet.service() for servlet [dispatcherServlet] in context with path [] threw exception [Request processing failed: java.lang.IllegalStateException: No primary or single unique constructor found for interface java.util.List] with root cause
java.lang.IllegalStateException: No primary or single unique constructor found for interface java.util.List
	at org.springframework.beans.BeanUtils.getResolvableConstructor(BeanUtils.java:265)
	at org.springframework.validation.DataBinder.createObject(DataBinder.java:904)
	at org.springframework.validation.DataBinder.construct(DataBinder.java:884)
	at org.springframework.web.bind.ServletRequestDataBinder.construct(ServletRequestDataBinder.java:116)
	at org.springframework.web.servlet.mvc.method.annotation.ServletModelAttributeMethodProcessor.constructAttribute(ServletModelAttributeMethodProcessor.java:154)
	at org.springframework.web.method.annotation.ModelAttributeMethodProcessor.resolveArgument(ModelAttributeMethodProcessor.java:147)
	at org.springframework.web.method.support.HandlerMethodArgumentResolverComposite.resolveArgument(HandlerMethodArgumentResolverComposite.java:122)
	at org.springframework.web.method.support.InvocableHandlerMethod.getMethodArgumentValues(InvocableHandlerMethod.java:224)
	at org.springframework.web.method.support.InvocableHandlerMethod.invokeForRequest(InvocableHandlerMethod.java:174)
	at org.springframework.web.servlet.mvc.method.annotation.ServletInvocableHandlerMethod.invokeAndHandle(ServletInvocableHandlerMethod.java:117)
	at org.springframework.web.servlet.mvc.method.annotation.RequestMappingHandlerAdapter.invokeHandlerMethod(RequestMappingHandlerAdapter.java:934)
	at org.springframework.web.servlet.mvc.method.annotation.RequestMappingHandlerAdapter.handleInternal(RequestMappingHandlerAdapter.java:853)
	at org.springframework.web.servlet.mvc.method.AbstractHandlerMethodAdapter.handle(AbstractHandlerMethodAdapter.java:86)
	at org.springframework.web.servlet.DispatcherServlet.doDispatch(DispatcherServlet.java:963)
	at org.springframework.web.servlet.DispatcherServlet.doService(DispatcherServlet.java:866)
	at org.springframework.web.servlet.FrameworkServlet.processRequest(FrameworkServlet.java:1000)
	at org.springframework.web.servlet.FrameworkServlet.doDelete(FrameworkServlet.java:925)
	at jakarta.servlet.http.HttpServlet.service(HttpServlet.java:651)
	at org.springframework.web.servlet.FrameworkServlet.service(FrameworkServlet.java:874)
	at jakarta.servlet.http.HttpServlet.service(HttpServlet.java:710)
	at org.apache.catalina.core.ApplicationFilterChain.doFilter(ApplicationFilterChain.java:128)
	at org.apache.tomcat.websocket.server.WsFilter.doFilter(WsFilter.java:53)
	at org.apache.catalina.core.ApplicationFilterChain.doFilter(ApplicationFilterChain.java:107)
	at org.springframework.web.filter.RequestContextFilter.doFilterInternal(RequestContextFilter.java:100)
	at org.springframework.web.filter.OncePerRequestFilter.doFilter(OncePerRequestFilter.java:116)
	at org.apache.catalina.core.ApplicationFilterChain.doFilter(ApplicationFilterChain.java:107)
	at org.springframework.web.filter.FormContentFilter.doFilterInternal(FormContentFilter.java:93)
	at org.springframework.web.filter.OncePerRequestFilter.doFilter(OncePerRequestFilter.java:116)
	at org.apache.catalina.core.ApplicationFilterChain.doFilter(ApplicationFilterChain.java:107)
	at org.springframework.web.filter.CharacterEncodingFilter.doFilterInternal(CharacterEncodingFilter.java:199)
	at org.springframework.web.filter.OncePerRequestFilter.doFilter(OncePerRequestFilter.java:116)
	at org.apache.catalina.core.ApplicationFilterChain.doFilter(ApplicationFilterChain.java:107)
	at org.apache.catalina.core.StandardWrapperValve.invoke(StandardWrapperValve.java:165)
	at org.apache.catalina.core.StandardContextValve.invoke(StandardContextValve.java:77)
	at org.apache.catalina.authenticator.AuthenticatorBase.invoke(AuthenticatorBase.java:492)
	at org.apache.catalina.core.StandardHostValve.invoke(StandardHostValve.java:113)
	at org.apache.catalina.valves.ErrorReportValve.invoke(ErrorReportValve.java:83)
	at org.apache.catalina.core.StandardEngineValve.invoke(StandardEngineValve.java:72)
	at org.apache.catalina.connector.CoyoteAdapter.service(CoyoteAdapter.java:341)
	at org.apache.coyote.http11.Http11Processor.service(Http11Processor.java:397)
	at org.apache.coyote.AbstractProcessorLight.process(AbstractProcessorLight.java:63)
	at org.apache.coyote.AbstractProtocol$ConnectionHandler.process(AbstractProtocol.java:903)
	at org.apache.tomcat.util.net.NioEndpoint$SocketProcessor.doRun(NioEndpoint.java:1779)
	at org.apache.tomcat.util.net.SocketProcessorBase.run(SocketProcessorBase.java:52)
	at org.apache.tomcat.util.threads.ThreadPoolExecutor.runWorker(ThreadPoolExecutor.java:946)
	at org.apache.tomcat.util.threads.ThreadPoolExecutor$Worker.run(ThreadPoolExecutor.java:480)
	at org.apache.tomcat.util.threads.TaskThread$WrappingRunnable.run(TaskThread.java:57)
	at java.base/java.lang.Thread.run(Thread.java:1583)
2026-04-15 11:15:45.942 [SpringApplicationShutdownHook] INFO  org.springframework.boot.tomcat.GracefulShutdown-Commencing graceful shutdown. Waiting for active requests to complete
2026-04-15 11:15:45.950 [tomcat-shutdown] INFO  org.springframework.boot.tomcat.GracefulShutdown-Graceful shutdown complete
2026-04-15 11:15:48.622 [main] INFO  org.perswsj.TliasWebMangementApplication-Starting TliasWebMangementApplication using Java 21.0.7 with PID 20068 (D:\coding\JavaWeb\back_end\web-ai-project02\tlias-web-mangement\target\classes started by 32188 in D:\coding\JavaWeb\back_end\web-ai-project02)
2026-04-15 11:15:48.624 [main] INFO  org.perswsj.TliasWebMangementApplication-No active profile set, falling back to 1 default profile: "default"
2026-04-15 11:15:49.351 [main] INFO  org.springframework.boot.tomcat.TomcatWebServer-Tomcat initialized with port 8080 (http)
2026-04-15 11:15:49.362 [main] INFO  org.apache.coyote.http11.Http11NioProtocol-Initializing ProtocolHandler ["http-nio-8080"]
2026-04-15 11:15:49.364 [main] INFO  org.apache.catalina.core.StandardService-Starting service [Tomcat]
2026-04-15 11:15:49.364 [main] INFO  org.apache.catalina.core.StandardEngine-Starting Servlet engine: [Apache Tomcat/11.0.18]
2026-04-15 11:15:49.423 [main] INFO  o.s.b.w.c.servlet.WebApplicationContextInitializer-Root WebApplicationContext: initialization completed in 765 ms
2026-04-15 11:15:49.865 [main] INFO  org.apache.coyote.http11.Http11NioProtocol-Starting ProtocolHandler ["http-nio-8080"]
2026-04-15 11:15:49.883 [main] INFO  org.springframework.boot.tomcat.TomcatWebServer-Tomcat started on port 8080 (http) with context path '/'
2026-04-15 11:15:49.888 [main] INFO  org.perswsj.TliasWebMangementApplication-Started TliasWebMangementApplication in 1.61 seconds (process running for 2.167)
2026-04-15 11:15:55.245 [http-nio-8080-exec-1] INFO  o.a.c.core.ContainerBase.[Tomcat].[localhost].[/]-Initializing Spring DispatcherServlet 'dispatcherServlet'
2026-04-15 11:15:55.245 [http-nio-8080-exec-1] INFO  org.springframework.web.servlet.DispatcherServlet-Initializing Servlet 'dispatcherServlet'
2026-04-15 11:15:55.246 [http-nio-8080-exec-1] INFO  org.springframework.web.servlet.DispatcherServlet-Completed initialization in 1 ms
2026-04-15 11:15:55.300 [http-nio-8080-exec-1] INFO  org.perswsj.controller.EmpController-批量删除员工数据，参数：[1, 2, 3]
2026-04-15 11:22:44.803 [SpringApplicationShutdownHook] INFO  org.springframework.boot.tomcat.GracefulShutdown-Commencing graceful shutdown. Waiting for active requests to complete
2026-04-15 11:22:44.810 [tomcat-shutdown] INFO  org.springframework.boot.tomcat.GracefulShutdown-Graceful shutdown complete
2026-04-15 20:25:19.577 [main] INFO  org.perswsj.TliasWebMangementApplication-Starting TliasWebMangementApplication using Java 21.0.7 with PID 12984 (D:\coding\JavaWeb\back_end\web-ai-project02\tlias-web-mangement\target\classes started by 32188 in D:\coding\JavaWeb\back_end\web-ai-project02)
2026-04-15 20:25:19.580 [main] INFO  org.perswsj.TliasWebMangementApplication-No active profile set, falling back to 1 default profile: "default"
2026-04-15 20:25:20.584 [main] INFO  org.springframework.boot.tomcat.TomcatWebServer-Tomcat initialized with port 8080 (http)
2026-04-15 20:25:20.598 [main] INFO  org.apache.coyote.http11.Http11NioProtocol-Initializing ProtocolHandler ["http-nio-8080"]
2026-04-15 20:25:20.601 [main] INFO  org.apache.catalina.core.StandardService-Starting service [Tomcat]
2026-04-15 20:25:20.601 [main] INFO  org.apache.catalina.core.StandardEngine-Starting Servlet engine: [Apache Tomcat/11.0.18]
2026-04-15 20:25:20.681 [main] INFO  o.s.b.w.c.servlet.WebApplicationContextInitializer-Root WebApplicationContext: initialization completed in 1060 ms
2026-04-15 20:25:21.365 [main] INFO  org.apache.coyote.http11.Http11NioProtocol-Starting ProtocolHandler ["http-nio-8080"]
2026-04-15 20:25:21.387 [main] INFO  org.springframework.boot.tomcat.TomcatWebServer-Tomcat started on port 8080 (http) with context path '/'
2026-04-15 20:25:21.392 [main] INFO  org.perswsj.TliasWebMangementApplication-Started TliasWebMangementApplication in 2.225 seconds (process running for 3.25)
2026-04-15 20:26:48.596 [http-nio-8080-exec-2] INFO  o.a.c.core.ContainerBase.[Tomcat].[localhost].[/]-Initializing Spring DispatcherServlet 'dispatcherServlet'
2026-04-15 20:26:48.597 [http-nio-8080-exec-2] INFO  org.springframework.web.servlet.DispatcherServlet-Initializing Servlet 'dispatcherServlet'
2026-04-15 20:26:48.598 [http-nio-8080-exec-2] INFO  org.springframework.web.servlet.DispatcherServlet-Completed initialization in 1 ms
2026-04-15 20:26:48.654 [http-nio-8080-exec-2] INFO  org.perswsj.controller.EmpController-批量删除员工数据，参数：[6, 10]
2026-04-15 20:26:48.662 [http-nio-8080-exec-2] DEBUG o.s.jdbc.support.JdbcTransactionManager-Creating new transaction with name [org.perswsj.service.impl.EmpServiceImpl.delete]: PROPAGATION_REQUIRED,ISOLATION_DEFAULT,-java.lang.Exception
2026-04-15 20:26:48.663 [http-nio-8080-exec-2] INFO  com.zaxxer.hikari.HikariDataSource-HikariPool-1 - Starting...
2026-04-15 20:26:49.319 [http-nio-8080-exec-2] INFO  com.zaxxer.hikari.pool.HikariPool-HikariPool-1 - Added connection com.mysql.cj.jdbc.ConnectionImpl@7f695b84
2026-04-15 20:26:49.324 [http-nio-8080-exec-2] INFO  com.zaxxer.hikari.HikariDataSource-HikariPool-1 - Start completed.
2026-04-15 20:26:49.325 [http-nio-8080-exec-2] DEBUG o.s.jdbc.support.JdbcTransactionManager-Acquired Connection [HikariProxyConnection@1748528370 wrapping com.mysql.cj.jdbc.ConnectionImpl@7f695b84] for JDBC transaction
2026-04-15 20:26:49.330 [http-nio-8080-exec-2] DEBUG o.s.jdbc.support.JdbcTransactionManager-Switching JDBC Connection [HikariProxyConnection@1748528370 wrapping com.mysql.cj.jdbc.ConnectionImpl@7f695b84] to manual commit
2026-04-15 20:26:49.476 [http-nio-8080-exec-2] DEBUG o.s.jdbc.support.JdbcTransactionManager-Initiating transaction commit
2026-04-15 20:26:49.476 [http-nio-8080-exec-2] DEBUG o.s.jdbc.support.JdbcTransactionManager-Committing JDBC transaction on Connection [HikariProxyConnection@1748528370 wrapping com.mysql.cj.jdbc.ConnectionImpl@7f695b84]
2026-04-15 20:26:49.483 [http-nio-8080-exec-2] DEBUG o.s.jdbc.support.JdbcTransactionManager-Releasing JDBC Connection [HikariProxyConnection@1748528370 wrapping com.mysql.cj.jdbc.ConnectionImpl@7f695b84] after transaction
2026-04-15 20:28:17.766 [http-nio-8080-exec-5] INFO  org.perswsj.controller.EmpController-批量删除员工数据，参数：[44, 48]
2026-04-15 20:28:17.766 [http-nio-8080-exec-5] DEBUG o.s.jdbc.support.JdbcTransactionManager-Creating new transaction with name [org.perswsj.service.impl.EmpServiceImpl.delete]: PROPAGATION_REQUIRED,ISOLATION_DEFAULT,-java.lang.Exception
2026-04-15 20:28:17.768 [http-nio-8080-exec-5] DEBUG o.s.jdbc.support.JdbcTransactionManager-Acquired Connection [HikariProxyConnection@293099838 wrapping com.mysql.cj.jdbc.ConnectionImpl@7f695b84] for JDBC transaction
2026-04-15 20:28:17.768 [http-nio-8080-exec-5] DEBUG o.s.jdbc.support.JdbcTransactionManager-Switching JDBC Connection [HikariProxyConnection@293099838 wrapping com.mysql.cj.jdbc.ConnectionImpl@7f695b84] to manual commit
2026-04-15 20:28:17.777 [http-nio-8080-exec-5] DEBUG o.s.jdbc.support.JdbcTransactionManager-Initiating transaction commit
2026-04-15 20:28:17.779 [http-nio-8080-exec-5] DEBUG o.s.jdbc.support.JdbcTransactionManager-Committing JDBC transaction on Connection [HikariProxyConnection@293099838 wrapping com.mysql.cj.jdbc.ConnectionImpl@7f695b84]
2026-04-15 20:28:17.780 [http-nio-8080-exec-5] DEBUG o.s.jdbc.support.JdbcTransactionManager-Releasing JDBC Connection [HikariProxyConnection@293099838 wrapping com.mysql.cj.jdbc.ConnectionImpl@7f695b84] after transaction
2026-04-15 20:29:43.753 [http-nio-8080-exec-7] INFO  org.perswsj.controller.DeptController-查询部门全部数据
2026-04-15 20:29:43.773 [http-nio-8080-exec-8] INFO  org.perswsj.controller.EmpController-分页查询员工列表数据，参数：EmpQueryParam(page=1, pageSize=10, name=, gender=null, begin=null, end=null)
2026-04-15 20:30:29.831 [http-nio-8080-exec-9] INFO  org.perswsj.controller.UpdateController-upload url:https://wsj-java-ai.oss-cn-shanghai.aliyuncs.com/2026/04/9bc67dd8-e522-4632-9098-d610c08b7405.png
2026-04-15 20:30:59.887 [http-nio-8080-exec-10] INFO  org.perswsj.controller.EmpController-新增员工数据，参数：Emp(id=null, username=www, password=null, name=sss, gender=1, phone=15645398765, job=1, salary=1000, image=https://wsj-java-ai.oss-cn-shanghai.aliyuncs.com/2026/04/9bc67dd8-e522-4632-9098-d610c08b7405.png, entryDate=2026-04-16, deptId=6, createTime=null, updateTime=null, deptName=null, exprList=[EmpExpr(id=null, empId=null, begin=2026-04-24, end=2026-05-11, company=百度, job=程序员)])
2026-04-15 20:30:59.898 [http-nio-8080-exec-10] DEBUG o.s.jdbc.support.JdbcTransactionManager-Creating new transaction with name [org.perswsj.service.impl.EmpServiceImpl.save]: PROPAGATION_REQUIRED,ISOLATION_DEFAULT,-java.lang.Exception
2026-04-15 20:30:59.898 [http-nio-8080-exec-10] DEBUG o.s.jdbc.support.JdbcTransactionManager-Acquired Connection [HikariProxyConnection@1449471738 wrapping com.mysql.cj.jdbc.ConnectionImpl@7f695b84] for JDBC transaction
2026-04-15 20:30:59.898 [http-nio-8080-exec-10] DEBUG o.s.jdbc.support.JdbcTransactionManager-Switching JDBC Connection [HikariProxyConnection@1449471738 wrapping com.mysql.cj.jdbc.ConnectionImpl@7f695b84] to manual commit
2026-04-15 20:30:59.925 [http-nio-8080-exec-10] DEBUG o.s.jdbc.support.JdbcTransactionManager-Suspending current transaction, creating new transaction with name [jdk.proxy2.$Proxy80.insert]
2026-04-15 20:30:59.926 [http-nio-8080-exec-10] DEBUG o.s.jdbc.support.JdbcTransactionManager-Acquired Connection [HikariProxyConnection@1772370161 wrapping com.mysql.cj.jdbc.ConnectionImpl@76e8c43e] for JDBC transaction
2026-04-15 20:30:59.927 [http-nio-8080-exec-10] DEBUG o.s.jdbc.support.JdbcTransactionManager-Switching JDBC Connection [HikariProxyConnection@1772370161 wrapping com.mysql.cj.jdbc.ConnectionImpl@76e8c43e] to manual commit
2026-04-15 20:30:59.931 [http-nio-8080-exec-10] DEBUG o.s.jdbc.support.JdbcTransactionManager-Initiating transaction commit
2026-04-15 20:30:59.931 [http-nio-8080-exec-10] DEBUG o.s.jdbc.support.JdbcTransactionManager-Committing JDBC transaction on Connection [HikariProxyConnection@1772370161 wrapping com.mysql.cj.jdbc.ConnectionImpl@76e8c43e]
2026-04-15 20:30:59.933 [http-nio-8080-exec-10] DEBUG o.s.jdbc.support.JdbcTransactionManager-Releasing JDBC Connection [HikariProxyConnection@1772370161 wrapping com.mysql.cj.jdbc.ConnectionImpl@76e8c43e] after transaction
2026-04-15 20:30:59.933 [http-nio-8080-exec-10] DEBUG o.s.jdbc.support.JdbcTransactionManager-Resuming suspended transaction after completion of inner transaction
2026-04-15 20:30:59.935 [http-nio-8080-exec-10] DEBUG o.s.jdbc.support.JdbcTransactionManager-Initiating transaction commit
2026-04-15 20:30:59.935 [http-nio-8080-exec-10] DEBUG o.s.jdbc.support.JdbcTransactionManager-Committing JDBC transaction on Connection [HikariProxyConnection@1449471738 wrapping com.mysql.cj.jdbc.ConnectionImpl@7f695b84]
2026-04-15 20:30:59.936 [http-nio-8080-exec-10] DEBUG o.s.jdbc.support.JdbcTransactionManager-Releasing JDBC Connection [HikariProxyConnection@1449471738 wrapping com.mysql.cj.jdbc.ConnectionImpl@7f695b84] after transaction
2026-04-15 20:30:59.947 [http-nio-8080-exec-1] INFO  org.perswsj.controller.EmpController-分页查询员工列表数据，参数：EmpQueryParam(page=1, pageSize=10, name=, gender=null, begin=null, end=null)
2026-04-15 20:32:15.702 [http-nio-8080-exec-4] INFO  org.perswsj.controller.UpdateController-upload url:https://wsj-java-ai.oss-cn-shanghai.aliyuncs.com/2026/04/ee765ccb-488b-4975-98fc-516505af2732.png
2026-04-15 20:32:36.255 [http-nio-8080-exec-3] INFO  org.perswsj.controller.EmpController-新增员工数据，参数：Emp(id=null, username=jis, password=null, name=jis, gender=2, phone=10078966645, job=2, salary=23444, image=https://wsj-java-ai.oss-cn-shanghai.aliyuncs.com/2026/04/ee765ccb-488b-4975-98fc-516505af2732.png, entryDate=2026-04-08, deptId=4, createTime=null, updateTime=null, deptName=null, exprList=[EmpExpr(id=null, empId=null, begin=2026-04-23, end=2026-05-30, company=天道情仇, job=)])
2026-04-15 20:32:36.255 [http-nio-8080-exec-3] DEBUG o.s.jdbc.support.JdbcTransactionManager-Creating new transaction with name [org.perswsj.service.impl.EmpServiceImpl.save]: PROPAGATION_REQUIRED,ISOLATION_DEFAULT,-java.lang.Exception
2026-04-15 20:32:36.258 [http-nio-8080-exec-3] DEBUG o.s.jdbc.support.JdbcTransactionManager-Acquired Connection [HikariProxyConnection@1828381805 wrapping com.mysql.cj.jdbc.ConnectionImpl@7f695b84] for JDBC transaction
2026-04-15 20:32:36.258 [http-nio-8080-exec-3] DEBUG o.s.jdbc.support.JdbcTransactionManager-Switching JDBC Connection [HikariProxyConnection@1828381805 wrapping com.mysql.cj.jdbc.ConnectionImpl@7f695b84] to manual commit
2026-04-15 20:32:36.268 [http-nio-8080-exec-3] DEBUG o.s.jdbc.support.JdbcTransactionManager-Suspending current transaction, creating new transaction with name [jdk.proxy2.$Proxy80.insert]
2026-04-15 20:32:36.269 [http-nio-8080-exec-3] DEBUG o.s.jdbc.support.JdbcTransactionManager-Acquired Connection [HikariProxyConnection@921169755 wrapping com.mysql.cj.jdbc.ConnectionImpl@76e8c43e] for JDBC transaction
2026-04-15 20:32:36.269 [http-nio-8080-exec-3] DEBUG o.s.jdbc.support.JdbcTransactionManager-Switching JDBC Connection [HikariProxyConnection@921169755 wrapping com.mysql.cj.jdbc.ConnectionImpl@76e8c43e] to manual commit
2026-04-15 20:32:36.273 [http-nio-8080-exec-3] DEBUG o.s.jdbc.support.JdbcTransactionManager-Initiating transaction commit
2026-04-15 20:32:36.274 [http-nio-8080-exec-3] DEBUG o.s.jdbc.support.JdbcTransactionManager-Committing JDBC transaction on Connection [HikariProxyConnection@921169755 wrapping com.mysql.cj.jdbc.ConnectionImpl@76e8c43e]
2026-04-15 20:32:36.278 [http-nio-8080-exec-3] DEBUG o.s.jdbc.support.JdbcTransactionManager-Releasing JDBC Connection [HikariProxyConnection@921169755 wrapping com.mysql.cj.jdbc.ConnectionImpl@76e8c43e] after transaction
2026-04-15 20:32:36.278 [http-nio-8080-exec-3] DEBUG o.s.jdbc.support.JdbcTransactionManager-Resuming suspended transaction after completion of inner transaction
2026-04-15 20:32:36.278 [http-nio-8080-exec-3] DEBUG o.s.jdbc.support.JdbcTransactionManager-Initiating transaction commit
2026-04-15 20:32:36.279 [http-nio-8080-exec-3] DEBUG o.s.jdbc.support.JdbcTransactionManager-Committing JDBC transaction on Connection [HikariProxyConnection@1828381805 wrapping com.mysql.cj.jdbc.ConnectionImpl@7f695b84]
2026-04-15 20:32:36.281 [http-nio-8080-exec-3] DEBUG o.s.jdbc.support.JdbcTransactionManager-Releasing JDBC Connection [HikariProxyConnection@1828381805 wrapping com.mysql.cj.jdbc.ConnectionImpl@7f695b84] after transaction
2026-04-15 20:32:36.307 [http-nio-8080-exec-5] INFO  org.perswsj.controller.EmpController-分页查询员工列表数据，参数：EmpQueryParam(page=1, pageSize=10, name=, gender=null, begin=null, end=null)
2026-04-15 20:33:17.103 [http-nio-8080-exec-6] INFO  org.perswsj.controller.UpdateController-upload url:https://wsj-java-ai.oss-cn-shanghai.aliyuncs.com/2026/04/61ea2fe9-a0c5-49f0-85bd-bc9008728c36.jpg
2026-04-15 20:33:26.795 [http-nio-8080-exec-7] INFO  org.perswsj.controller.EmpController-新增员工数据，参数：Emp(id=null, username=asdf, password=null, name=asdf, gender=1, phone=12341454453, job=1, salary=21313, image=https://wsj-java-ai.oss-cn-shanghai.aliyuncs.com/2026/04/61ea2fe9-a0c5-49f0-85bd-bc9008728c36.jpg, entryDate=2026-04-24, deptId=3, createTime=null, updateTime=null, deptName=null, exprList=[EmpExpr(id=null, empId=null, begin=2026-04-24, end=2026-05-11, company=jjjj, job=1)])
2026-04-15 20:33:26.797 [http-nio-8080-exec-7] DEBUG o.s.jdbc.support.JdbcTransactionManager-Creating new transaction with name [org.perswsj.service.impl.EmpServiceImpl.save]: PROPAGATION_REQUIRED,ISOLATION_DEFAULT,-java.lang.Exception
2026-04-15 20:33:26.799 [http-nio-8080-exec-7] DEBUG o.s.jdbc.support.JdbcTransactionManager-Acquired Connection [HikariProxyConnection@1059421526 wrapping com.mysql.cj.jdbc.ConnectionImpl@7f695b84] for JDBC transaction
2026-04-15 20:33:26.799 [http-nio-8080-exec-7] DEBUG o.s.jdbc.support.JdbcTransactionManager-Switching JDBC Connection [HikariProxyConnection@1059421526 wrapping com.mysql.cj.jdbc.ConnectionImpl@7f695b84] to manual commit
2026-04-15 20:33:26.809 [http-nio-8080-exec-7] DEBUG o.s.jdbc.support.JdbcTransactionManager-Suspending current transaction, creating new transaction with name [jdk.proxy2.$Proxy80.insert]
2026-04-15 20:33:26.811 [http-nio-8080-exec-7] DEBUG o.s.jdbc.support.JdbcTransactionManager-Acquired Connection [HikariProxyConnection@169448046 wrapping com.mysql.cj.jdbc.ConnectionImpl@76e8c43e] for JDBC transaction
2026-04-15 20:33:26.811 [http-nio-8080-exec-7] DEBUG o.s.jdbc.support.JdbcTransactionManager-Switching JDBC Connection [HikariProxyConnection@169448046 wrapping com.mysql.cj.jdbc.ConnectionImpl@76e8c43e] to manual commit
2026-04-15 20:33:26.815 [http-nio-8080-exec-7] DEBUG o.s.jdbc.support.JdbcTransactionManager-Initiating transaction commit
2026-04-15 20:33:26.815 [http-nio-8080-exec-7] DEBUG o.s.jdbc.support.JdbcTransactionManager-Committing JDBC transaction on Connection [HikariProxyConnection@169448046 wrapping com.mysql.cj.jdbc.ConnectionImpl@76e8c43e]
2026-04-15 20:33:26.819 [http-nio-8080-exec-7] DEBUG o.s.jdbc.support.JdbcTransactionManager-Releasing JDBC Connection [HikariProxyConnection@169448046 wrapping com.mysql.cj.jdbc.ConnectionImpl@76e8c43e] after transaction
2026-04-15 20:33:26.819 [http-nio-8080-exec-7] DEBUG o.s.jdbc.support.JdbcTransactionManager-Resuming suspended transaction after completion of inner transaction
2026-04-15 20:33:26.819 [http-nio-8080-exec-7] DEBUG o.s.jdbc.support.JdbcTransactionManager-Initiating transaction commit
2026-04-15 20:33:26.819 [http-nio-8080-exec-7] DEBUG o.s.jdbc.support.JdbcTransactionManager-Committing JDBC transaction on Connection [HikariProxyConnection@1059421526 wrapping com.mysql.cj.jdbc.ConnectionImpl@7f695b84]
2026-04-15 20:33:26.822 [http-nio-8080-exec-7] DEBUG o.s.jdbc.support.JdbcTransactionManager-Releasing JDBC Connection [HikariProxyConnection@1059421526 wrapping com.mysql.cj.jdbc.ConnectionImpl@7f695b84] after transaction
2026-04-15 20:33:26.838 [http-nio-8080-exec-8] INFO  org.perswsj.controller.EmpController-分页查询员工列表数据，参数：EmpQueryParam(page=1, pageSize=10, name=, gender=null, begin=null, end=null)
2026-04-15 20:33:56.742 [http-nio-8080-exec-9] INFO  org.perswsj.controller.EmpController-批量删除员工数据，参数：[51]
2026-04-15 20:33:56.743 [http-nio-8080-exec-9] DEBUG o.s.jdbc.support.JdbcTransactionManager-Creating new transaction with name [org.perswsj.service.impl.EmpServiceImpl.delete]: PROPAGATION_REQUIRED,ISOLATION_DEFAULT,-java.lang.Exception
2026-04-15 20:33:56.743 [http-nio-8080-exec-9] DEBUG o.s.jdbc.support.JdbcTransactionManager-Acquired Connection [HikariProxyConnection@960276939 wrapping com.mysql.cj.jdbc.ConnectionImpl@7f695b84] for JDBC transaction
2026-04-15 20:33:56.743 [http-nio-8080-exec-9] DEBUG o.s.jdbc.support.JdbcTransactionManager-Switching JDBC Connection [HikariProxyConnection@960276939 wrapping com.mysql.cj.jdbc.ConnectionImpl@7f695b84] to manual commit
2026-04-15 20:33:56.752 [http-nio-8080-exec-9] DEBUG o.s.jdbc.support.JdbcTransactionManager-Initiating transaction commit
2026-04-15 20:33:56.752 [http-nio-8080-exec-9] DEBUG o.s.jdbc.support.JdbcTransactionManager-Committing JDBC transaction on Connection [HikariProxyConnection@960276939 wrapping com.mysql.cj.jdbc.ConnectionImpl@7f695b84]
2026-04-15 20:33:56.753 [http-nio-8080-exec-9] DEBUG o.s.jdbc.support.JdbcTransactionManager-Releasing JDBC Connection [HikariProxyConnection@960276939 wrapping com.mysql.cj.jdbc.ConnectionImpl@7f695b84] after transaction
2026-04-15 20:33:56.761 [http-nio-8080-exec-10] INFO  org.perswsj.controller.EmpController-分页查询员工列表数据，参数：EmpQueryParam(page=1, pageSize=10, name=, gender=null, begin=null, end=null)
2026-04-15 20:34:27.540 [http-nio-8080-exec-1] INFO  org.perswsj.controller.EmpController-批量删除员工数据，参数：[50, 49]
2026-04-15 20:34:27.541 [http-nio-8080-exec-1] DEBUG o.s.jdbc.support.JdbcTransactionManager-Creating new transaction with name [org.perswsj.service.impl.EmpServiceImpl.delete]: PROPAGATION_REQUIRED,ISOLATION_DEFAULT,-java.lang.Exception
2026-04-15 20:34:27.541 [http-nio-8080-exec-1] DEBUG o.s.jdbc.support.JdbcTransactionManager-Acquired Connection [HikariProxyConnection@1671771436 wrapping com.mysql.cj.jdbc.ConnectionImpl@7f695b84] for JDBC transaction
2026-04-15 20:34:27.543 [http-nio-8080-exec-1] DEBUG o.s.jdbc.support.JdbcTransactionManager-Switching JDBC Connection [HikariProxyConnection@1671771436 wrapping com.mysql.cj.jdbc.ConnectionImpl@7f695b84] to manual commit
2026-04-15 20:34:27.550 [http-nio-8080-exec-1] DEBUG o.s.jdbc.support.JdbcTransactionManager-Initiating transaction commit
2026-04-15 20:34:27.552 [http-nio-8080-exec-1] DEBUG o.s.jdbc.support.JdbcTransactionManager-Committing JDBC transaction on Connection [HikariProxyConnection@1671771436 wrapping com.mysql.cj.jdbc.ConnectionImpl@7f695b84]
2026-04-15 20:34:27.555 [http-nio-8080-exec-1] DEBUG o.s.jdbc.support.JdbcTransactionManager-Releasing JDBC Connection [HikariProxyConnection@1671771436 wrapping com.mysql.cj.jdbc.ConnectionImpl@7f695b84] after transaction
2026-04-15 20:34:27.567 [http-nio-8080-exec-2] INFO  org.perswsj.controller.EmpController-分页查询员工列表数据，参数：EmpQueryParam(page=1, pageSize=10, name=, gender=null, begin=null, end=null)
2026-04-15 20:54:32.732 [SpringApplicationShutdownHook] INFO  org.springframework.boot.tomcat.GracefulShutdown-Commencing graceful shutdown. Waiting for active requests to complete
2026-04-15 20:54:32.737 [tomcat-shutdown] INFO  org.springframework.boot.tomcat.GracefulShutdown-Graceful shutdown complete
2026-04-15 20:54:32.741 [SpringApplicationShutdownHook] INFO  com.zaxxer.hikari.HikariDataSource-HikariPool-1 - Shutdown initiated...
2026-04-15 20:54:32.744 [SpringApplicationShutdownHook] INFO  com.zaxxer.hikari.HikariDataSource-HikariPool-1 - Shutdown completed.
2026-04-15 20:54:34.566 [main] INFO  org.perswsj.TliasWebMangementApplication-Starting TliasWebMangementApplication using Java 21.0.7 with PID 36712 (D:\coding\JavaWeb\back_end\web-ai-project02\tlias-web-mangement\target\classes started by 32188 in D:\coding\JavaWeb\back_end\web-ai-project02)
2026-04-15 20:54:34.569 [main] INFO  org.perswsj.TliasWebMangementApplication-No active profile set, falling back to 1 default profile: "default"
2026-04-15 20:54:35.417 [main] INFO  org.springframework.boot.tomcat.TomcatWebServer-Tomcat initialized with port 8080 (http)
2026-04-15 20:54:35.430 [main] INFO  org.apache.coyote.http11.Http11NioProtocol-Initializing ProtocolHandler ["http-nio-8080"]
2026-04-15 20:54:35.432 [main] INFO  org.apache.catalina.core.StandardService-Starting service [Tomcat]
2026-04-15 20:54:35.433 [main] INFO  org.apache.catalina.core.StandardEngine-Starting Servlet engine: [Apache Tomcat/11.0.18]
2026-04-15 20:54:35.503 [main] INFO  o.s.b.w.c.servlet.WebApplicationContextInitializer-Root WebApplicationContext: initialization completed in 893 ms
2026-04-15 20:54:36.021 [main] INFO  org.apache.coyote.http11.Http11NioProtocol-Starting ProtocolHandler ["http-nio-8080"]
2026-04-15 20:54:36.040 [main] INFO  org.springframework.boot.tomcat.TomcatWebServer-Tomcat started on port 8080 (http) with context path '/'
2026-04-15 20:54:36.045 [main] INFO  org.perswsj.TliasWebMangementApplication-Started TliasWebMangementApplication in 1.848 seconds (process running for 2.597)
2026-04-15 20:55:28.987 [http-nio-8080-exec-2] INFO  o.a.c.core.ContainerBase.[Tomcat].[localhost].[/]-Initializing Spring DispatcherServlet 'dispatcherServlet'
2026-04-15 20:55:28.987 [http-nio-8080-exec-2] INFO  org.springframework.web.servlet.DispatcherServlet-Initializing Servlet 'dispatcherServlet'
2026-04-15 20:55:28.989 [http-nio-8080-exec-2] INFO  org.springframework.web.servlet.DispatcherServlet-Completed initialization in 2 ms
2026-04-15 20:55:29.030 [http-nio-8080-exec-1] INFO  org.perswsj.controller.DeptController-查询部门全部数据
2026-04-15 20:55:29.060 [http-nio-8080-exec-2] INFO  org.perswsj.controller.EmpController-分页查询员工列表数据，参数：EmpQueryParam(page=1, pageSize=10, name=, gender=null, begin=null, end=null)
2026-04-15 20:55:29.066 [http-nio-8080-exec-1] INFO  com.zaxxer.hikari.HikariDataSource-HikariPool-1 - Starting...
2026-04-15 20:55:29.649 [http-nio-8080-exec-1] INFO  com.zaxxer.hikari.pool.HikariPool-HikariPool-1 - Added connection com.mysql.cj.jdbc.ConnectionImpl@26414679
2026-04-15 20:55:29.651 [http-nio-8080-exec-1] INFO  com.zaxxer.hikari.HikariDataSource-HikariPool-1 - Start completed.
2026-04-15 20:56:44.929 [SpringApplicationShutdownHook] INFO  org.springframework.boot.tomcat.GracefulShutdown-Commencing graceful shutdown. Waiting for active requests to complete
2026-04-15 20:56:44.934 [tomcat-shutdown] INFO  org.springframework.boot.tomcat.GracefulShutdown-Graceful shutdown complete
2026-04-15 20:56:44.936 [SpringApplicationShutdownHook] INFO  com.zaxxer.hikari.HikariDataSource-HikariPool-1 - Shutdown initiated...
2026-04-15 20:56:44.940 [SpringApplicationShutdownHook] INFO  com.zaxxer.hikari.HikariDataSource-HikariPool-1 - Shutdown completed.
2026-04-15 20:57:15.182 [main] INFO  org.perswsj.TliasWebMangementApplication-Starting TliasWebMangementApplication using Java 21.0.7 with PID 16352 (D:\coding\JavaWeb\back_end\web-ai-project02\tlias-web-mangement\target\classes started by 32188 in D:\coding\JavaWeb\back_end\web-ai-project02)
2026-04-15 20:57:15.184 [main] INFO  org.perswsj.TliasWebMangementApplication-No active profile set, falling back to 1 default profile: "default"
2026-04-15 20:57:16.009 [main] INFO  org.springframework.boot.tomcat.TomcatWebServer-Tomcat initialized with port 8080 (http)
2026-04-15 20:57:16.020 [main] INFO  org.apache.coyote.http11.Http11NioProtocol-Initializing ProtocolHandler ["http-nio-8080"]
2026-04-15 20:57:16.023 [main] INFO  org.apache.catalina.core.StandardService-Starting service [Tomcat]
2026-04-15 20:57:16.023 [main] INFO  org.apache.catalina.core.StandardEngine-Starting Servlet engine: [Apache Tomcat/11.0.18]
2026-04-15 20:57:16.083 [main] INFO  o.s.b.w.c.servlet.WebApplicationContextInitializer-Root WebApplicationContext: initialization completed in 859 ms
2026-04-15 20:57:16.582 [main] INFO  org.apache.coyote.http11.Http11NioProtocol-Starting ProtocolHandler ["http-nio-8080"]
2026-04-15 20:57:16.601 [main] INFO  org.springframework.boot.tomcat.TomcatWebServer-Tomcat started on port 8080 (http) with context path '/'
2026-04-15 20:57:16.606 [main] INFO  org.perswsj.TliasWebMangementApplication-Started TliasWebMangementApplication in 1.817 seconds (process running for 3.155)
2026-04-15 20:57:24.023 [http-nio-8080-exec-1] INFO  o.a.c.core.ContainerBase.[Tomcat].[localhost].[/]-Initializing Spring DispatcherServlet 'dispatcherServlet'
2026-04-15 20:57:24.023 [http-nio-8080-exec-1] INFO  org.springframework.web.servlet.DispatcherServlet-Initializing Servlet 'dispatcherServlet'
2026-04-15 20:57:24.025 [http-nio-8080-exec-1] INFO  org.springframework.web.servlet.DispatcherServlet-Completed initialization in 2 ms
2026-04-15 20:57:24.073 [http-nio-8080-exec-1] INFO  org.perswsj.controller.DeptController-查询部门全部数据
2026-04-15 20:57:24.101 [http-nio-8080-exec-2] INFO  org.perswsj.controller.EmpController-分页查询员工列表数据，参数：EmpQueryParam(page=1, pageSize=10, name=, gender=null, begin=null, end=null)
2026-04-15 20:57:24.107 [http-nio-8080-exec-1] INFO  com.zaxxer.hikari.HikariDataSource-HikariPool-1 - Starting...
2026-04-15 20:57:24.717 [http-nio-8080-exec-1] INFO  com.zaxxer.hikari.pool.HikariPool-HikariPool-1 - Added connection com.mysql.cj.jdbc.ConnectionImpl@6547b43e
2026-04-15 20:57:24.720 [http-nio-8080-exec-1] INFO  com.zaxxer.hikari.HikariDataSource-HikariPool-1 - Start completed.
2026-04-15 20:59:25.685 [SpringApplicationShutdownHook] INFO  org.springframework.boot.tomcat.GracefulShutdown-Commencing graceful shutdown. Waiting for active requests to complete
2026-04-15 20:59:25.690 [tomcat-shutdown] INFO  org.springframework.boot.tomcat.GracefulShutdown-Graceful shutdown complete
2026-04-15 20:59:25.692 [SpringApplicationShutdownHook] INFO  com.zaxxer.hikari.HikariDataSource-HikariPool-1 - Shutdown initiated...
2026-04-15 20:59:25.698 [SpringApplicationShutdownHook] INFO  com.zaxxer.hikari.HikariDataSource-HikariPool-1 - Shutdown completed.
2026-04-15 20:59:27.275 [main] INFO  org.perswsj.TliasWebMangementApplication-Starting TliasWebMangementApplication using Java 21.0.7 with PID 38028 (D:\coding\JavaWeb\back_end\web-ai-project02\tlias-web-mangement\target\classes started by 32188 in D:\coding\JavaWeb\back_end\web-ai-project02)
2026-04-15 20:59:27.278 [main] INFO  org.perswsj.TliasWebMangementApplication-No active profile set, falling back to 1 default profile: "default"
2026-04-15 20:59:28.077 [main] INFO  org.springframework.boot.tomcat.TomcatWebServer-Tomcat initialized with port 8080 (http)
2026-04-15 20:59:28.088 [main] INFO  org.apache.coyote.http11.Http11NioProtocol-Initializing ProtocolHandler ["http-nio-8080"]
2026-04-15 20:59:28.090 [main] INFO  org.apache.catalina.core.StandardService-Starting service [Tomcat]
2026-04-15 20:59:28.091 [main] INFO  org.apache.catalina.core.StandardEngine-Starting Servlet engine: [Apache Tomcat/11.0.18]
2026-04-15 20:59:28.151 [main] INFO  o.s.b.w.c.servlet.WebApplicationContextInitializer-Root WebApplicationContext: initialization completed in 831 ms
2026-04-15 20:59:28.649 [main] INFO  org.apache.coyote.http11.Http11NioProtocol-Starting ProtocolHandler ["http-nio-8080"]
2026-04-15 20:59:28.678 [main] INFO  org.springframework.boot.tomcat.TomcatWebServer-Tomcat started on port 8080 (http) with context path '/'
2026-04-15 20:59:28.685 [main] INFO  org.perswsj.TliasWebMangementApplication-Started TliasWebMangementApplication in 1.809 seconds (process running for 2.507)
2026-04-15 21:03:05.050 [http-nio-8080-exec-3] INFO  o.a.c.core.ContainerBase.[Tomcat].[localhost].[/]-Initializing Spring DispatcherServlet 'dispatcherServlet'
2026-04-15 21:03:05.050 [http-nio-8080-exec-3] INFO  org.springframework.web.servlet.DispatcherServlet-Initializing Servlet 'dispatcherServlet'
2026-04-15 21:03:05.052 [http-nio-8080-exec-3] INFO  org.springframework.web.servlet.DispatcherServlet-Completed initialization in 2 ms
2026-04-15 21:03:05.092 [http-nio-8080-exec-1] INFO  org.perswsj.controller.DeptController-查询部门全部数据
2026-04-15 21:03:05.119 [http-nio-8080-exec-3] INFO  org.perswsj.controller.EmpController-分页查询员工列表数据，参数：EmpQueryParam(page=1, pageSize=10, name=, gender=null, begin=null, end=null)
2026-04-15 21:03:05.126 [http-nio-8080-exec-1] INFO  com.zaxxer.hikari.HikariDataSource-HikariPool-1 - Starting...
2026-04-15 21:03:05.656 [http-nio-8080-exec-1] INFO  com.zaxxer.hikari.pool.HikariPool-HikariPool-1 - Added connection com.mysql.cj.jdbc.ConnectionImpl@60e5d1ce
2026-04-15 21:03:05.660 [http-nio-8080-exec-1] INFO  com.zaxxer.hikari.HikariDataSource-HikariPool-1 - Start completed.
2026-04-15 21:09:23.947 [HikariPool-1:housekeeper] WARN  com.zaxxer.hikari.pool.HikariPool-HikariPool-1 - Thread starvation or clock leap detected (housekeeper delta=48s177ms536µs200ns).
2026-04-15 21:56:49.255 [SpringApplicationShutdownHook] INFO  org.springframework.boot.tomcat.GracefulShutdown-Commencing graceful shutdown. Waiting for active requests to complete
2026-04-15 21:56:49.263 [tomcat-shutdown] INFO  org.springframework.boot.tomcat.GracefulShutdown-Graceful shutdown complete
2026-04-15 21:56:49.269 [SpringApplicationShutdownHook] INFO  com.zaxxer.hikari.HikariDataSource-HikariPool-1 - Shutdown initiated...
2026-04-15 21:56:49.272 [SpringApplicationShutdownHook] INFO  com.zaxxer.hikari.HikariDataSource-HikariPool-1 - Shutdown completed.
2026-04-15 22:11:01.493 [main] INFO  org.perswsj.TliasWebMangementApplication-Starting TliasWebMangementApplication using Java 21.0.7 with PID 9404 (D:\coding\JavaWeb\back_end\web-ai-project02\tlias-web-mangement\target\classes started by 32188 in D:\coding\JavaWeb\back_end\web-ai-project02)
2026-04-15 22:11:01.495 [main] INFO  org.perswsj.TliasWebMangementApplication-No active profile set, falling back to 1 default profile: "default"
2026-04-15 22:11:02.270 [main] INFO  org.springframework.boot.tomcat.TomcatWebServer-Tomcat initialized with port 8080 (http)
2026-04-15 22:11:02.281 [main] INFO  org.apache.coyote.http11.Http11NioProtocol-Initializing ProtocolHandler ["http-nio-8080"]
2026-04-15 22:11:02.283 [main] INFO  org.apache.catalina.core.StandardService-Starting service [Tomcat]
2026-04-15 22:11:02.283 [main] INFO  org.apache.catalina.core.StandardEngine-Starting Servlet engine: [Apache Tomcat/11.0.18]
2026-04-15 22:11:02.349 [main] INFO  o.s.b.w.c.servlet.WebApplicationContextInitializer-Root WebApplicationContext: initialization completed in 819 ms
2026-04-15 22:11:02.888 [main] INFO  org.apache.coyote.http11.Http11NioProtocol-Starting ProtocolHandler ["http-nio-8080"]
2026-04-15 22:11:02.907 [main] INFO  org.springframework.boot.tomcat.TomcatWebServer-Tomcat started on port 8080 (http) with context path '/'
2026-04-15 22:11:02.910 [main] INFO  org.perswsj.TliasWebMangementApplication-Started TliasWebMangementApplication in 1.77 seconds (process running for 2.415)
2026-04-15 22:12:11.348 [http-nio-8080-exec-1] INFO  o.a.c.core.ContainerBase.[Tomcat].[localhost].[/]-Initializing Spring DispatcherServlet 'dispatcherServlet'
2026-04-15 22:12:11.348 [http-nio-8080-exec-1] INFO  org.springframework.web.servlet.DispatcherServlet-Initializing Servlet 'dispatcherServlet'
2026-04-15 22:12:11.349 [http-nio-8080-exec-1] INFO  org.springframework.web.servlet.DispatcherServlet-Completed initialization in 1 ms
2026-04-15 22:12:12.683 [http-nio-8080-exec-1] INFO  org.perswsj.controller.UpdateController-upload url:https://wsj-java-ai.oss-cn-shanghai.aliyuncs.com/2026/04/df8608c2-fdf2-42dc-b704-daefa107cbd4.png
2026-04-15 22:12:54.048 [http-nio-8080-exec-2] INFO  org.perswsj.controller.EmpController-新增员工数据，参数：Emp(id=null, username=xiaowanxiong, password=null, name=小浣熊, gender=1, phone=18899977728, job=3, salary=10000, image=https://wsj-java-ai.oss-cn-shanghai.aliyuncs.com/2026/04/df8608c2-fdf2-42dc-b704-daefa107cbd4.png, entryDate=2026-04-16, deptId=3, createTime=null, updateTime=null, deptName=null, exprList=[EmpExpr(id=null, empId=null, begin=2025-12-01, end=2026-04-16, company=银河宇宙公司, job=咨询师)])
2026-04-15 22:12:54.075 [http-nio-8080-exec-2] DEBUG o.s.jdbc.support.JdbcTransactionManager-Creating new transaction with name [org.perswsj.service.impl.EmpServiceImpl.save]: PROPAGATION_REQUIRED,ISOLATION_DEFAULT,-java.lang.Exception
2026-04-15 22:12:54.076 [http-nio-8080-exec-2] INFO  com.zaxxer.hikari.HikariDataSource-HikariPool-1 - Starting...
2026-04-15 22:12:54.436 [http-nio-8080-exec-2] INFO  com.zaxxer.hikari.pool.HikariPool-HikariPool-1 - Added connection com.mysql.cj.jdbc.ConnectionImpl@a69ca9f
2026-04-15 22:12:54.439 [http-nio-8080-exec-2] INFO  com.zaxxer.hikari.HikariDataSource-HikariPool-1 - Start completed.
2026-04-15 22:12:54.442 [http-nio-8080-exec-2] DEBUG o.s.jdbc.support.JdbcTransactionManager-Acquired Connection [HikariProxyConnection@202267182 wrapping com.mysql.cj.jdbc.ConnectionImpl@a69ca9f] for JDBC transaction
2026-04-15 22:12:54.446 [http-nio-8080-exec-2] DEBUG o.s.jdbc.support.JdbcTransactionManager-Switching JDBC Connection [HikariProxyConnection@202267182 wrapping com.mysql.cj.jdbc.ConnectionImpl@a69ca9f] to manual commit
2026-04-15 22:12:54.575 [http-nio-8080-exec-2] DEBUG o.s.jdbc.support.JdbcTransactionManager-Suspending current transaction, creating new transaction with name [jdk.proxy2.$Proxy80.insert]
2026-04-15 22:12:54.575 [http-nio-8080-exec-2] DEBUG o.s.jdbc.support.JdbcTransactionManager-Acquired Connection [HikariProxyConnection@1087789957 wrapping com.mysql.cj.jdbc.ConnectionImpl@66e4b644] for JDBC transaction
2026-04-15 22:12:54.575 [http-nio-8080-exec-2] DEBUG o.s.jdbc.support.JdbcTransactionManager-Switching JDBC Connection [HikariProxyConnection@1087789957 wrapping com.mysql.cj.jdbc.ConnectionImpl@66e4b644] to manual commit
2026-04-15 22:12:54.582 [http-nio-8080-exec-2] DEBUG o.s.jdbc.support.JdbcTransactionManager-Initiating transaction commit
2026-04-15 22:12:54.582 [http-nio-8080-exec-2] DEBUG o.s.jdbc.support.JdbcTransactionManager-Committing JDBC transaction on Connection [HikariProxyConnection@1087789957 wrapping com.mysql.cj.jdbc.ConnectionImpl@66e4b644]
2026-04-15 22:12:54.587 [http-nio-8080-exec-2] DEBUG o.s.jdbc.support.JdbcTransactionManager-Releasing JDBC Connection [HikariProxyConnection@1087789957 wrapping com.mysql.cj.jdbc.ConnectionImpl@66e4b644] after transaction
2026-04-15 22:12:54.589 [http-nio-8080-exec-2] DEBUG o.s.jdbc.support.JdbcTransactionManager-Resuming suspended transaction after completion of inner transaction
2026-04-15 22:12:54.589 [http-nio-8080-exec-2] DEBUG o.s.jdbc.support.JdbcTransactionManager-Initiating transaction commit
2026-04-15 22:12:54.589 [http-nio-8080-exec-2] DEBUG o.s.jdbc.support.JdbcTransactionManager-Committing JDBC transaction on Connection [HikariProxyConnection@202267182 wrapping com.mysql.cj.jdbc.ConnectionImpl@a69ca9f]
2026-04-15 22:12:54.592 [http-nio-8080-exec-2] DEBUG o.s.jdbc.support.JdbcTransactionManager-Releasing JDBC Connection [HikariProxyConnection@202267182 wrapping com.mysql.cj.jdbc.ConnectionImpl@a69ca9f] after transaction
2026-04-15 22:12:54.621 [http-nio-8080-exec-3] INFO  org.perswsj.controller.EmpController-分页查询员工列表数据，参数：EmpQueryParam(page=1, pageSize=10, name=, gender=null, begin=null, end=null)
2026-04-15 22:12:56.967 [http-nio-8080-exec-4] INFO  org.perswsj.controller.EmpController-查询员工详情，参数：52
2026-04-15 22:13:08.466 [http-nio-8080-exec-5] INFO  org.perswsj.controller.EmpController-查询员工详情，参数：52
2026-04-15 22:13:15.456 [http-nio-8080-exec-6] INFO  org.perswsj.controller.EmpController-查询员工详情，参数：28
2026-04-15 22:13:19.611 [http-nio-8080-exec-7] INFO  org.perswsj.controller.EmpController-查询员工详情，参数：28
2026-04-15 22:14:00.751 [http-nio-8080-exec-8] INFO  org.perswsj.controller.EmpController-查询员工详情，参数：52
2026-04-15 22:20:33.077 [HikariPool-1:housekeeper] WARN  com.zaxxer.hikari.pool.HikariPool-HikariPool-1 - Thread starvation or clock leap detected (housekeeper delta=6m38s512ms911µs500ns).
2026-04-15 22:20:33.080 [http-nio-8080-exec-10] INFO  org.perswsj.controller.EmpController-查询员工详情，参数：52
2026-04-15 22:20:33.080 [http-nio-8080-exec-1] INFO  org.perswsj.controller.EmpController-查询员工详情，参数：28
2026-04-15 22:20:33.081 [http-nio-8080-exec-9] INFO  org.perswsj.controller.EmpController-查询员工详情，参数：52
2026-04-15 22:20:54.784 [http-nio-8080-exec-8] WARN  o.s.w.s.m.support.DefaultHandlerExceptionResolver-Ignoring exception, response committed already: org.springframework.http.converter.HttpMessageNotWritableException: Could not write JSON: ServletOutputStream failed to flush: java.io.IOException: 你的主机中的软件中止了一个已建立的连接。
2026-04-15 22:20:54.785 [http-nio-8080-exec-3] INFO  org.perswsj.controller.DeptController-查询部门全部数据
2026-04-15 22:20:54.785 [http-nio-8080-exec-2] INFO  org.perswsj.controller.EmpController-分页查询员工列表数据，参数：EmpQueryParam(page=1, pageSize=10, name=, gender=null, begin=null, end=null)
2026-04-15 22:20:54.788 [http-nio-8080-exec-9] WARN  o.s.w.s.m.support.DefaultHandlerExceptionResolver-Ignoring exception, response committed already: org.springframework.http.converter.HttpMessageNotWritableException: Could not write JSON: ServletOutputStream failed to flush: java.io.IOException: 你的主机中的软件中止了一个已建立的连接。
2026-04-15 22:20:54.830 [SpringApplicationShutdownHook] INFO  org.springframework.boot.tomcat.GracefulShutdown-Commencing graceful shutdown. Waiting for active requests to complete
2026-04-15 22:20:54.835 [tomcat-shutdown] INFO  org.springframework.boot.tomcat.GracefulShutdown-Graceful shutdown complete
2026-04-15 22:20:54.838 [SpringApplicationShutdownHook] INFO  com.zaxxer.hikari.HikariDataSource-HikariPool-1 - Shutdown initiated...
2026-04-15 22:20:54.842 [SpringApplicationShutdownHook] INFO  com.zaxxer.hikari.HikariDataSource-HikariPool-1 - Shutdown completed.
2026-04-15 22:20:56.277 [main] INFO  org.perswsj.TliasWebMangementApplication-Starting TliasWebMangementApplication using Java 21.0.7 with PID 33348 (D:\coding\JavaWeb\back_end\web-ai-project02\tlias-web-mangement\target\classes started by 32188 in D:\coding\JavaWeb\back_end\web-ai-project02)
2026-04-15 22:20:56.280 [main] INFO  org.perswsj.TliasWebMangementApplication-No active profile set, falling back to 1 default profile: "default"
2026-04-15 22:20:57.069 [main] INFO  org.springframework.boot.tomcat.TomcatWebServer-Tomcat initialized with port 8080 (http)
2026-04-15 22:20:57.080 [main] INFO  org.apache.coyote.http11.Http11NioProtocol-Initializing ProtocolHandler ["http-nio-8080"]
2026-04-15 22:20:57.081 [main] INFO  org.apache.catalina.core.StandardService-Starting service [Tomcat]
2026-04-15 22:20:57.081 [main] INFO  org.apache.catalina.core.StandardEngine-Starting Servlet engine: [Apache Tomcat/11.0.18]
2026-04-15 22:20:57.143 [main] INFO  o.s.b.w.c.servlet.WebApplicationContextInitializer-Root WebApplicationContext: initialization completed in 825 ms
2026-04-15 22:20:57.662 [main] INFO  org.apache.coyote.http11.Http11NioProtocol-Starting ProtocolHandler ["http-nio-8080"]
2026-04-15 22:20:57.684 [main] INFO  org.springframework.boot.tomcat.TomcatWebServer-Tomcat started on port 8080 (http) with context path '/'
2026-04-15 22:20:57.689 [main] INFO  org.perswsj.TliasWebMangementApplication-Started TliasWebMangementApplication in 1.771 seconds (process running for 2.377)
2026-04-15 22:21:03.914 [http-nio-8080-exec-1] INFO  o.a.c.core.ContainerBase.[Tomcat].[localhost].[/]-Initializing Spring DispatcherServlet 'dispatcherServlet'
2026-04-15 22:21:03.914 [http-nio-8080-exec-1] INFO  org.springframework.web.servlet.DispatcherServlet-Initializing Servlet 'dispatcherServlet'
2026-04-15 22:21:03.915 [http-nio-8080-exec-1] INFO  org.springframework.web.servlet.DispatcherServlet-Completed initialization in 1 ms
2026-04-15 22:21:03.985 [http-nio-8080-exec-1] INFO  org.perswsj.controller.EmpController-查询员工详情，参数：52
2026-04-15 22:21:04.029 [http-nio-8080-exec-1] INFO  com.zaxxer.hikari.HikariDataSource-HikariPool-1 - Starting...
2026-04-15 22:21:04.609 [http-nio-8080-exec-1] INFO  com.zaxxer.hikari.pool.HikariPool-HikariPool-1 - Added connection com.mysql.cj.jdbc.ConnectionImpl@3d27ebbc
2026-04-15 22:21:04.612 [http-nio-8080-exec-1] INFO  com.zaxxer.hikari.HikariDataSource-HikariPool-1 - Start completed.
2026-04-15 22:22:01.780 [SpringApplicationShutdownHook] INFO  org.springframework.boot.tomcat.GracefulShutdown-Commencing graceful shutdown. Waiting for active requests to complete
2026-04-15 22:22:01.784 [tomcat-shutdown] INFO  org.springframework.boot.tomcat.GracefulShutdown-Graceful shutdown complete
2026-04-15 22:22:01.788 [SpringApplicationShutdownHook] INFO  com.zaxxer.hikari.HikariDataSource-HikariPool-1 - Shutdown initiated...
2026-04-15 22:22:01.792 [SpringApplicationShutdownHook] INFO  com.zaxxer.hikari.HikariDataSource-HikariPool-1 - Shutdown completed.
2026-04-15 22:22:03.187 [main] INFO  org.perswsj.TliasWebMangementApplication-Starting TliasWebMangementApplication using Java 21.0.7 with PID 30724 (D:\coding\JavaWeb\back_end\web-ai-project02\tlias-web-mangement\target\classes started by 32188 in D:\coding\JavaWeb\back_end\web-ai-project02)
2026-04-15 22:22:03.190 [main] INFO  org.perswsj.TliasWebMangementApplication-No active profile set, falling back to 1 default profile: "default"
2026-04-15 22:22:03.920 [main] INFO  org.springframework.boot.tomcat.TomcatWebServer-Tomcat initialized with port 8080 (http)
2026-04-15 22:22:03.932 [main] INFO  org.apache.coyote.http11.Http11NioProtocol-Initializing ProtocolHandler ["http-nio-8080"]
2026-04-15 22:22:03.934 [main] INFO  org.apache.catalina.core.StandardService-Starting service [Tomcat]
2026-04-15 22:22:03.934 [main] INFO  org.apache.catalina.core.StandardEngine-Starting Servlet engine: [Apache Tomcat/11.0.18]
2026-04-15 22:22:03.990 [main] INFO  o.s.b.w.c.servlet.WebApplicationContextInitializer-Root WebApplicationContext: initialization completed in 767 ms
2026-04-15 22:22:04.470 [main] INFO  org.apache.coyote.http11.Http11NioProtocol-Starting ProtocolHandler ["http-nio-8080"]
2026-04-15 22:22:04.492 [main] INFO  org.springframework.boot.tomcat.TomcatWebServer-Tomcat started on port 8080 (http) with context path '/'
2026-04-15 22:22:04.497 [main] INFO  org.perswsj.TliasWebMangementApplication-Started TliasWebMangementApplication in 1.653 seconds (process running for 2.273)
2026-04-15 22:22:09.021 [http-nio-8080-exec-1] INFO  o.a.c.core.ContainerBase.[Tomcat].[localhost].[/]-Initializing Spring DispatcherServlet 'dispatcherServlet'
2026-04-15 22:22:09.023 [http-nio-8080-exec-1] INFO  org.springframework.web.servlet.DispatcherServlet-Initializing Servlet 'dispatcherServlet'
2026-04-15 22:22:09.023 [http-nio-8080-exec-1] INFO  org.springframework.web.servlet.DispatcherServlet-Completed initialization in 0 ms
2026-04-15 22:22:09.070 [http-nio-8080-exec-1] INFO  org.perswsj.controller.EmpController-查询员工详情，参数：52
2026-04-15 22:22:14.761 [http-nio-8080-exec-1] INFO  com.zaxxer.hikari.HikariDataSource-HikariPool-1 - Starting...
2026-04-15 22:22:16.163 [http-nio-8080-exec-1] INFO  com.zaxxer.hikari.pool.HikariPool-HikariPool-1 - Added connection com.mysql.cj.jdbc.ConnectionImpl@55248a54
2026-04-15 22:22:16.167 [http-nio-8080-exec-1] INFO  com.zaxxer.hikari.HikariDataSource-HikariPool-1 - Start completed.
2026-04-15 22:22:50.140 [SpringApplicationShutdownHook] INFO  org.springframework.boot.tomcat.GracefulShutdown-Commencing graceful shutdown. Waiting for active requests to complete
2026-04-15 22:22:50.198 [tomcat-shutdown] INFO  org.springframework.boot.tomcat.GracefulShutdown-Graceful shutdown complete
2026-04-15 22:22:50.200 [SpringApplicationShutdownHook] INFO  com.zaxxer.hikari.HikariDataSource-HikariPool-1 - Shutdown initiated...
2026-04-15 22:22:50.230 [SpringApplicationShutdownHook] INFO  com.zaxxer.hikari.HikariDataSource-HikariPool-1 - Shutdown completed.
2026-04-15 22:23:01.013 [main] INFO  org.perswsj.TliasWebMangementApplication-Starting TliasWebMangementApplication using Java 21.0.7 with PID 36904 (D:\coding\JavaWeb\back_end\web-ai-project02\tlias-web-mangement\target\classes started by 32188 in D:\coding\JavaWeb\back_end\web-ai-project02)
2026-04-15 22:23:01.016 [main] INFO  org.perswsj.TliasWebMangementApplication-No active profile set, falling back to 1 default profile: "default"
2026-04-15 22:23:01.758 [main] INFO  org.springframework.boot.tomcat.TomcatWebServer-Tomcat initialized with port 8080 (http)
2026-04-15 22:23:01.771 [main] INFO  org.apache.coyote.http11.Http11NioProtocol-Initializing ProtocolHandler ["http-nio-8080"]
2026-04-15 22:23:01.772 [main] INFO  org.apache.catalina.core.StandardService-Starting service [Tomcat]
2026-04-15 22:23:01.772 [main] INFO  org.apache.catalina.core.StandardEngine-Starting Servlet engine: [Apache Tomcat/11.0.18]
2026-04-15 22:23:01.832 [main] INFO  o.s.b.w.c.servlet.WebApplicationContextInitializer-Root WebApplicationContext: initialization completed in 782 ms
2026-04-15 22:23:02.325 [main] INFO  org.apache.coyote.http11.Http11NioProtocol-Starting ProtocolHandler ["http-nio-8080"]
2026-04-15 22:23:02.345 [main] INFO  org.springframework.boot.tomcat.TomcatWebServer-Tomcat started on port 8080 (http) with context path '/'
2026-04-15 22:23:02.349 [main] INFO  org.perswsj.TliasWebMangementApplication-Started TliasWebMangementApplication in 1.675 seconds (process running for 2.264)
2026-04-15 22:23:10.627 [http-nio-8080-exec-1] INFO  o.a.c.core.ContainerBase.[Tomcat].[localhost].[/]-Initializing Spring DispatcherServlet 'dispatcherServlet'
2026-04-15 22:23:10.628 [http-nio-8080-exec-1] INFO  org.springframework.web.servlet.DispatcherServlet-Initializing Servlet 'dispatcherServlet'
2026-04-15 22:23:10.630 [http-nio-8080-exec-1] INFO  org.springframework.web.servlet.DispatcherServlet-Completed initialization in 2 ms
2026-04-15 22:23:10.707 [http-nio-8080-exec-1] INFO  org.perswsj.controller.EmpController-查询员工详情，参数：28
2026-04-15 22:23:15.268 [http-nio-8080-exec-1] INFO  com.zaxxer.hikari.HikariDataSource-HikariPool-1 - Starting...
2026-04-15 22:23:15.280 [SpringApplicationShutdownHook] INFO  org.springframework.boot.tomcat.GracefulShutdown-Commencing graceful shutdown. Waiting for active requests to complete
2026-04-15 22:23:15.512 [http-nio-8080-exec-1] INFO  com.zaxxer.hikari.pool.HikariPool-HikariPool-1 - Added connection com.mysql.cj.jdbc.ConnectionImpl@5a1a5ef7
2026-04-15 22:23:15.514 [http-nio-8080-exec-1] INFO  com.zaxxer.hikari.HikariDataSource-HikariPool-1 - Start completed.
2026-04-15 22:23:15.665 [tomcat-shutdown] INFO  org.springframework.boot.tomcat.GracefulShutdown-Graceful shutdown complete
2026-04-15 22:23:15.667 [SpringApplicationShutdownHook] INFO  com.zaxxer.hikari.HikariDataSource-HikariPool-1 - Shutdown initiated...
2026-04-15 22:23:15.714 [SpringApplicationShutdownHook] INFO  com.zaxxer.hikari.HikariDataSource-HikariPool-1 - Shutdown completed.
2026-04-15 22:23:19.590 [main] INFO  org.perswsj.TliasWebMangementApplication-Starting TliasWebMangementApplication using Java 21.0.7 with PID 37332 (D:\coding\JavaWeb\back_end\web-ai-project02\tlias-web-mangement\target\classes started by 32188 in D:\coding\JavaWeb\back_end\web-ai-project02)
2026-04-15 22:23:19.592 [main] INFO  org.perswsj.TliasWebMangementApplication-No active profile set, falling back to 1 default profile: "default"
2026-04-15 22:23:20.440 [main] INFO  org.springframework.boot.tomcat.TomcatWebServer-Tomcat initialized with port 8080 (http)
2026-04-15 22:23:20.455 [main] INFO  org.apache.coyote.http11.Http11NioProtocol-Initializing ProtocolHandler ["http-nio-8080"]
2026-04-15 22:23:20.458 [main] INFO  org.apache.catalina.core.StandardService-Starting service [Tomcat]
2026-04-15 22:23:20.459 [main] INFO  org.apache.catalina.core.StandardEngine-Starting Servlet engine: [Apache Tomcat/11.0.18]
2026-04-15 22:23:20.528 [main] INFO  o.s.b.w.c.servlet.WebApplicationContextInitializer-Root WebApplicationContext: initialization completed in 899 ms
2026-04-15 22:23:21.066 [main] INFO  org.apache.coyote.http11.Http11NioProtocol-Starting ProtocolHandler ["http-nio-8080"]
2026-04-15 22:23:21.088 [main] INFO  org.springframework.boot.tomcat.TomcatWebServer-Tomcat started on port 8080 (http) with context path '/'
2026-04-15 22:23:21.093 [main] INFO  org.perswsj.TliasWebMangementApplication-Started TliasWebMangementApplication in 1.861 seconds (process running for 2.496)
2026-04-15 22:23:28.479 [http-nio-8080-exec-1] INFO  o.a.c.core.ContainerBase.[Tomcat].[localhost].[/]-Initializing Spring DispatcherServlet 'dispatcherServlet'
2026-04-15 22:23:28.479 [http-nio-8080-exec-1] INFO  org.springframework.web.servlet.DispatcherServlet-Initializing Servlet 'dispatcherServlet'
2026-04-15 22:23:28.480 [http-nio-8080-exec-1] INFO  org.springframework.web.servlet.DispatcherServlet-Completed initialization in 1 ms
2026-04-15 22:23:28.527 [http-nio-8080-exec-1] INFO  org.perswsj.controller.EmpController-查询员工详情，参数：52
2026-04-15 22:23:28.560 [http-nio-8080-exec-1] INFO  com.zaxxer.hikari.HikariDataSource-HikariPool-1 - Starting...
2026-04-15 22:23:29.083 [http-nio-8080-exec-1] INFO  com.zaxxer.hikari.pool.HikariPool-HikariPool-1 - Added connection com.mysql.cj.jdbc.ConnectionImpl@37c017ca
2026-04-15 22:23:29.086 [http-nio-8080-exec-1] INFO  com.zaxxer.hikari.HikariDataSource-HikariPool-1 - Start completed.
2026-04-15 22:23:29.291 [http-nio-8080-exec-3] INFO  org.perswsj.controller.EmpController-查询员工详情，参数：52
2026-04-15 22:23:29.304 [http-nio-8080-exec-2] INFO  org.perswsj.controller.EmpController-查询员工详情，参数：52
2026-04-15 22:23:35.615 [http-nio-8080-exec-5] INFO  org.perswsj.controller.EmpController-查询员工详情，参数：28
2026-04-15 22:23:42.241 [http-nio-8080-exec-6] INFO  org.perswsj.controller.EmpController-分页查询员工列表数据，参数：EmpQueryParam(page=2, pageSize=10, name=, gender=null, begin=null, end=null)
2026-04-15 22:23:43.246 [http-nio-8080-exec-9] INFO  org.perswsj.controller.EmpController-分页查询员工列表数据，参数：EmpQueryParam(page=3, pageSize=10, name=, gender=null, begin=null, end=null)
2026-04-15 22:23:44.957 [http-nio-8080-exec-7] INFO  org.perswsj.controller.EmpController-分页查询员工列表数据，参数：EmpQueryParam(page=1, pageSize=10, name=, gender=null, begin=null, end=null)
2026-04-15 22:28:14.185 [SpringApplicationShutdownHook] INFO  org.springframework.boot.tomcat.GracefulShutdown-Commencing graceful shutdown. Waiting for active requests to complete
2026-04-15 22:28:14.190 [tomcat-shutdown] INFO  org.springframework.boot.tomcat.GracefulShutdown-Graceful shutdown complete
2026-04-15 22:28:14.193 [SpringApplicationShutdownHook] INFO  com.zaxxer.hikari.HikariDataSource-HikariPool-1 - Shutdown initiated...
2026-04-15 22:28:14.197 [SpringApplicationShutdownHook] INFO  com.zaxxer.hikari.HikariDataSource-HikariPool-1 - Shutdown completed.
